Symlinking /home/k21066336/tiago_public_ws/devel/share/pcl_segmentation/cmake/pcl_segmentationConfig-version.cmake
Symlinking /home/k21066336/tiago_public_ws/devel/share/pcl_segmentation/cmake/pcl_segmentation-msg-paths.cmake
Symlinking /home/k21066336/tiago_public_ws/devel/share/pcl_segmentation/cmake/pcl_segmentation-msg-extras.cmake
Symlinking /home/k21066336/tiago_public_ws/devel/share/pcl_segmentation/cmake/pcl_segmentationConfig.cmake
Symlinking /home/k21066336/tiago_public_ws/devel/share/gennodejs/ros/pcl_segmentation/_index.js
Symlinking /home/k21066336/tiago_public_ws/devel/share/gennodejs/ros/pcl_segmentation/srv/SegmentCuboid.js
Symlinking /home/k21066336/tiago_public_ws/devel/share/gennodejs/ros/pcl_segmentation/srv/_index.js
Symlinking /home/k21066336/tiago_public_ws/devel/share/gennodejs/ros/pcl_segmentation/srv/SegmentBB.js
Symlinking /home/k21066336/tiago_public_ws/devel/share/gennodejs/ros/pcl_segmentation/srv/MaskFromCuboid.js
Symlinking /home/k21066336/tiago_public_ws/devel/share/gennodejs/ros/pcl_segmentation/srv/Centroid.js
Symlinking /home/k21066336/tiago_public_ws/devel/share/common-lisp/ros/pcl_segmentation/srv/_package_MaskFromCuboid.lisp
Symlinking /home/k21066336/tiago_public_ws/devel/share/common-lisp/ros/pcl_segmentation/srv/_package_SegmentBB.lisp
Symlinking /home/k21066336/tiago_public_ws/devel/share/common-lisp/ros/pcl_segmentation/srv/MaskFromCuboid.lisp
Symlinking /home/k21066336/tiago_public_ws/devel/share/common-lisp/ros/pcl_segmentation/srv/_package_Centroid.lisp
Symlinking /home/k21066336/tiago_public_ws/devel/share/common-lisp/ros/pcl_segmentation/srv/SegmentBB.lisp
Symlinking /home/k21066336/tiago_public_ws/devel/share/common-lisp/ros/pcl_segmentation/srv/pcl_segmentation-srv.asd
Symlinking /home/k21066336/tiago_public_ws/devel/share/common-lisp/ros/pcl_segmentation/srv/Centroid.lisp
Symlinking /home/k21066336/tiago_public_ws/devel/share/common-lisp/ros/pcl_segmentation/srv/_package.lisp
Symlinking /home/k21066336/tiago_public_ws/devel/share/common-lisp/ros/pcl_segmentation/srv/SegmentCuboid.lisp
Symlinking /home/k21066336/tiago_public_ws/devel/share/common-lisp/ros/pcl_segmentation/srv/_package_SegmentCuboid.lisp
Symlinking /home/k21066336/tiago_public_ws/devel/share/roseus/ros/pcl_segmentation/manifest.l
Symlinking /home/k21066336/tiago_public_ws/devel/share/roseus/ros/pcl_segmentation/srv/SegmentCuboid.l
Symlinking /home/k21066336/tiago_public_ws/devel/share/roseus/ros/pcl_segmentation/srv/Centroid.l
Symlinking /home/k21066336/tiago_public_ws/devel/share/roseus/ros/pcl_segmentation/srv/MaskFromCuboid.l
Symlinking /home/k21066336/tiago_public_ws/devel/share/roseus/ros/pcl_segmentation/srv/SegmentBB.l
Symlinking /home/k21066336/tiago_public_ws/devel/include/pcl_segmentation/SegmentBB.h
Symlinking /home/k21066336/tiago_public_ws/devel/include/pcl_segmentation/MaskFromCuboid.h
Symlinking /home/k21066336/tiago_public_ws/devel/include/pcl_segmentation/SegmentBBRequest.h
Symlinking /home/k21066336/tiago_public_ws/devel/include/pcl_segmentation/CentroidRequest.h
Symlinking /home/k21066336/tiago_public_ws/devel/include/pcl_segmentation/Centroid.h
Symlinking /home/k21066336/tiago_public_ws/devel/include/pcl_segmentation/SegmentBBResponse.h
Symlinking /home/k21066336/tiago_public_ws/devel/include/pcl_segmentation/SegmentCuboidResponse.h
Symlinking /home/k21066336/tiago_public_ws/devel/include/pcl_segmentation/MaskFromCuboidResponse.h
Symlinking /home/k21066336/tiago_public_ws/devel/include/pcl_segmentation/CentroidResponse.h
Symlinking /home/k21066336/tiago_public_ws/devel/include/pcl_segmentation/SegmentCuboidRequest.h
Symlinking /home/k21066336/tiago_public_ws/devel/include/pcl_segmentation/MaskFromCuboidRequest.h
Symlinking /home/k21066336/tiago_public_ws/devel/include/pcl_segmentation/SegmentCuboid.h
Symlinking /home/k21066336/tiago_public_ws/devel/lib/pcl_segmentation/pcl_segmentation_server
Symlinking /home/k21066336/tiago_public_ws/devel/lib/python3/dist-packages/pcl_segmentation/__init__.py
Symlinking /home/k21066336/tiago_public_ws/devel/lib/python3/dist-packages/pcl_segmentation/srv/_SegmentCuboid.py
Symlinking /home/k21066336/tiago_public_ws/devel/lib/python3/dist-packages/pcl_segmentation/srv/_Centroid.py
Symlinking /home/k21066336/tiago_public_ws/devel/lib/python3/dist-packages/pcl_segmentation/srv/__init__.py
Symlinking /home/k21066336/tiago_public_ws/devel/lib/python3/dist-packages/pcl_segmentation/srv/_MaskFromCuboid.py
Symlinking /home/k21066336/tiago_public_ws/devel/lib/python3/dist-packages/pcl_segmentation/srv/_SegmentBB.py
Symlinking /home/k21066336/tiago_public_ws/devel/lib/pkgconfig/pcl_segmentation.pc
