make: Warning: File 'Makefile' has modification time 0.38 s in the future
make[1]: Warning: File 'CMakeFiles/Makefile2' has modification time 0.87 s in the future
make[2]: Warning: File 'CMakeFiles/std_srvs_generate_messages_eus.dir/progress.make' has modification time 0.77 s in the future
[35m[1mScanning dependencies of target std_srvs_generate_messages_eus[0m
make[2]: Warning: File 'CMakeFiles/_pcl_segmentation_generate_messages_check_deps_MaskFromCuboid.dir/progress.make' has modification time 0.53 s in the future
make[2]: warning:  Clock skew detected.  Your build may be incomplete.
make[2]: Warning: File 'CMakeFiles/std_srvs_generate_messages_eus.dir/progress.make' has modification time 0.74 s in the future
make[2]: warning:  Clock skew detected.  Your build may be incomplete.
make[2]: Warning: File 'CMakeFiles/_pcl_segmentation_generate_messages_check_deps_SegmentBB.dir/progress.make' has modification time 0.53 s in the future
[35m[1mScanning dependencies of target _pcl_segmentation_generate_messages_check_deps_MaskFromCuboid[0m
[  0%] Built target std_srvs_generate_messages_eus
[35m[1mScanning dependencies of target _pcl_segmentation_generate_messages_check_deps_SegmentBB[0m
make[2]: Warning: File 'CMakeFiles/_pcl_segmentation_generate_messages_check_deps_SegmentCuboid.dir/progress.make' has modification time 0.51 s in the future
make[2]: warning:  Clock skew detected.  Your build may be incomplete.
make[2]: Warning: File 'CMakeFiles/_pcl_segmentation_generate_messages_check_deps_MaskFromCuboid.dir/progress.make' has modification time 0.5 s in the future
make[2]: warning:  Clock skew detected.  Your build may be incomplete.
make[2]: Warning: File 'CMakeFiles/_pcl_segmentation_generate_messages_check_deps_SegmentBB.dir/progress.make' has modification time 0.5 s in the future
[35m[1mScanning dependencies of target _pcl_segmentation_generate_messages_check_deps_SegmentCuboid[0m
make[2]: warning:  Clock skew detected.  Your build may be incomplete.
make[2]: Warning: File 'CMakeFiles/_pcl_segmentation_generate_messages_check_deps_SegmentCuboid.dir/progress.make' has modification time 0.48 s in the future
make[2]: warning:  Clock skew detected.  Your build may be incomplete.
make[2]: warning:  Clock skew detected.  Your build may be incomplete.
[  0%] Built target _pcl_segmentation_generate_messages_check_deps_MaskFromCuboid
[  0%] Built target _pcl_segmentation_generate_messages_check_deps_SegmentBB
make[2]: Warning: File 'CMakeFiles/std_msgs_generate_messages_py.dir/progress.make' has modification time 0.64 s in the future
make[2]: Warning: File 'CMakeFiles/_pcl_segmentation_generate_messages_check_deps_Centroid.dir/progress.make' has modification time 0.42 s in the future
make[2]: warning:  Clock skew detected.  Your build may be incomplete.
[35m[1mScanning dependencies of target std_msgs_generate_messages_py[0m
[35m[1mScanning dependencies of target _pcl_segmentation_generate_messages_check_deps_Centroid[0m
[  0%] Built target _pcl_segmentation_generate_messages_check_deps_SegmentCuboid
make[2]: warning:  Clock skew detected.  Your build may be incomplete.
make[2]: Warning: File 'CMakeFiles/geometry_msgs_generate_messages_py.dir/progress.make' has modification time 0.48 s in the future
make[2]: Warning: File 'CMakeFiles/std_msgs_generate_messages_py.dir/progress.make' has modification time 0.61 s in the future
make[2]: warning:  Clock skew detected.  Your build may be incomplete.
make[2]: warning:  Clock skew detected.  Your build may be incomplete.
make[2]: Warning: File 'CMakeFiles/_pcl_segmentation_generate_messages_check_deps_Centroid.dir/progress.make' has modification time 0.4 s in the future
[35m[1mScanning dependencies of target geometry_msgs_generate_messages_py[0m
[  0%] Built target std_msgs_generate_messages_py
make[2]: Warning: File 'CMakeFiles/sensor_msgs_generate_messages_py.dir/progress.make' has modification time 0.58 s in the future
make[2]: warning:  Clock skew detected.  Your build may be incomplete.
make[2]: Warning: File 'CMakeFiles/geometry_msgs_generate_messages_py.dir/progress.make' has modification time 0.46 s in the future
make[2]: warning:  Clock skew detected.  Your build may be incomplete.
[35m[1mScanning dependencies of target sensor_msgs_generate_messages_py[0m
[  0%] Built target geometry_msgs_generate_messages_py
make[2]: Warning: File 'CMakeFiles/std_msgs_generate_messages_nodejs.dir/progress.make' has modification time 0.57 s in the future
make[2]: Warning: File 'CMakeFiles/geometry_msgs_generate_messages_nodejs.dir/progress.make' has modification time 0.44 s in the future
make[2]: warning:  Clock skew detected.  Your build may be incomplete.
make[2]: Warning: File 'CMakeFiles/sensor_msgs_generate_messages_py.dir/progress.make' has modification time 0.55 s in the future
make[2]: warning:  Clock skew detected.  Your build may be incomplete.
[35m[1mScanning dependencies of target std_msgs_generate_messages_nodejs[0m
[35m[1mScanning dependencies of target geometry_msgs_generate_messages_nodejs[0m
[  0%] Built target sensor_msgs_generate_messages_py
make[2]: warning:  Clock skew detected.  Your build may be incomplete.
make[2]: warning:  Clock skew detected.  Your build may be incomplete.
make[2]: Warning: File 'CMakeFiles/std_msgs_generate_messages_nodejs.dir/progress.make' has modification time 0.54 s in the future
make[2]: warning:  Clock skew detected.  Your build may be incomplete.
make[2]: warning:  Clock skew detected.  Your build may be incomplete.
make[2]: Warning: File 'CMakeFiles/sensor_msgs_generate_messages_nodejs.dir/progress.make' has modification time 0.53 s in the future
make[2]: Warning: File 'CMakeFiles/geometry_msgs_generate_messages_nodejs.dir/progress.make' has modification time 0.41 s in the future
make[2]: warning:  Clock skew detected.  Your build may be incomplete.
[  0%] Built target _pcl_segmentation_generate_messages_check_deps_Centroid
make[2]: Warning: File 'CMakeFiles/geometry_msgs_generate_messages_eus.dir/progress.make' has modification time 0.4 s in the future
[  0%] Built target std_msgs_generate_messages_nodejs
make[2]: Warning: File 'CMakeFiles/std_msgs_generate_messages_eus.dir/progress.make' has modification time 0.52 s in the future
[35m[1mScanning dependencies of target sensor_msgs_generate_messages_nodejs[0m
[  0%] Built target geometry_msgs_generate_messages_nodejs
[35m[1mScanning dependencies of target geometry_msgs_generate_messages_eus[0m
make[2]: warning:  Clock skew detected.  Your build may be incomplete.
make[2]: Warning: File 'CMakeFiles/sensor_msgs_generate_messages_nodejs.dir/progress.make' has modification time 0.5 s in the future
make[2]: Warning: File 'CMakeFiles/sensor_msgs_generate_messages_eus.dir/progress.make' has modification time 0.49 s in the future
make[2]: warning:  Clock skew detected.  Your build may be incomplete.
[35m[1mScanning dependencies of target std_msgs_generate_messages_eus[0m
make[2]: warning:  Clock skew detected.  Your build may be incomplete.
make[2]: Warning: File 'CMakeFiles/geometry_msgs_generate_messages_eus.dir/progress.make' has modification time 0.37 s in the future
make[2]: warning:  Clock skew detected.  Your build may be incomplete.
make[2]: warning:  Clock skew detected.  Your build may be incomplete.
[  0%] Built target sensor_msgs_generate_messages_nodejs
[35m[1mScanning dependencies of target sensor_msgs_generate_messages_eus[0m
make[2]: Warning: File 'CMakeFiles/std_msgs_generate_messages_eus.dir/progress.make' has modification time 0.5 s in the future
make[2]: warning:  Clock skew detected.  Your build may be incomplete.
make[2]: Warning: File 'CMakeFiles/tf2_msgs_generate_messages_nodejs.dir/progress.make' has modification time 0.53 s in the future
make[2]: warning:  Clock skew detected.  Your build may be incomplete.
[  0%] Built target geometry_msgs_generate_messages_eus
make[2]: Warning: File 'CMakeFiles/sensor_msgs_generate_messages_eus.dir/progress.make' has modification time 0.47 s in the future
make[2]: warning:  Clock skew detected.  Your build may be incomplete.
[  0%] Built target std_msgs_generate_messages_eus
make[2]: Warning: File 'CMakeFiles/tf2_msgs_generate_messages_lisp.dir/progress.make' has modification time 0.51 s in the future
make[2]: Warning: File 'CMakeFiles/actionlib_msgs_generate_messages_py.dir/progress.make' has modification time 0.31 s in the future
[35m[1mScanning dependencies of target tf2_msgs_generate_messages_nodejs[0m
[  0%] Built target sensor_msgs_generate_messages_eus
make[2]: warning:  Clock skew detected.  Your build may be incomplete.
[35m[1mScanning dependencies of target tf2_msgs_generate_messages_lisp[0m
make[2]: Warning: File 'CMakeFiles/tf2_msgs_generate_messages_nodejs.dir/progress.make' has modification time 0.5 s in the future
make[2]: warning:  Clock skew detected.  Your build may be incomplete.
make[2]: Warning: File 'CMakeFiles/actionlib_msgs_generate_messages_cpp.dir/progress.make' has modification time 0.29 s in the future
[35m[1mScanning dependencies of target actionlib_msgs_generate_messages_py[0m
make[2]: warning:  Clock skew detected.  Your build may be incomplete.
make[2]: Warning: File 'CMakeFiles/tf2_msgs_generate_messages_lisp.dir/progress.make' has modification time 0.49 s in the future
make[2]: warning:  Clock skew detected.  Your build may be incomplete.
make[2]: warning:  Clock skew detected.  Your build may be incomplete.
[  0%] Built target tf2_msgs_generate_messages_nodejs
make[2]: Warning: File 'CMakeFiles/actionlib_msgs_generate_messages_py.dir/progress.make' has modification time 0.28 s in the future
make[2]: warning:  Clock skew detected.  Your build may be incomplete.
make[2]: Warning: File 'CMakeFiles/actionlib_generate_messages_py.dir/progress.make' has modification time 0.27 s in the future
[35m[1mScanning dependencies of target actionlib_msgs_generate_messages_cpp[0m
[  0%] Built target tf2_msgs_generate_messages_lisp
make[2]: warning:  Clock skew detected.  Your build may be incomplete.
[  0%] Built target actionlib_msgs_generate_messages_py
make[2]: Warning: File 'CMakeFiles/actionlib_msgs_generate_messages_cpp.dir/progress.make' has modification time 0.26 s in the future
make[2]: warning:  Clock skew detected.  Your build may be incomplete.
make[2]: Warning: File 'CMakeFiles/actionlib_generate_messages_nodejs.dir/progress.make' has modification time 0.25 s in the future
[35m[1mScanning dependencies of target actionlib_generate_messages_py[0m
make[2]: Warning: File 'CMakeFiles/actionlib_generate_messages_cpp.dir/progress.make' has modification time 0.24 s in the future
make[2]: warning:  Clock skew detected.  Your build may be incomplete.
[  0%] Built target actionlib_msgs_generate_messages_cpp
make[2]: Warning: File 'CMakeFiles/actionlib_generate_messages_py.dir/progress.make' has modification time 0.24 s in the future
make[2]: warning:  Clock skew detected.  Your build may be incomplete.
make[2]: Warning: File 'CMakeFiles/tf_generate_messages_nodejs.dir/progress.make' has modification time 0.47 s in the future
[35m[1mScanning dependencies of target actionlib_generate_messages_cpp[0m
[35m[1mScanning dependencies of target actionlib_generate_messages_nodejs[0m
make[2]: warning:  Clock skew detected.  Your build may be incomplete.
[  0%] Built target actionlib_generate_messages_py
make[2]: warning:  Clock skew detected.  Your build may be incomplete.
make[2]: Warning: File 'CMakeFiles/actionlib_generate_messages_cpp.dir/progress.make' has modification time 0.22 s in the future
make[2]: warning:  Clock skew detected.  Your build may be incomplete.
make[2]: Warning: File 'CMakeFiles/actionlib_generate_messages_nodejs.dir/progress.make' has modification time 0.23 s in the future
make[2]: warning:  Clock skew detected.  Your build may be incomplete.
make[2]: Warning: File 'CMakeFiles/tf_generate_messages_lisp.dir/progress.make' has modification time 0.46 s in the future
[35m[1mScanning dependencies of target tf_generate_messages_nodejs[0m
[  0%] Built target actionlib_generate_messages_cpp
make[2]: warning:  Clock skew detected.  Your build may be incomplete.
make[2]: Warning: File 'CMakeFiles/tf_generate_messages_nodejs.dir/progress.make' has modification time 0.45 s in the future
make[2]: Warning: File 'CMakeFiles/tf_generate_messages_cpp.dir/progress.make' has modification time 0.44 s in the future
make[2]: warning:  Clock skew detected.  Your build may be incomplete.
[  0%] Built target actionlib_generate_messages_nodejs
[35m[1mScanning dependencies of target tf_generate_messages_lisp[0m
make[2]: Warning: File 'CMakeFiles/topic_tools_generate_messages_nodejs.dir/progress.make' has modification time 0.46 s in the future
make[2]: warning:  Clock skew detected.  Your build may be incomplete.
[  0%] Built target tf_generate_messages_nodejs
make[2]: Warning: File 'CMakeFiles/tf_generate_messages_lisp.dir/progress.make' has modification time 0.43 s in the future
[35m[1mScanning dependencies of target tf_generate_messages_cpp[0m
make[2]: warning:  Clock skew detected.  Your build may be incomplete.
make[2]: Warning: File 'CMakeFiles/topic_tools_generate_messages_lisp.dir/progress.make' has modification time 0.44 s in the future
[35m[1mScanning dependencies of target topic_tools_generate_messages_nodejs[0m
make[2]: warning:  Clock skew detected.  Your build may be incomplete.
make[2]: Warning: File 'CMakeFiles/tf_generate_messages_cpp.dir/progress.make' has modification time 0.42 s in the future
make[2]: warning:  Clock skew detected.  Your build may be incomplete.
[  0%] Built target tf_generate_messages_lisp
make[2]: warning:  Clock skew detected.  Your build may be incomplete.
make[2]: Warning: File 'CMakeFiles/topic_tools_generate_messages_nodejs.dir/progress.make' has modification time 0.43 s in the future
make[2]: Warning: File 'CMakeFiles/topic_tools_generate_messages_eus.dir/progress.make' has modification time 0.43 s in the future
make[2]: warning:  Clock skew detected.  Your build may be incomplete.
[35m[1mScanning dependencies of target topic_tools_generate_messages_lisp[0m
[  0%] Built target tf_generate_messages_cpp
make[2]: warning:  Clock skew detected.  Your build may be incomplete.
make[2]: Warning: File 'CMakeFiles/actionlib_msgs_generate_messages_eus.dir/progress.make' has modification time 0.18 s in the future
make[2]: Warning: File 'CMakeFiles/topic_tools_generate_messages_lisp.dir/progress.make' has modification time 0.42 s in the future
make[2]: warning:  Clock skew detected.  Your build may be incomplete.
[35m[1mScanning dependencies of target topic_tools_generate_messages_eus[0m
[  0%] Built target topic_tools_generate_messages_nodejs
make[2]: warning:  Clock skew detected.  Your build may be incomplete.
[  0%] Built target topic_tools_generate_messages_lisp
make[2]: Warning: File 'CMakeFiles/dynamic_reconfigure_generate_messages_py.dir/progress.make' has modification time 0.21 s in the future
make[2]: Warning: File 'CMakeFiles/topic_tools_generate_messages_eus.dir/progress.make' has modification time 0.4 s in the future
make[2]: warning:  Clock skew detected.  Your build may be incomplete.
[35m[1mScanning dependencies of target actionlib_msgs_generate_messages_eus[0m
make[2]: Warning: File 'CMakeFiles/std_msgs_generate_messages_lisp.dir/progress.make' has modification time 0.34 s in the future
make[2]: warning:  Clock skew detected.  Your build may be incomplete.
[  0%] Built target topic_tools_generate_messages_eus
[35m[1mScanning dependencies of target dynamic_reconfigure_generate_messages_py[0m
make[2]: Warning: File 'CMakeFiles/actionlib_msgs_generate_messages_eus.dir/progress.make' has modification time 0.15 s in the future
make[2]: warning:  Clock skew detected.  Your build may be incomplete.
make[2]: Warning: File 'CMakeFiles/pcl_msgs_generate_messages_cpp.dir/progress.make' has modification time 0.23 s in the future
[35m[1mScanning dependencies of target std_msgs_generate_messages_lisp[0m
make[2]: warning:  Clock skew detected.  Your build may be incomplete.
make[2]: Warning: File 'CMakeFiles/dynamic_reconfigure_generate_messages_py.dir/progress.make' has modification time 0.19 s in the future
make[2]: warning:  Clock skew detected.  Your build may be incomplete.
make[2]: warning:  Clock skew detected.  Your build may be incomplete.
[  0%] Built target actionlib_msgs_generate_messages_eus
make[2]: Warning: File 'CMakeFiles/std_msgs_generate_messages_lisp.dir/progress.make' has modification time 0.32 s in the future
make[2]: warning:  Clock skew detected.  Your build may be incomplete.
[35m[1mScanning dependencies of target pcl_msgs_generate_messages_cpp[0m
make[2]: Warning: File 'CMakeFiles/sensor_msgs_generate_messages_cpp.dir/progress.make' has modification time 0.29 s in the future
[  0%] Built target dynamic_reconfigure_generate_messages_py
make[2]: warning:  Clock skew detected.  Your build may be incomplete.
[  0%] Built target std_msgs_generate_messages_lisp
make[2]: Warning: File 'CMakeFiles/pcl_msgs_generate_messages_cpp.dir/progress.make' has modification time 0.21 s in the future
make[2]: warning:  Clock skew detected.  Your build may be incomplete.
make[2]: Warning: File 'CMakeFiles/dynamic_reconfigure_generate_messages_lisp.dir/progress.make' has modification time 0.16 s in the future
make[2]: Warning: File 'CMakeFiles/tf2_msgs_generate_messages_cpp.dir/progress.make' has modification time 0.33 s in the future
[35m[1mScanning dependencies of target sensor_msgs_generate_messages_cpp[0m
[  0%] Built target pcl_msgs_generate_messages_cpp
make[2]: warning:  Clock skew detected.  Your build may be incomplete.
make[2]: Warning: File 'CMakeFiles/sensor_msgs_generate_messages_cpp.dir/progress.make' has modification time 0.27 s in the future
[35m[1mScanning dependencies of target tf2_msgs_generate_messages_cpp[0m
make[2]: Warning: File 'CMakeFiles/std_srvs_generate_messages_lisp.dir/progress.make' has modification time 0.3 s in the future
make[2]: warning:  Clock skew detected.  Your build may be incomplete.
[35m[1mScanning dependencies of target dynamic_reconfigure_generate_messages_lisp[0m
[  0%] Built target sensor_msgs_generate_messages_cpp
[35m[1mScanning dependencies of target std_srvs_generate_messages_lisp[0m
make[2]: Warning: File 'CMakeFiles/dynamic_reconfigure_gencfg.dir/progress.make' has modification time 0.12 s in the future
make[2]: warning:  Clock skew detected.  Your build may be incomplete.
make[2]: warning:  Clock skew detected.  Your build may be incomplete.
make[2]: Warning: File 'CMakeFiles/tf2_msgs_generate_messages_cpp.dir/progress.make' has modification time 0.29 s in the future
make[2]: Warning: File 'CMakeFiles/dynamic_reconfigure_generate_messages_lisp.dir/progress.make' has modification time 0.13 s in the future
make[2]: warning:  Clock skew detected.  Your build may be incomplete.
make[2]: warning:  Clock skew detected.  Your build may be incomplete.
[  0%] Built target tf2_msgs_generate_messages_cpp
[  0%] Built target dynamic_reconfigure_generate_messages_lisp
[35m[1mScanning dependencies of target dynamic_reconfigure_gencfg[0m
make[2]: Warning: File 'CMakeFiles/nodelet_generate_messages_cpp.dir/progress.make' has modification time 0.14 s in the future
make[2]: Warning: File 'CMakeFiles/pcl_ros_gencfg.dir/progress.make' has modification time 0.17 s in the future
make[2]: warning:  Clock skew detected.  Your build may be incomplete.
make[2]: Warning: File 'CMakeFiles/std_srvs_generate_messages_lisp.dir/progress.make' has modification time 0.26 s in the future
make[2]: warning:  Clock skew detected.  Your build may be incomplete.
make[2]: warning:  Clock skew detected.  Your build may be incomplete.
make[2]: Warning: File 'CMakeFiles/dynamic_reconfigure_gencfg.dir/progress.make' has modification time 0.099 s in the future
make[2]: warning:  Clock skew detected.  Your build may be incomplete.
[35m[1mScanning dependencies of target nodelet_generate_messages_cpp[0m
[35m[1mScanning dependencies of target pcl_ros_gencfg[0m
[  0%] Built target std_srvs_generate_messages_lisp
[  0%] Built target dynamic_reconfigure_gencfg
make[2]: Warning: File 'CMakeFiles/std_msgs_generate_messages_cpp.dir/progress.make' has modification time 0.23 s in the future
make[2]: warning:  Clock skew detected.  Your build may be incomplete.
make[2]: warning:  Clock skew detected.  Your build may be incomplete.
make[2]: Warning: File 'CMakeFiles/rosgraph_msgs_generate_messages_nodejs.dir/progress.make' has modification time 0.2 s in the future
make[2]: Warning: File 'CMakeFiles/nodelet_generate_messages_cpp.dir/progress.make' has modification time 0.12 s in the future
make[2]: warning:  Clock skew detected.  Your build may be incomplete.
make[2]: Warning: File 'CMakeFiles/pcl_ros_gencfg.dir/progress.make' has modification time 0.15 s in the future
make[2]: warning:  Clock skew detected.  Your build may be incomplete.
[35m[1mScanning dependencies of target std_msgs_generate_messages_cpp[0m
[  0%] Built target nodelet_generate_messages_cpp
[35m[1mScanning dependencies of target rosgraph_msgs_generate_messages_nodejs[0m
[  0%] Built target pcl_ros_gencfg
make[2]: Warning: File 'CMakeFiles/nodelet_generate_messages_lisp.dir/progress.make' has modification time 0.11 s in the future
make[2]: Warning: File 'CMakeFiles/actionlib_generate_messages_lisp.dir/progress.make' has modification time 0.023 s in the future
make[2]: warning:  Clock skew detected.  Your build may be incomplete.
make[2]: warning:  Clock skew detected.  Your build may be incomplete.
[35m[1mScanning dependencies of target nodelet_generate_messages_lisp[0m
[35m[1mScanning dependencies of target actionlib_generate_messages_lisp[0m
make[2]: Warning: File 'CMakeFiles/rosgraph_msgs_generate_messages_nodejs.dir/progress.make' has modification time 0.17 s in the future
make[2]: Warning: File 'CMakeFiles/std_msgs_generate_messages_cpp.dir/progress.make' has modification time 0.19 s in the future
make[2]: warning:  Clock skew detected.  Your build may be incomplete.
make[2]: warning:  Clock skew detected.  Your build may be incomplete.
make[2]: warning:  Clock skew detected.  Your build may be incomplete.
make[2]: warning:  Clock skew detected.  Your build may be incomplete.
make[2]: Warning: File 'CMakeFiles/nodelet_generate_messages_lisp.dir/progress.make' has modification time 0.082 s in the future
make[2]: warning:  Clock skew detected.  Your build may be incomplete.
[  0%] Built target rosgraph_msgs_generate_messages_nodejs
[  0%] Built target std_msgs_generate_messages_cpp
make[2]: Warning: File 'CMakeFiles/roscpp_generate_messages_lisp.dir/progress.make' has modification time 0.14 s in the future
make[2]: Warning: File 'CMakeFiles/std_srvs_generate_messages_cpp.dir/progress.make' has modification time 0.19 s in the future
[  0%] Built target actionlib_generate_messages_lisp
make[2]: Warning: File 'CMakeFiles/tf_generate_messages_eus.dir/progress.make' has modification time 0.21 s in the future
[  0%] Built target nodelet_generate_messages_lisp
make[2]: Warning: File 'CMakeFiles/rosgraph_msgs_generate_messages_lisp.dir/progress.make' has modification time 0.14 s in the future
[35m[1mScanning dependencies of target roscpp_generate_messages_lisp[0m
[35m[1mScanning dependencies of target std_srvs_generate_messages_cpp[0m
make[2]: warning:  Clock skew detected.  Your build may be incomplete.
make[2]: warning:  Clock skew detected.  Your build may be incomplete.
make[2]: Warning: File 'CMakeFiles/roscpp_generate_messages_lisp.dir/progress.make' has modification time 0.11 s in the future
[35m[1mScanning dependencies of target tf_generate_messages_eus[0m
make[2]: warning:  Clock skew detected.  Your build may be incomplete.
make[2]: Warning: File 'CMakeFiles/std_srvs_generate_messages_cpp.dir/progress.make' has modification time 0.16 s in the future
make[2]: warning:  Clock skew detected.  Your build may be incomplete.
[35m[1mScanning dependencies of target rosgraph_msgs_generate_messages_lisp[0m
make[2]: warning:  Clock skew detected.  Your build may be incomplete.
make[2]: Warning: File 'CMakeFiles/tf_generate_messages_eus.dir/progress.make' has modification time 0.19 s in the future
make[2]: warning:  Clock skew detected.  Your build may be incomplete.
[  0%] Built target roscpp_generate_messages_lisp
make[2]: warning:  Clock skew detected.  Your build may be incomplete.
make[2]: Warning: File 'CMakeFiles/rosgraph_msgs_generate_messages_lisp.dir/progress.make' has modification time 0.11 s in the future
make[2]: warning:  Clock skew detected.  Your build may be incomplete.
[  0%] Built target std_srvs_generate_messages_cpp
make[2]: Warning: File 'CMakeFiles/geometry_msgs_generate_messages_cpp.dir/progress.make' has modification time 0.0032 s in the future
make[2]: Warning: File 'CMakeFiles/rosgraph_msgs_generate_messages_py.dir/progress.make' has modification time 0.11 s in the future
[  0%] Built target tf_generate_messages_eus
make[2]: Warning: File 'CMakeFiles/roscpp_generate_messages_py.dir/progress.make' has modification time 0.088 s in the future
[  0%] Built target rosgraph_msgs_generate_messages_lisp
[35m[1mScanning dependencies of target geometry_msgs_generate_messages_cpp[0m
[35m[1mScanning dependencies of target rosgraph_msgs_generate_messages_py[0m
make[2]: Warning: File 'CMakeFiles/topic_tools_generate_messages_py.dir/progress.make' has modification time 0.18 s in the future
make[2]: warning:  Clock skew detected.  Your build may be incomplete.
make[2]: warning:  Clock skew detected.  Your build may be incomplete.
make[2]: Warning: File 'CMakeFiles/rosgraph_msgs_generate_messages_py.dir/progress.make' has modification time 0.086 s in the future
[35m[1mScanning dependencies of target roscpp_generate_messages_py[0m
make[2]: warning:  Clock skew detected.  Your build may be incomplete.
[35m[1mScanning dependencies of target topic_tools_generate_messages_py[0m
make[2]: warning:  Clock skew detected.  Your build may be incomplete.
make[2]: Warning: File 'CMakeFiles/roscpp_generate_messages_py.dir/progress.make' has modification time 0.062 s in the future
[  0%] Built target geometry_msgs_generate_messages_cpp
make[2]: warning:  Clock skew detected.  Your build may be incomplete.
make[2]: warning:  Clock skew detected.  Your build may be incomplete.
make[2]: Warning: File 'CMakeFiles/topic_tools_generate_messages_py.dir/progress.make' has modification time 0.16 s in the future
[  0%] Built target rosgraph_msgs_generate_messages_py
make[2]: warning:  Clock skew detected.  Your build may be incomplete.
make[2]: Warning: File 'CMakeFiles/roscpp_generate_messages_cpp.dir/progress.make' has modification time 0.044 s in the future
make[2]: Warning: File 'CMakeFiles/roscpp_generate_messages_eus.dir/progress.make' has modification time 0.045 s in the future
[  0%] Built target roscpp_generate_messages_py
[  0%] Built target topic_tools_generate_messages_py
[35m[1mScanning dependencies of target roscpp_generate_messages_cpp[0m
[35m[1mScanning dependencies of target roscpp_generate_messages_eus[0m
make[2]: warning:  Clock skew detected.  Your build may be incomplete.
make[2]: warning:  Clock skew detected.  Your build may be incomplete.
[35m[1mScanning dependencies of target dynamic_reconfigure_generate_messages_cpp[0m
make[2]: Warning: File 'CMakeFiles/roscpp_generate_messages_cpp.dir/progress.make' has modification time 0.013 s in the future
make[2]: Warning: File 'CMakeFiles/roscpp_generate_messages_eus.dir/progress.make' has modification time 0.016 s in the future
make[2]: warning:  Clock skew detected.  Your build may be incomplete.
make[2]: warning:  Clock skew detected.  Your build may be incomplete.
[35m[1mScanning dependencies of target actionlib_msgs_generate_messages_nodejs[0m
[  0%] Built target roscpp_generate_messages_eus
[  0%] Built target roscpp_generate_messages_cpp
make[2]: Warning: File 'CMakeFiles/tf_generate_messages_py.dir/progress.make' has modification time 0.095 s in the future
[  0%] Built target dynamic_reconfigure_generate_messages_cpp
[  0%] Built target actionlib_msgs_generate_messages_nodejs
[35m[1mScanning dependencies of target actionlib_msgs_generate_messages_lisp[0m
[35m[1mScanning dependencies of target tf_generate_messages_py[0m
[35m[1mScanning dependencies of target roscpp_generate_messages_nodejs[0m
make[2]: warning:  Clock skew detected.  Your build may be incomplete.
make[2]: Warning: File 'CMakeFiles/tf_generate_messages_py.dir/progress.make' has modification time 0.066 s in the future
make[2]: warning:  Clock skew detected.  Your build may be incomplete.
[35m[1mScanning dependencies of target actionlib_generate_messages_eus[0m
[  0%] Built target actionlib_msgs_generate_messages_lisp
[  0%] Built target tf_generate_messages_py
[  0%] Built target roscpp_generate_messages_nodejs
make[2]: Warning: File 'CMakeFiles/std_srvs_generate_messages_py.dir/progress.make' has modification time 0.011 s in the future
[  0%] Built target actionlib_generate_messages_eus
[35m[1mScanning dependencies of target rosgraph_msgs_generate_messages_cpp[0m
[35m[1mScanning dependencies of target rosgraph_msgs_generate_messages_eus[0m
[35m[1mScanning dependencies of target std_srvs_generate_messages_py[0m
make[2]: warning:  Clock skew detected.  Your build may be incomplete.
[35m[1mScanning dependencies of target geometry_msgs_generate_messages_lisp[0m
[  0%] Built target rosgraph_msgs_generate_messages_cpp
[  0%] Built target rosgraph_msgs_generate_messages_eus
[  0%] Built target std_srvs_generate_messages_py
[  0%] Built target geometry_msgs_generate_messages_lisp
[35m[1mScanning dependencies of target dynamic_reconfigure_generate_messages_eus[0m
[35m[1mScanning dependencies of target tf2_msgs_generate_messages_eus[0m
[35m[1mScanning dependencies of target nodelet_generate_messages_eus[0m
[35m[1mScanning dependencies of target sensor_msgs_generate_messages_lisp[0m
[  0%] Built target dynamic_reconfigure_generate_messages_eus
[  0%] Built target tf2_msgs_generate_messages_eus
[  0%] Built target sensor_msgs_generate_messages_lisp
[  0%] Built target nodelet_generate_messages_eus
[35m[1mScanning dependencies of target bond_generate_messages_nodejs[0m
[35m[1mScanning dependencies of target nodelet_generate_messages_nodejs[0m
[35m[1mScanning dependencies of target nodelet_generate_messages_py[0m
[35m[1mScanning dependencies of target std_srvs_generate_messages_nodejs[0m
[  0%] Built target bond_generate_messages_nodejs
[  0%] Built target nodelet_generate_messages_nodejs
[  0%] Built target std_srvs_generate_messages_nodejs
[  0%] Built target nodelet_generate_messages_py
[35m[1mScanning dependencies of target tf2_msgs_generate_messages_py[0m
[35m[1mScanning dependencies of target dynamic_reconfigure_generate_messages_nodejs[0m
[35m[1mScanning dependencies of target bond_generate_messages_cpp[0m
[35m[1mScanning dependencies of target bond_generate_messages_eus[0m
[  0%] Built target tf2_msgs_generate_messages_py
[  0%] Built target dynamic_reconfigure_generate_messages_nodejs
[  0%] Built target bond_generate_messages_eus
[  0%] Built target bond_generate_messages_cpp
[35m[1mScanning dependencies of target nodelet_topic_tools_gencfg[0m
[35m[1mScanning dependencies of target bond_generate_messages_lisp[0m
[35m[1mScanning dependencies of target bond_generate_messages_py[0m
[35m[1mScanning dependencies of target pcl_msgs_generate_messages_eus[0m
[  0%] Built target nodelet_topic_tools_gencfg
[  0%] Built target bond_generate_messages_lisp
[  0%] Built target bond_generate_messages_py
[  0%] Built target pcl_msgs_generate_messages_eus
[35m[1mScanning dependencies of target topic_tools_generate_messages_cpp[0m
[35m[1mScanning dependencies of target pcl_msgs_generate_messages_nodejs[0m
[35m[1mScanning dependencies of target pcl_msgs_generate_messages_lisp[0m
[35m[1mScanning dependencies of target pcl_msgs_generate_messages_py[0m
[  0%] Built target topic_tools_generate_messages_cpp
[  0%] Built target pcl_msgs_generate_messages_nodejs
[  0%] Built target pcl_msgs_generate_messages_lisp
[  0%] Built target pcl_msgs_generate_messages_py
[35m[1mScanning dependencies of target pcl_segmentation_generate_messages_py[0m
[35m[1mScanning dependencies of target pcl_segmentation_generate_messages_nodejs[0m
[35m[1mScanning dependencies of target pcl_segmentation_generate_messages_cpp[0m
[35m[1mScanning dependencies of target pcl_segmentation_generate_messages_eus[0m
[ 32%] Built target pcl_segmentation_generate_messages_nodejs
[ 32%] Built target pcl_segmentation_generate_messages_py
[ 46%] Built target pcl_segmentation_generate_messages_cpp
[ 64%] Built target pcl_segmentation_generate_messages_eus
[35m[1mScanning dependencies of target pcl_segmentation_generate_messages_lisp[0m
[ 78%] Built target pcl_segmentation_generate_messages_lisp
[35m[1mScanning dependencies of target pcl_segmentation_generate_messages[0m
[35m[1mScanning dependencies of target pcl_segmentation_server[0m
[ 78%] Built target pcl_segmentation_generate_messages
[ 89%] [32mBuilding CXX object CMakeFiles/pcl_segmentation_server.dir/src/pcl_segmentation_server.cpp.o[0m
[ 89%] [32mBuilding CXX object CMakeFiles/pcl_segmentation_server.dir/src/segment_cuboid.cpp.o[0m
[ 89%] [32mBuilding CXX object CMakeFiles/pcl_segmentation_server.dir/src/centroid.cpp.o[0m
[ 92%] [32mBuilding CXX object CMakeFiles/pcl_segmentation_server.dir/src/mask_from_cuboid.cpp.o[0m
[ 96%] [32mBuilding CXX object CMakeFiles/pcl_segmentation_server.dir/src/segment_bb.cpp.o[0m
[01m[K/home/k21066336/tiago_public_ws/src/legacy/pcl_segmentation/src/segment_bb.cpp:[m[K In function ‘[01m[Kbool segment_bb(pcl::PointCloud<pcl::PointXYZRGB>::Ptr&, int, int, int, int, pcl::PointCloud<pcl::PointXYZRGB>::Ptr&)[m[K’:
[01m[K/home/k21066336/tiago_public_ws/src/legacy/pcl_segmentation/src/segment_bb.cpp:12:1:[m[K [01;35m[Kwarning: [m[Kno return statement in function returning non-void [[01;35m[K-Wreturn-type[m[K]
   12 | [01;35m[K}[m[K
      | [01;35m[K^[m[K
[100%] [32m[1mLinking CXX executable /home/k21066336/tiago_public_ws/devel/.private/pcl_segmentation/lib/pcl_segmentation/pcl_segmentation_server[0m
[100%] Built target pcl_segmentation_server
make[1]: warning:  Clock skew detected.  Your build may be incomplete.
make: warning:  Clock skew detected.  Your build may be incomplete.
