Symlinking /home/k21066336/tiago_public_ws/devel/include/pcl_segmentation/MaskFromCuboidRequest.h
Symlinking /home/k21066336/tiago_public_ws/devel/include/pcl_segmentation/SegmentBBResponse.h
Symlinking /home/k21066336/tiago_public_ws/devel/include/pcl_segmentation/CentroidRequest.h
Symlinking /home/k21066336/tiago_public_ws/devel/include/pcl_segmentation/SegmentBBRequest.h
Symlinking /home/k21066336/tiago_public_ws/devel/include/pcl_segmentation/SegmentCuboid.h
Symlinking /home/k21066336/tiago_public_ws/devel/include/pcl_segmentation/SegmentCuboidResponse.h
Symlinking /home/k21066336/tiago_public_ws/devel/include/pcl_segmentation/SegmentCuboidRequest.h
Symlinking /home/k21066336/tiago_public_ws/devel/include/pcl_segmentation/Centroid.h
Symlinking /home/k21066336/tiago_public_ws/devel/include/pcl_segmentation/MaskFromCuboidResponse.h
Symlinking /home/k21066336/tiago_public_ws/devel/include/pcl_segmentation/CentroidResponse.h
Symlinking /home/k21066336/tiago_public_ws/devel/include/pcl_segmentation/SegmentBB.h
Symlinking /home/k21066336/tiago_public_ws/devel/include/pcl_segmentation/MaskFromCuboid.h
Linked: (/home/k21066336/tiago_public_ws/devel/.private/pcl_segmentation/share/pcl_segmentation/cmake/pcl_segmentationConfig.cmake, /home/k21066336/tiago_public_ws/devel/share/pcl_segmentation/cmake/pcl_segmentationConfig.cmake)
Linked: (/home/k21066336/tiago_public_ws/devel/.private/pcl_segmentation/share/pcl_segmentation/cmake/pcl_segmentation-msg-paths.cmake, /home/k21066336/tiago_public_ws/devel/share/pcl_segmentation/cmake/pcl_segmentation-msg-paths.cmake)
Linked: (/home/k21066336/tiago_public_ws/devel/.private/pcl_segmentation/share/pcl_segmentation/cmake/pcl_segmentationConfig-version.cmake, /home/k21066336/tiago_public_ws/devel/share/pcl_segmentation/cmake/pcl_segmentationConfig-version.cmake)
Linked: (/home/k21066336/tiago_public_ws/devel/.private/pcl_segmentation/share/pcl_segmentation/cmake/pcl_segmentation-msg-extras.cmake, /home/k21066336/tiago_public_ws/devel/share/pcl_segmentation/cmake/pcl_segmentation-msg-extras.cmake)
Linked: (/home/k21066336/tiago_public_ws/devel/.private/pcl_segmentation/share/common-lisp/ros/pcl_segmentation/srv/pcl_segmentation-srv.asd, /home/k21066336/tiago_public_ws/devel/share/common-lisp/ros/pcl_segmentation/srv/pcl_segmentation-srv.asd)
Linked: (/home/k21066336/tiago_public_ws/devel/.private/pcl_segmentation/share/common-lisp/ros/pcl_segmentation/srv/_package_SegmentCuboid.lisp, /home/k21066336/tiago_public_ws/devel/share/common-lisp/ros/pcl_segmentation/srv/_package_SegmentCuboid.lisp)
Linked: (/home/k21066336/tiago_public_ws/devel/.private/pcl_segmentation/share/common-lisp/ros/pcl_segmentation/srv/SegmentBB.lisp, /home/k21066336/tiago_public_ws/devel/share/common-lisp/ros/pcl_segmentation/srv/SegmentBB.lisp)
Linked: (/home/k21066336/tiago_public_ws/devel/.private/pcl_segmentation/share/common-lisp/ros/pcl_segmentation/srv/_package_MaskFromCuboid.lisp, /home/k21066336/tiago_public_ws/devel/share/common-lisp/ros/pcl_segmentation/srv/_package_MaskFromCuboid.lisp)
Linked: (/home/k21066336/tiago_public_ws/devel/.private/pcl_segmentation/share/common-lisp/ros/pcl_segmentation/srv/Centroid.lisp, /home/k21066336/tiago_public_ws/devel/share/common-lisp/ros/pcl_segmentation/srv/Centroid.lisp)
Linked: (/home/k21066336/tiago_public_ws/devel/.private/pcl_segmentation/share/common-lisp/ros/pcl_segmentation/srv/SegmentCuboid.lisp, /home/k21066336/tiago_public_ws/devel/share/common-lisp/ros/pcl_segmentation/srv/SegmentCuboid.lisp)
Linked: (/home/k21066336/tiago_public_ws/devel/.private/pcl_segmentation/share/common-lisp/ros/pcl_segmentation/srv/_package.lisp, /home/k21066336/tiago_public_ws/devel/share/common-lisp/ros/pcl_segmentation/srv/_package.lisp)
Linked: (/home/k21066336/tiago_public_ws/devel/.private/pcl_segmentation/share/common-lisp/ros/pcl_segmentation/srv/_package_SegmentBB.lisp, /home/k21066336/tiago_public_ws/devel/share/common-lisp/ros/pcl_segmentation/srv/_package_SegmentBB.lisp)
Linked: (/home/k21066336/tiago_public_ws/devel/.private/pcl_segmentation/share/common-lisp/ros/pcl_segmentation/srv/_package_Centroid.lisp, /home/k21066336/tiago_public_ws/devel/share/common-lisp/ros/pcl_segmentation/srv/_package_Centroid.lisp)
Linked: (/home/k21066336/tiago_public_ws/devel/.private/pcl_segmentation/share/common-lisp/ros/pcl_segmentation/srv/MaskFromCuboid.lisp, /home/k21066336/tiago_public_ws/devel/share/common-lisp/ros/pcl_segmentation/srv/MaskFromCuboid.lisp)
Linked: (/home/k21066336/tiago_public_ws/devel/.private/pcl_segmentation/share/roseus/ros/pcl_segmentation/manifest.l, /home/k21066336/tiago_public_ws/devel/share/roseus/ros/pcl_segmentation/manifest.l)
Linked: (/home/k21066336/tiago_public_ws/devel/.private/pcl_segmentation/share/roseus/ros/pcl_segmentation/srv/Centroid.l, /home/k21066336/tiago_public_ws/devel/share/roseus/ros/pcl_segmentation/srv/Centroid.l)
Linked: (/home/k21066336/tiago_public_ws/devel/.private/pcl_segmentation/share/roseus/ros/pcl_segmentation/srv/SegmentBB.l, /home/k21066336/tiago_public_ws/devel/share/roseus/ros/pcl_segmentation/srv/SegmentBB.l)
Linked: (/home/k21066336/tiago_public_ws/devel/.private/pcl_segmentation/share/roseus/ros/pcl_segmentation/srv/MaskFromCuboid.l, /home/k21066336/tiago_public_ws/devel/share/roseus/ros/pcl_segmentation/srv/MaskFromCuboid.l)
Linked: (/home/k21066336/tiago_public_ws/devel/.private/pcl_segmentation/share/roseus/ros/pcl_segmentation/srv/SegmentCuboid.l, /home/k21066336/tiago_public_ws/devel/share/roseus/ros/pcl_segmentation/srv/SegmentCuboid.l)
Linked: (/home/k21066336/tiago_public_ws/devel/.private/pcl_segmentation/share/gennodejs/ros/pcl_segmentation/_index.js, /home/k21066336/tiago_public_ws/devel/share/gennodejs/ros/pcl_segmentation/_index.js)
Linked: (/home/k21066336/tiago_public_ws/devel/.private/pcl_segmentation/share/gennodejs/ros/pcl_segmentation/srv/_index.js, /home/k21066336/tiago_public_ws/devel/share/gennodejs/ros/pcl_segmentation/srv/_index.js)
Linked: (/home/k21066336/tiago_public_ws/devel/.private/pcl_segmentation/share/gennodejs/ros/pcl_segmentation/srv/Centroid.js, /home/k21066336/tiago_public_ws/devel/share/gennodejs/ros/pcl_segmentation/srv/Centroid.js)
Linked: (/home/k21066336/tiago_public_ws/devel/.private/pcl_segmentation/share/gennodejs/ros/pcl_segmentation/srv/SegmentBB.js, /home/k21066336/tiago_public_ws/devel/share/gennodejs/ros/pcl_segmentation/srv/SegmentBB.js)
Linked: (/home/k21066336/tiago_public_ws/devel/.private/pcl_segmentation/share/gennodejs/ros/pcl_segmentation/srv/SegmentCuboid.js, /home/k21066336/tiago_public_ws/devel/share/gennodejs/ros/pcl_segmentation/srv/SegmentCuboid.js)
Linked: (/home/k21066336/tiago_public_ws/devel/.private/pcl_segmentation/share/gennodejs/ros/pcl_segmentation/srv/MaskFromCuboid.js, /home/k21066336/tiago_public_ws/devel/share/gennodejs/ros/pcl_segmentation/srv/MaskFromCuboid.js)
Symlinking /home/k21066336/tiago_public_ws/devel/lib/python3/dist-packages/pcl_segmentation/__init__.py
Symlinking /home/k21066336/tiago_public_ws/devel/lib/python3/dist-packages/pcl_segmentation/srv/_MaskFromCuboid.py
Symlinking /home/k21066336/tiago_public_ws/devel/lib/python3/dist-packages/pcl_segmentation/srv/_SegmentCuboid.py
Symlinking /home/k21066336/tiago_public_ws/devel/lib/python3/dist-packages/pcl_segmentation/srv/_Centroid.py
Symlinking /home/k21066336/tiago_public_ws/devel/lib/python3/dist-packages/pcl_segmentation/srv/_SegmentBB.py
Symlinking /home/k21066336/tiago_public_ws/devel/lib/python3/dist-packages/pcl_segmentation/srv/__init__.py
Symlinking /home/k21066336/tiago_public_ws/devel/lib/pcl_segmentation/pcl_segmentation_server
Symlinking /home/k21066336/tiago_public_ws/devel/lib/pkgconfig/pcl_segmentation.pc
