Linked: (/home/k21066336/tiago_public_ws/devel/.private/lasr_vision_msgs/share/common-lisp/ros/lasr_vision_msgs/msg/_package_ColourPrediction.lisp, /home/k21066336/tiago_public_ws/devel/share/common-lisp/ros/lasr_vision_msgs/msg/_package_ColourPrediction.lisp)
Linked: (/home/k21066336/tiago_public_ws/devel/.private/lasr_vision_msgs/share/common-lisp/ros/lasr_vision_msgs/msg/Detection.lisp, /home/k21066336/tiago_public_ws/devel/share/common-lisp/ros/lasr_vision_msgs/msg/Detection.lisp)
Linked: (/home/k21066336/tiago_public_ws/devel/.private/lasr_vision_msgs/share/common-lisp/ros/lasr_vision_msgs/msg/_package_BodyPixMask.lisp, /home/k21066336/tiago_public_ws/devel/share/common-lisp/ros/lasr_vision_msgs/msg/_package_BodyPixMask.lisp)
Linked: (/home/k21066336/tiago_public_ws/devel/.private/lasr_vision_msgs/share/common-lisp/ros/lasr_vision_msgs/msg/lasr_vision_msgs-msg.asd, /home/k21066336/tiago_public_ws/devel/share/common-lisp/ros/lasr_vision_msgs/msg/lasr_vision_msgs-msg.asd)
Linked: (/home/k21066336/tiago_public_ws/devel/.private/lasr_vision_msgs/share/common-lisp/ros/lasr_vision_msgs/msg/ColourPrediction.lisp, /home/k21066336/tiago_public_ws/devel/share/common-lisp/ros/lasr_vision_msgs/msg/ColourPrediction.lisp)
Linked: (/home/k21066336/tiago_public_ws/devel/.private/lasr_vision_msgs/share/common-lisp/ros/lasr_vision_msgs/msg/BodyPixMaskRequest.lisp, /home/k21066336/tiago_public_ws/devel/share/common-lisp/ros/lasr_vision_msgs/msg/BodyPixMaskRequest.lisp)
Linked: (/home/k21066336/tiago_public_ws/devel/.private/lasr_vision_msgs/share/common-lisp/ros/lasr_vision_msgs/msg/_package_BodyPixPose.lisp, /home/k21066336/tiago_public_ws/devel/share/common-lisp/ros/lasr_vision_msgs/msg/_package_BodyPixPose.lisp)
Linked: (/home/k21066336/tiago_public_ws/devel/.private/lasr_vision_msgs/share/common-lisp/ros/lasr_vision_msgs/msg/_package_FeatureWithColour.lisp, /home/k21066336/tiago_public_ws/devel/share/common-lisp/ros/lasr_vision_msgs/msg/_package_FeatureWithColour.lisp)
Linked: (/home/k21066336/tiago_public_ws/devel/.private/lasr_vision_msgs/share/common-lisp/ros/lasr_vision_msgs/msg/FeatureWithColour.lisp, /home/k21066336/tiago_public_ws/devel/share/common-lisp/ros/lasr_vision_msgs/msg/FeatureWithColour.lisp)
Linked: (/home/k21066336/tiago_public_ws/devel/.private/lasr_vision_msgs/share/common-lisp/ros/lasr_vision_msgs/msg/BodyPixMask.lisp, /home/k21066336/tiago_public_ws/devel/share/common-lisp/ros/lasr_vision_msgs/msg/BodyPixMask.lisp)
Linked: (/home/k21066336/tiago_public_ws/devel/.private/lasr_vision_msgs/share/common-lisp/ros/lasr_vision_msgs/msg/_package.lisp, /home/k21066336/tiago_public_ws/devel/share/common-lisp/ros/lasr_vision_msgs/msg/_package.lisp)
Linked: (/home/k21066336/tiago_public_ws/devel/.private/lasr_vision_msgs/share/common-lisp/ros/lasr_vision_msgs/msg/BodyPixPose.lisp, /home/k21066336/tiago_public_ws/devel/share/common-lisp/ros/lasr_vision_msgs/msg/BodyPixPose.lisp)
Linked: (/home/k21066336/tiago_public_ws/devel/.private/lasr_vision_msgs/share/common-lisp/ros/lasr_vision_msgs/msg/_package_BodyPixMaskRequest.lisp, /home/k21066336/tiago_public_ws/devel/share/common-lisp/ros/lasr_vision_msgs/msg/_package_BodyPixMaskRequest.lisp)
Linked: (/home/k21066336/tiago_public_ws/devel/.private/lasr_vision_msgs/share/common-lisp/ros/lasr_vision_msgs/msg/_package_Detection.lisp, /home/k21066336/tiago_public_ws/devel/share/common-lisp/ros/lasr_vision_msgs/msg/_package_Detection.lisp)
Linked: (/home/k21066336/tiago_public_ws/devel/.private/lasr_vision_msgs/share/common-lisp/ros/lasr_vision_msgs/srv/lasr_vision_msgs-srv.asd, /home/k21066336/tiago_public_ws/devel/share/common-lisp/ros/lasr_vision_msgs/srv/lasr_vision_msgs-srv.asd)
Linked: (/home/k21066336/tiago_public_ws/devel/.private/lasr_vision_msgs/share/common-lisp/ros/lasr_vision_msgs/srv/_package_YoloDetection.lisp, /home/k21066336/tiago_public_ws/devel/share/common-lisp/ros/lasr_vision_msgs/srv/_package_YoloDetection.lisp)
Linked: (/home/k21066336/tiago_public_ws/devel/.private/lasr_vision_msgs/share/common-lisp/ros/lasr_vision_msgs/srv/TorchFaceFeatureDetection.lisp, /home/k21066336/tiago_public_ws/devel/share/common-lisp/ros/lasr_vision_msgs/srv/TorchFaceFeatureDetection.lisp)
Linked: (/home/k21066336/tiago_public_ws/devel/.private/lasr_vision_msgs/share/common-lisp/ros/lasr_vision_msgs/srv/_package.lisp, /home/k21066336/tiago_public_ws/devel/share/common-lisp/ros/lasr_vision_msgs/srv/_package.lisp)
Linked: (/home/k21066336/tiago_public_ws/devel/.private/lasr_vision_msgs/share/common-lisp/ros/lasr_vision_msgs/srv/_package_BodyPixDetection.lisp, /home/k21066336/tiago_public_ws/devel/share/common-lisp/ros/lasr_vision_msgs/srv/_package_BodyPixDetection.lisp)
Linked: (/home/k21066336/tiago_public_ws/devel/.private/lasr_vision_msgs/share/common-lisp/ros/lasr_vision_msgs/srv/Recognise.lisp, /home/k21066336/tiago_public_ws/devel/share/common-lisp/ros/lasr_vision_msgs/srv/Recognise.lisp)
Linked: (/home/k21066336/tiago_public_ws/devel/.private/lasr_vision_msgs/share/common-lisp/ros/lasr_vision_msgs/srv/BodyPixDetection.lisp, /home/k21066336/tiago_public_ws/devel/share/common-lisp/ros/lasr_vision_msgs/srv/BodyPixDetection.lisp)
Linked: (/home/k21066336/tiago_public_ws/devel/.private/lasr_vision_msgs/share/common-lisp/ros/lasr_vision_msgs/srv/_package_Recognise.lisp, /home/k21066336/tiago_public_ws/devel/share/common-lisp/ros/lasr_vision_msgs/srv/_package_Recognise.lisp)
Linked: (/home/k21066336/tiago_public_ws/devel/.private/lasr_vision_msgs/share/common-lisp/ros/lasr_vision_msgs/srv/YoloDetection.lisp, /home/k21066336/tiago_public_ws/devel/share/common-lisp/ros/lasr_vision_msgs/srv/YoloDetection.lisp)
Linked: (/home/k21066336/tiago_public_ws/devel/.private/lasr_vision_msgs/share/common-lisp/ros/lasr_vision_msgs/srv/_package_TorchFaceFeatureDetection.lisp, /home/k21066336/tiago_public_ws/devel/share/common-lisp/ros/lasr_vision_msgs/srv/_package_TorchFaceFeatureDetection.lisp)
Linked: (/home/k21066336/tiago_public_ws/devel/.private/lasr_vision_msgs/share/lasr_vision_msgs/cmake/lasr_vision_msgsConfig.cmake, /home/k21066336/tiago_public_ws/devel/share/lasr_vision_msgs/cmake/lasr_vision_msgsConfig.cmake)
Linked: (/home/k21066336/tiago_public_ws/devel/.private/lasr_vision_msgs/share/lasr_vision_msgs/cmake/lasr_vision_msgs-msg-paths.cmake, /home/k21066336/tiago_public_ws/devel/share/lasr_vision_msgs/cmake/lasr_vision_msgs-msg-paths.cmake)
Linked: (/home/k21066336/tiago_public_ws/devel/.private/lasr_vision_msgs/share/lasr_vision_msgs/cmake/lasr_vision_msgs-msg-extras.cmake, /home/k21066336/tiago_public_ws/devel/share/lasr_vision_msgs/cmake/lasr_vision_msgs-msg-extras.cmake)
Linked: (/home/k21066336/tiago_public_ws/devel/.private/lasr_vision_msgs/share/lasr_vision_msgs/cmake/lasr_vision_msgsConfig-version.cmake, /home/k21066336/tiago_public_ws/devel/share/lasr_vision_msgs/cmake/lasr_vision_msgsConfig-version.cmake)
Linked: (/home/k21066336/tiago_public_ws/devel/.private/lasr_vision_msgs/share/roseus/ros/lasr_vision_msgs/manifest.l, /home/k21066336/tiago_public_ws/devel/share/roseus/ros/lasr_vision_msgs/manifest.l)
Linked: (/home/k21066336/tiago_public_ws/devel/.private/lasr_vision_msgs/share/roseus/ros/lasr_vision_msgs/msg/BodyPixMaskRequest.l, /home/k21066336/tiago_public_ws/devel/share/roseus/ros/lasr_vision_msgs/msg/BodyPixMaskRequest.l)
Linked: (/home/k21066336/tiago_public_ws/devel/.private/lasr_vision_msgs/share/roseus/ros/lasr_vision_msgs/msg/FeatureWithColour.l, /home/k21066336/tiago_public_ws/devel/share/roseus/ros/lasr_vision_msgs/msg/FeatureWithColour.l)
Linked: (/home/k21066336/tiago_public_ws/devel/.private/lasr_vision_msgs/share/roseus/ros/lasr_vision_msgs/msg/BodyPixMask.l, /home/k21066336/tiago_public_ws/devel/share/roseus/ros/lasr_vision_msgs/msg/BodyPixMask.l)
Linked: (/home/k21066336/tiago_public_ws/devel/.private/lasr_vision_msgs/share/roseus/ros/lasr_vision_msgs/msg/BodyPixPose.l, /home/k21066336/tiago_public_ws/devel/share/roseus/ros/lasr_vision_msgs/msg/BodyPixPose.l)
Linked: (/home/k21066336/tiago_public_ws/devel/.private/lasr_vision_msgs/share/roseus/ros/lasr_vision_msgs/msg/ColourPrediction.l, /home/k21066336/tiago_public_ws/devel/share/roseus/ros/lasr_vision_msgs/msg/ColourPrediction.l)
Linked: (/home/k21066336/tiago_public_ws/devel/.private/lasr_vision_msgs/share/roseus/ros/lasr_vision_msgs/msg/Detection.l, /home/k21066336/tiago_public_ws/devel/share/roseus/ros/lasr_vision_msgs/msg/Detection.l)
Linked: (/home/k21066336/tiago_public_ws/devel/.private/lasr_vision_msgs/share/roseus/ros/lasr_vision_msgs/srv/YoloDetection.l, /home/k21066336/tiago_public_ws/devel/share/roseus/ros/lasr_vision_msgs/srv/YoloDetection.l)
Linked: (/home/k21066336/tiago_public_ws/devel/.private/lasr_vision_msgs/share/roseus/ros/lasr_vision_msgs/srv/BodyPixDetection.l, /home/k21066336/tiago_public_ws/devel/share/roseus/ros/lasr_vision_msgs/srv/BodyPixDetection.l)
Linked: (/home/k21066336/tiago_public_ws/devel/.private/lasr_vision_msgs/share/roseus/ros/lasr_vision_msgs/srv/Recognise.l, /home/k21066336/tiago_public_ws/devel/share/roseus/ros/lasr_vision_msgs/srv/Recognise.l)
Linked: (/home/k21066336/tiago_public_ws/devel/.private/lasr_vision_msgs/share/roseus/ros/lasr_vision_msgs/srv/TorchFaceFeatureDetection.l, /home/k21066336/tiago_public_ws/devel/share/roseus/ros/lasr_vision_msgs/srv/TorchFaceFeatureDetection.l)
Linked: (/home/k21066336/tiago_public_ws/devel/.private/lasr_vision_msgs/share/gennodejs/ros/lasr_vision_msgs/_index.js, /home/k21066336/tiago_public_ws/devel/share/gennodejs/ros/lasr_vision_msgs/_index.js)
Linked: (/home/k21066336/tiago_public_ws/devel/.private/lasr_vision_msgs/share/gennodejs/ros/lasr_vision_msgs/msg/BodyPixMask.js, /home/k21066336/tiago_public_ws/devel/share/gennodejs/ros/lasr_vision_msgs/msg/BodyPixMask.js)
Linked: (/home/k21066336/tiago_public_ws/devel/.private/lasr_vision_msgs/share/gennodejs/ros/lasr_vision_msgs/msg/BodyPixMaskRequest.js, /home/k21066336/tiago_public_ws/devel/share/gennodejs/ros/lasr_vision_msgs/msg/BodyPixMaskRequest.js)
Linked: (/home/k21066336/tiago_public_ws/devel/.private/lasr_vision_msgs/share/gennodejs/ros/lasr_vision_msgs/msg/_index.js, /home/k21066336/tiago_public_ws/devel/share/gennodejs/ros/lasr_vision_msgs/msg/_index.js)
Linked: (/home/k21066336/tiago_public_ws/devel/.private/lasr_vision_msgs/share/gennodejs/ros/lasr_vision_msgs/msg/BodyPixPose.js, /home/k21066336/tiago_public_ws/devel/share/gennodejs/ros/lasr_vision_msgs/msg/BodyPixPose.js)
Linked: (/home/k21066336/tiago_public_ws/devel/.private/lasr_vision_msgs/share/gennodejs/ros/lasr_vision_msgs/msg/FeatureWithColour.js, /home/k21066336/tiago_public_ws/devel/share/gennodejs/ros/lasr_vision_msgs/msg/FeatureWithColour.js)
Linked: (/home/k21066336/tiago_public_ws/devel/.private/lasr_vision_msgs/share/gennodejs/ros/lasr_vision_msgs/msg/ColourPrediction.js, /home/k21066336/tiago_public_ws/devel/share/gennodejs/ros/lasr_vision_msgs/msg/ColourPrediction.js)
Linked: (/home/k21066336/tiago_public_ws/devel/.private/lasr_vision_msgs/share/gennodejs/ros/lasr_vision_msgs/msg/Detection.js, /home/k21066336/tiago_public_ws/devel/share/gennodejs/ros/lasr_vision_msgs/msg/Detection.js)
Linked: (/home/k21066336/tiago_public_ws/devel/.private/lasr_vision_msgs/share/gennodejs/ros/lasr_vision_msgs/srv/_index.js, /home/k21066336/tiago_public_ws/devel/share/gennodejs/ros/lasr_vision_msgs/srv/_index.js)
Linked: (/home/k21066336/tiago_public_ws/devel/.private/lasr_vision_msgs/share/gennodejs/ros/lasr_vision_msgs/srv/BodyPixDetection.js, /home/k21066336/tiago_public_ws/devel/share/gennodejs/ros/lasr_vision_msgs/srv/BodyPixDetection.js)
Linked: (/home/k21066336/tiago_public_ws/devel/.private/lasr_vision_msgs/share/gennodejs/ros/lasr_vision_msgs/srv/TorchFaceFeatureDetection.js, /home/k21066336/tiago_public_ws/devel/share/gennodejs/ros/lasr_vision_msgs/srv/TorchFaceFeatureDetection.js)
Linked: (/home/k21066336/tiago_public_ws/devel/.private/lasr_vision_msgs/share/gennodejs/ros/lasr_vision_msgs/srv/YoloDetection.js, /home/k21066336/tiago_public_ws/devel/share/gennodejs/ros/lasr_vision_msgs/srv/YoloDetection.js)
Linked: (/home/k21066336/tiago_public_ws/devel/.private/lasr_vision_msgs/share/gennodejs/ros/lasr_vision_msgs/srv/Recognise.js, /home/k21066336/tiago_public_ws/devel/share/gennodejs/ros/lasr_vision_msgs/srv/Recognise.js)
Symlinking /home/k21066336/tiago_public_ws/devel/lib/pkgconfig/lasr_vision_msgs.pc
Symlinking /home/k21066336/tiago_public_ws/devel/lib/python3/dist-packages/lasr_vision_msgs/__init__.py
Symlinking /home/k21066336/tiago_public_ws/devel/lib/python3/dist-packages/lasr_vision_msgs/msg/_BodyPixMaskRequest.py
Symlinking /home/k21066336/tiago_public_ws/devel/lib/python3/dist-packages/lasr_vision_msgs/msg/_Detection.py
Symlinking /home/k21066336/tiago_public_ws/devel/lib/python3/dist-packages/lasr_vision_msgs/msg/_ColourPrediction.py
Symlinking /home/k21066336/tiago_public_ws/devel/lib/python3/dist-packages/lasr_vision_msgs/msg/_FeatureWithColour.py
Symlinking /home/k21066336/tiago_public_ws/devel/lib/python3/dist-packages/lasr_vision_msgs/msg/_BodyPixPose.py
Symlinking /home/k21066336/tiago_public_ws/devel/lib/python3/dist-packages/lasr_vision_msgs/msg/_BodyPixMask.py
Symlinking /home/k21066336/tiago_public_ws/devel/lib/python3/dist-packages/lasr_vision_msgs/msg/__init__.py
Symlinking /home/k21066336/tiago_public_ws/devel/lib/python3/dist-packages/lasr_vision_msgs/srv/_TorchFaceFeatureDetection.py
Symlinking /home/k21066336/tiago_public_ws/devel/lib/python3/dist-packages/lasr_vision_msgs/srv/__init__.py
Symlinking /home/k21066336/tiago_public_ws/devel/lib/python3/dist-packages/lasr_vision_msgs/srv/_Recognise.py
Symlinking /home/k21066336/tiago_public_ws/devel/lib/python3/dist-packages/lasr_vision_msgs/srv/_YoloDetection.py
Symlinking /home/k21066336/tiago_public_ws/devel/lib/python3/dist-packages/lasr_vision_msgs/srv/_BodyPixDetection.py
Symlinking /home/k21066336/tiago_public_ws/devel/include/lasr_vision_msgs/Recognise.h
Symlinking /home/k21066336/tiago_public_ws/devel/include/lasr_vision_msgs/RecogniseResponse.h
Symlinking /home/k21066336/tiago_public_ws/devel/include/lasr_vision_msgs/ColourPrediction.h
Symlinking /home/k21066336/tiago_public_ws/devel/include/lasr_vision_msgs/BodyPixDetectionRequest.h
Symlinking /home/k21066336/tiago_public_ws/devel/include/lasr_vision_msgs/BodyPixDetectionResponse.h
Symlinking /home/k21066336/tiago_public_ws/devel/include/lasr_vision_msgs/BodyPixMaskRequest.h
Symlinking /home/k21066336/tiago_public_ws/devel/include/lasr_vision_msgs/TorchFaceFeatureDetectionResponse.h
Symlinking /home/k21066336/tiago_public_ws/devel/include/lasr_vision_msgs/BodyPixPose.h
Symlinking /home/k21066336/tiago_public_ws/devel/include/lasr_vision_msgs/Detection.h
Symlinking /home/k21066336/tiago_public_ws/devel/include/lasr_vision_msgs/FeatureWithColour.h
Symlinking /home/k21066336/tiago_public_ws/devel/include/lasr_vision_msgs/BodyPixDetection.h
Symlinking /home/k21066336/tiago_public_ws/devel/include/lasr_vision_msgs/TorchFaceFeatureDetectionRequest.h
Symlinking /home/k21066336/tiago_public_ws/devel/include/lasr_vision_msgs/YoloDetectionRequest.h
Symlinking /home/k21066336/tiago_public_ws/devel/include/lasr_vision_msgs/RecogniseRequest.h
Symlinking /home/k21066336/tiago_public_ws/devel/include/lasr_vision_msgs/BodyPixMask.h
Symlinking /home/k21066336/tiago_public_ws/devel/include/lasr_vision_msgs/TorchFaceFeatureDetection.h
Symlinking /home/k21066336/tiago_public_ws/devel/include/lasr_vision_msgs/YoloDetection.h
Symlinking /home/k21066336/tiago_public_ws/devel/include/lasr_vision_msgs/YoloDetectionResponse.h
