Symlinking /home/k21066336/tiago_public_ws/devel/lib/python3/dist-packages/lasr_vision_msgs/__init__.py
Symlinking /home/k21066336/tiago_public_ws/devel/lib/python3/dist-packages/lasr_vision_msgs/msg/_BodyPixMaskRequest.py
Symlinking /home/k21066336/tiago_public_ws/devel/lib/python3/dist-packages/lasr_vision_msgs/msg/_FeatureWithColour.py
Symlinking /home/k21066336/tiago_public_ws/devel/lib/python3/dist-packages/lasr_vision_msgs/msg/_BodyPixMask.py
Symlinking /home/k21066336/tiago_public_ws/devel/lib/python3/dist-packages/lasr_vision_msgs/msg/_Detection.py
Symlinking /home/k21066336/tiago_public_ws/devel/lib/python3/dist-packages/lasr_vision_msgs/msg/__init__.py
Symlinking /home/k21066336/tiago_public_ws/devel/lib/python3/dist-packages/lasr_vision_msgs/msg/_ColourPrediction.py
Symlinking /home/k21066336/tiago_public_ws/devel/lib/python3/dist-packages/lasr_vision_msgs/msg/_BodyPixPose.py
Symlinking /home/k21066336/tiago_public_ws/devel/lib/python3/dist-packages/lasr_vision_msgs/srv/_YoloDetection.py
Symlinking /home/k21066336/tiago_public_ws/devel/lib/python3/dist-packages/lasr_vision_msgs/srv/_Recognise.py
Symlinking /home/k21066336/tiago_public_ws/devel/lib/python3/dist-packages/lasr_vision_msgs/srv/_BodyPixDetection.py
Symlinking /home/k21066336/tiago_public_ws/devel/lib/python3/dist-packages/lasr_vision_msgs/srv/_TorchFaceFeatureDetection.py
Symlinking /home/k21066336/tiago_public_ws/devel/lib/python3/dist-packages/lasr_vision_msgs/srv/__init__.py
Symlinking /home/k21066336/tiago_public_ws/devel/lib/pkgconfig/lasr_vision_msgs.pc
Symlinking /home/k21066336/tiago_public_ws/devel/share/gennodejs/ros/lasr_vision_msgs/_index.js
Symlinking /home/k21066336/tiago_public_ws/devel/share/gennodejs/ros/lasr_vision_msgs/msg/BodyPixPose.js
Symlinking /home/k21066336/tiago_public_ws/devel/share/gennodejs/ros/lasr_vision_msgs/msg/BodyPixMaskRequest.js
Symlinking /home/k21066336/tiago_public_ws/devel/share/gennodejs/ros/lasr_vision_msgs/msg/ColourPrediction.js
Symlinking /home/k21066336/tiago_public_ws/devel/share/gennodejs/ros/lasr_vision_msgs/msg/_index.js
Symlinking /home/k21066336/tiago_public_ws/devel/share/gennodejs/ros/lasr_vision_msgs/msg/FeatureWithColour.js
Symlinking /home/k21066336/tiago_public_ws/devel/share/gennodejs/ros/lasr_vision_msgs/msg/Detection.js
Symlinking /home/k21066336/tiago_public_ws/devel/share/gennodejs/ros/lasr_vision_msgs/msg/BodyPixMask.js
Symlinking /home/k21066336/tiago_public_ws/devel/share/gennodejs/ros/lasr_vision_msgs/srv/YoloDetection.js
Symlinking /home/k21066336/tiago_public_ws/devel/share/gennodejs/ros/lasr_vision_msgs/srv/Recognise.js
Symlinking /home/k21066336/tiago_public_ws/devel/share/gennodejs/ros/lasr_vision_msgs/srv/TorchFaceFeatureDetection.js
Symlinking /home/k21066336/tiago_public_ws/devel/share/gennodejs/ros/lasr_vision_msgs/srv/_index.js
Symlinking /home/k21066336/tiago_public_ws/devel/share/gennodejs/ros/lasr_vision_msgs/srv/BodyPixDetection.js
Symlinking /home/k21066336/tiago_public_ws/devel/share/lasr_vision_msgs/cmake/lasr_vision_msgs-msg-extras.cmake
Symlinking /home/k21066336/tiago_public_ws/devel/share/lasr_vision_msgs/cmake/lasr_vision_msgsConfig.cmake
Symlinking /home/k21066336/tiago_public_ws/devel/share/lasr_vision_msgs/cmake/lasr_vision_msgs-msg-paths.cmake
Symlinking /home/k21066336/tiago_public_ws/devel/share/lasr_vision_msgs/cmake/lasr_vision_msgsConfig-version.cmake
Symlinking /home/k21066336/tiago_public_ws/devel/share/roseus/ros/lasr_vision_msgs/manifest.l
Symlinking /home/k21066336/tiago_public_ws/devel/share/roseus/ros/lasr_vision_msgs/srv/TorchFaceFeatureDetection.l
Symlinking /home/k21066336/tiago_public_ws/devel/share/roseus/ros/lasr_vision_msgs/srv/BodyPixDetection.l
Symlinking /home/k21066336/tiago_public_ws/devel/share/roseus/ros/lasr_vision_msgs/srv/Recognise.l
Symlinking /home/k21066336/tiago_public_ws/devel/share/roseus/ros/lasr_vision_msgs/srv/YoloDetection.l
Symlinking /home/k21066336/tiago_public_ws/devel/share/roseus/ros/lasr_vision_msgs/msg/ColourPrediction.l
Symlinking /home/k21066336/tiago_public_ws/devel/share/roseus/ros/lasr_vision_msgs/msg/BodyPixPose.l
Symlinking /home/k21066336/tiago_public_ws/devel/share/roseus/ros/lasr_vision_msgs/msg/BodyPixMask.l
Symlinking /home/k21066336/tiago_public_ws/devel/share/roseus/ros/lasr_vision_msgs/msg/BodyPixMaskRequest.l
Symlinking /home/k21066336/tiago_public_ws/devel/share/roseus/ros/lasr_vision_msgs/msg/Detection.l
Symlinking /home/k21066336/tiago_public_ws/devel/share/roseus/ros/lasr_vision_msgs/msg/FeatureWithColour.l
Symlinking /home/k21066336/tiago_public_ws/devel/share/common-lisp/ros/lasr_vision_msgs/srv/_package_BodyPixDetection.lisp
Symlinking /home/k21066336/tiago_public_ws/devel/share/common-lisp/ros/lasr_vision_msgs/srv/YoloDetection.lisp
Symlinking /home/k21066336/tiago_public_ws/devel/share/common-lisp/ros/lasr_vision_msgs/srv/Recognise.lisp
Symlinking /home/k21066336/tiago_public_ws/devel/share/common-lisp/ros/lasr_vision_msgs/srv/_package_YoloDetection.lisp
Symlinking /home/k21066336/tiago_public_ws/devel/share/common-lisp/ros/lasr_vision_msgs/srv/BodyPixDetection.lisp
Symlinking /home/k21066336/tiago_public_ws/devel/share/common-lisp/ros/lasr_vision_msgs/srv/TorchFaceFeatureDetection.lisp
Symlinking /home/k21066336/tiago_public_ws/devel/share/common-lisp/ros/lasr_vision_msgs/srv/_package_Recognise.lisp
Symlinking /home/k21066336/tiago_public_ws/devel/share/common-lisp/ros/lasr_vision_msgs/srv/_package.lisp
Symlinking /home/k21066336/tiago_public_ws/devel/share/common-lisp/ros/lasr_vision_msgs/srv/lasr_vision_msgs-srv.asd
Symlinking /home/k21066336/tiago_public_ws/devel/share/common-lisp/ros/lasr_vision_msgs/srv/_package_TorchFaceFeatureDetection.lisp
Symlinking /home/k21066336/tiago_public_ws/devel/share/common-lisp/ros/lasr_vision_msgs/msg/FeatureWithColour.lisp
Symlinking /home/k21066336/tiago_public_ws/devel/share/common-lisp/ros/lasr_vision_msgs/msg/ColourPrediction.lisp
Symlinking /home/k21066336/tiago_public_ws/devel/share/common-lisp/ros/lasr_vision_msgs/msg/_package_Detection.lisp
Symlinking /home/k21066336/tiago_public_ws/devel/share/common-lisp/ros/lasr_vision_msgs/msg/_package_ColourPrediction.lisp
Symlinking /home/k21066336/tiago_public_ws/devel/share/common-lisp/ros/lasr_vision_msgs/msg/_package_BodyPixMaskRequest.lisp
Symlinking /home/k21066336/tiago_public_ws/devel/share/common-lisp/ros/lasr_vision_msgs/msg/BodyPixPose.lisp
Symlinking /home/k21066336/tiago_public_ws/devel/share/common-lisp/ros/lasr_vision_msgs/msg/_package_FeatureWithColour.lisp
Symlinking /home/k21066336/tiago_public_ws/devel/share/common-lisp/ros/lasr_vision_msgs/msg/_package.lisp
Symlinking /home/k21066336/tiago_public_ws/devel/share/common-lisp/ros/lasr_vision_msgs/msg/_package_BodyPixMask.lisp
Symlinking /home/k21066336/tiago_public_ws/devel/share/common-lisp/ros/lasr_vision_msgs/msg/_package_BodyPixPose.lisp
Symlinking /home/k21066336/tiago_public_ws/devel/share/common-lisp/ros/lasr_vision_msgs/msg/Detection.lisp
Symlinking /home/k21066336/tiago_public_ws/devel/share/common-lisp/ros/lasr_vision_msgs/msg/BodyPixMaskRequest.lisp
Symlinking /home/k21066336/tiago_public_ws/devel/share/common-lisp/ros/lasr_vision_msgs/msg/BodyPixMask.lisp
Symlinking /home/k21066336/tiago_public_ws/devel/share/common-lisp/ros/lasr_vision_msgs/msg/lasr_vision_msgs-msg.asd
Symlinking /home/k21066336/tiago_public_ws/devel/include/lasr_vision_msgs/ColourPrediction.h
Symlinking /home/k21066336/tiago_public_ws/devel/include/lasr_vision_msgs/TorchFaceFeatureDetection.h
Symlinking /home/k21066336/tiago_public_ws/devel/include/lasr_vision_msgs/YoloDetectionResponse.h
Symlinking /home/k21066336/tiago_public_ws/devel/include/lasr_vision_msgs/Detection.h
Symlinking /home/k21066336/tiago_public_ws/devel/include/lasr_vision_msgs/BodyPixDetectionRequest.h
Symlinking /home/k21066336/tiago_public_ws/devel/include/lasr_vision_msgs/YoloDetection.h
Symlinking /home/k21066336/tiago_public_ws/devel/include/lasr_vision_msgs/BodyPixDetection.h
Symlinking /home/k21066336/tiago_public_ws/devel/include/lasr_vision_msgs/TorchFaceFeatureDetectionResponse.h
Symlinking /home/k21066336/tiago_public_ws/devel/include/lasr_vision_msgs/BodyPixPose.h
Symlinking /home/k21066336/tiago_public_ws/devel/include/lasr_vision_msgs/BodyPixDetectionResponse.h
Symlinking /home/k21066336/tiago_public_ws/devel/include/lasr_vision_msgs/Recognise.h
Symlinking /home/k21066336/tiago_public_ws/devel/include/lasr_vision_msgs/RecogniseRequest.h
Symlinking /home/k21066336/tiago_public_ws/devel/include/lasr_vision_msgs/TorchFaceFeatureDetectionRequest.h
Symlinking /home/k21066336/tiago_public_ws/devel/include/lasr_vision_msgs/BodyPixMask.h
Symlinking /home/k21066336/tiago_public_ws/devel/include/lasr_vision_msgs/FeatureWithColour.h
Symlinking /home/k21066336/tiago_public_ws/devel/include/lasr_vision_msgs/RecogniseResponse.h
Symlinking /home/k21066336/tiago_public_ws/devel/include/lasr_vision_msgs/YoloDetectionRequest.h
Symlinking /home/k21066336/tiago_public_ws/devel/include/lasr_vision_msgs/BodyPixMaskRequest.h
