make: Warning: File 'Makefile' has modification time 0.54 s in the future
make[1]: Warning: File 'CMakeFiles/Makefile2' has modification time 0.89 s in the future
make[2]: Warning: File 'CMakeFiles/_lasr_vision_msgs_generate_messages_check_deps_YoloDetection.dir/progress.make' has modification time 0.75 s in the future
[35m[1mScanning dependencies of target _lasr_vision_msgs_generate_messages_check_deps_YoloDetection[0m
make[2]: warning:  Clock skew detected.  Your build may be incomplete.
make[2]: Warning: File 'CMakeFiles/_lasr_vision_msgs_generate_messages_check_deps_YoloDetection.dir/progress.make' has modification time 0.73 s in the future
make[2]: Warning: File 'CMakeFiles/_lasr_vision_msgs_generate_messages_check_deps_TorchFaceFeatureDetection.dir/progress.make' has modification time 0.73 s in the future
[35m[1mScanning dependencies of target _lasr_vision_msgs_generate_messages_check_deps_TorchFaceFeatureDetection[0m
make[2]: warning:  Clock skew detected.  Your build may be incomplete.
make[2]: Warning: File 'CMakeFiles/_lasr_vision_msgs_generate_messages_check_deps_TorchFaceFeatureDetection.dir/progress.make' has modification time 0.7 s in the future
make[2]: warning:  Clock skew detected.  Your build may be incomplete.
[  0%] Built target _lasr_vision_msgs_generate_messages_check_deps_YoloDetection
make[2]: warning:  Clock skew detected.  Your build may be incomplete.
[  0%] Built target _lasr_vision_msgs_generate_messages_check_deps_TorchFaceFeatureDetection
make[2]: Warning: File 'CMakeFiles/_lasr_vision_msgs_generate_messages_check_deps_Recognise.dir/progress.make' has modification time 0.63 s in the future
[35m[1mScanning dependencies of target _lasr_vision_msgs_generate_messages_check_deps_Recognise[0m
make[2]: Warning: File 'CMakeFiles/sensor_msgs_generate_messages_py.dir/progress.make' has modification time 0.7 s in the future
make[2]: warning:  Clock skew detected.  Your build may be incomplete.
make[2]: Warning: File 'CMakeFiles/_lasr_vision_msgs_generate_messages_check_deps_Recognise.dir/progress.make' has modification time 0.6 s in the future
[35m[1mScanning dependencies of target sensor_msgs_generate_messages_py[0m
make[2]: warning:  Clock skew detected.  Your build may be incomplete.
make[2]: Warning: File 'CMakeFiles/sensor_msgs_generate_messages_py.dir/progress.make' has modification time 0.67 s in the future
make[2]: warning:  Clock skew detected.  Your build may be incomplete.
[  0%] Built target sensor_msgs_generate_messages_py
make[2]: Warning: File 'CMakeFiles/_lasr_vision_msgs_generate_messages_check_deps_BodyPixDetection.dir/progress.make' has modification time 0.55 s in the future
[35m[1mScanning dependencies of target _lasr_vision_msgs_generate_messages_check_deps_BodyPixDetection[0m
make[2]: warning:  Clock skew detected.  Your build may be incomplete.
make[2]: warning:  Clock skew detected.  Your build may be incomplete.
make[2]: Warning: File 'CMakeFiles/_lasr_vision_msgs_generate_messages_check_deps_BodyPixDetection.dir/progress.make' has modification time 0.52 s in the future
[  0%] Built target _lasr_vision_msgs_generate_messages_check_deps_Recognise
make[2]: Warning: File 'CMakeFiles/_lasr_vision_msgs_generate_messages_check_deps_Detection.dir/progress.make' has modification time 0.52 s in the future
[35m[1mScanning dependencies of target _lasr_vision_msgs_generate_messages_check_deps_Detection[0m
make[2]: warning:  Clock skew detected.  Your build may be incomplete.
make[2]: Warning: File 'CMakeFiles/_lasr_vision_msgs_generate_messages_check_deps_Detection.dir/progress.make' has modification time 0.5 s in the future
make[2]: warning:  Clock skew detected.  Your build may be incomplete.
[  0%] Built target _lasr_vision_msgs_generate_messages_check_deps_BodyPixDetection
make[2]: Warning: File 'CMakeFiles/_lasr_vision_msgs_generate_messages_check_deps_BodyPixMask.dir/progress.make' has modification time 0.45 s in the future
[35m[1mScanning dependencies of target _lasr_vision_msgs_generate_messages_check_deps_BodyPixMask[0m
make[2]: warning:  Clock skew detected.  Your build may be incomplete.
make[2]: warning:  Clock skew detected.  Your build may be incomplete.
make[2]: Warning: File 'CMakeFiles/_lasr_vision_msgs_generate_messages_check_deps_BodyPixMask.dir/progress.make' has modification time 0.43 s in the future
[  0%] Built target _lasr_vision_msgs_generate_messages_check_deps_Detection
make[2]: Warning: File 'CMakeFiles/_lasr_vision_msgs_generate_messages_check_deps_BodyPixMaskRequest.dir/progress.make' has modification time 0.42 s in the future
[35m[1mScanning dependencies of target _lasr_vision_msgs_generate_messages_check_deps_BodyPixMaskRequest[0m
make[2]: warning:  Clock skew detected.  Your build may be incomplete.
make[2]: Warning: File 'CMakeFiles/_lasr_vision_msgs_generate_messages_check_deps_BodyPixMaskRequest.dir/progress.make' has modification time 0.4 s in the future
make[2]: warning:  Clock skew detected.  Your build may be incomplete.
[  0%] Built target _lasr_vision_msgs_generate_messages_check_deps_BodyPixMask
make[2]: Warning: File 'CMakeFiles/_lasr_vision_msgs_generate_messages_check_deps_BodyPixPose.dir/progress.make' has modification time 0.36 s in the future
make[2]: warning:  Clock skew detected.  Your build may be incomplete.
[35m[1mScanning dependencies of target _lasr_vision_msgs_generate_messages_check_deps_BodyPixPose[0m
[  0%] Built target _lasr_vision_msgs_generate_messages_check_deps_BodyPixMaskRequest
make[2]: Warning: File 'CMakeFiles/_lasr_vision_msgs_generate_messages_check_deps_ColourPrediction.dir/progress.make' has modification time 0.34 s in the future
make[2]: warning:  Clock skew detected.  Your build may be incomplete.
make[2]: Warning: File 'CMakeFiles/_lasr_vision_msgs_generate_messages_check_deps_BodyPixPose.dir/progress.make' has modification time 0.33 s in the future
[35m[1mScanning dependencies of target _lasr_vision_msgs_generate_messages_check_deps_ColourPrediction[0m
make[2]: warning:  Clock skew detected.  Your build may be incomplete.
make[2]: Warning: File 'CMakeFiles/_lasr_vision_msgs_generate_messages_check_deps_ColourPrediction.dir/progress.make' has modification time 0.32 s in the future
make[2]: warning:  Clock skew detected.  Your build may be incomplete.
make[2]: warning:  Clock skew detected.  Your build may be incomplete.
[  0%] Built target _lasr_vision_msgs_generate_messages_check_deps_BodyPixPose
make[2]: Warning: File 'CMakeFiles/_lasr_vision_msgs_generate_messages_check_deps_FeatureWithColour.dir/progress.make' has modification time 0.26 s in the future
[  0%] Built target _lasr_vision_msgs_generate_messages_check_deps_ColourPrediction
make[2]: Warning: File 'CMakeFiles/sensor_msgs_generate_messages_lisp.dir/progress.make' has modification time 0.33 s in the future
[35m[1mScanning dependencies of target _lasr_vision_msgs_generate_messages_check_deps_FeatureWithColour[0m
[35m[1mScanning dependencies of target sensor_msgs_generate_messages_lisp[0m
make[2]: warning:  Clock skew detected.  Your build may be incomplete.
make[2]: Warning: File 'CMakeFiles/_lasr_vision_msgs_generate_messages_check_deps_FeatureWithColour.dir/progress.make' has modification time 0.22 s in the future
make[2]: warning:  Clock skew detected.  Your build may be incomplete.
make[2]: Warning: File 'CMakeFiles/sensor_msgs_generate_messages_lisp.dir/progress.make' has modification time 0.29 s in the future
make[2]: warning:  Clock skew detected.  Your build may be incomplete.
[  0%] Built target sensor_msgs_generate_messages_lisp
make[2]: Warning: File 'CMakeFiles/sensor_msgs_generate_messages_nodejs.dir/progress.make' has modification time 0.28 s in the future
[35m[1mScanning dependencies of target sensor_msgs_generate_messages_nodejs[0m
make[2]: warning:  Clock skew detected.  Your build may be incomplete.
make[2]: warning:  Clock skew detected.  Your build may be incomplete.
make[2]: Warning: File 'CMakeFiles/sensor_msgs_generate_messages_nodejs.dir/progress.make' has modification time 0.24 s in the future
make[2]: warning:  Clock skew detected.  Your build may be incomplete.
[  0%] Built target _lasr_vision_msgs_generate_messages_check_deps_FeatureWithColour
make[2]: Warning: File 'CMakeFiles/sensor_msgs_generate_messages_cpp.dir/progress.make' has modification time 0.21 s in the future
[  0%] Built target sensor_msgs_generate_messages_nodejs
make[2]: Warning: File 'CMakeFiles/sensor_msgs_generate_messages_eus.dir/progress.make' has modification time 0.21 s in the future
[35m[1mScanning dependencies of target sensor_msgs_generate_messages_cpp[0m
make[2]: warning:  Clock skew detected.  Your build may be incomplete.
make[2]: Warning: File 'CMakeFiles/sensor_msgs_generate_messages_cpp.dir/progress.make' has modification time 0.18 s in the future
[35m[1mScanning dependencies of target sensor_msgs_generate_messages_eus[0m
make[2]: warning:  Clock skew detected.  Your build may be incomplete.
make[2]: warning:  Clock skew detected.  Your build may be incomplete.
make[2]: Warning: File 'CMakeFiles/sensor_msgs_generate_messages_eus.dir/progress.make' has modification time 0.17 s in the future
make[2]: warning:  Clock skew detected.  Your build may be incomplete.
[  0%] Built target sensor_msgs_generate_messages_cpp
[  0%] Built target sensor_msgs_generate_messages_eus
make[2]: Warning: File 'CMakeFiles/lasr_vision_msgs_generate_messages_py.dir/progress.make' has modification time 0.14 s in the future
make[2]: Warning: File 'CMakeFiles/lasr_vision_msgs_generate_messages_lisp.dir/progress.make' has modification time 0.13 s in the future
[35m[1mScanning dependencies of target lasr_vision_msgs_generate_messages_py[0m
[35m[1mScanning dependencies of target lasr_vision_msgs_generate_messages_lisp[0m
make[2]: warning:  Clock skew detected.  Your build may be incomplete.
make[2]: Warning: File 'CMakeFiles/lasr_vision_msgs_generate_messages_py.dir/progress.make' has modification time 0.11 s in the future
make[2]: warning:  Clock skew detected.  Your build may be incomplete.
make[2]: Warning: File 'CMakeFiles/lasr_vision_msgs_generate_messages_lisp.dir/progress.make' has modification time 0.098 s in the future
make[2]: warning:  Clock skew detected.  Your build may be incomplete.
make[2]: warning:  Clock skew detected.  Your build may be incomplete.
[ 41%] Built target lasr_vision_msgs_generate_messages_lisp
[ 41%] Built target lasr_vision_msgs_generate_messages_py
make[2]: Warning: File 'CMakeFiles/lasr_vision_msgs_generate_messages_nodejs.dir/progress.make' has modification time 0.063 s in the future
make[2]: Warning: File 'CMakeFiles/lasr_vision_msgs_generate_messages_cpp.dir/progress.make' has modification time 0.054 s in the future
[35m[1mScanning dependencies of target lasr_vision_msgs_generate_messages_cpp[0m
[35m[1mScanning dependencies of target lasr_vision_msgs_generate_messages_nodejs[0m
make[2]: warning:  Clock skew detected.  Your build may be incomplete.
make[2]: warning:  Clock skew detected.  Your build may be incomplete.
make[2]: Warning: File 'CMakeFiles/lasr_vision_msgs_generate_messages_cpp.dir/progress.make' has modification time 0.032 s in the future
make[2]: Warning: File 'CMakeFiles/lasr_vision_msgs_generate_messages_nodejs.dir/progress.make' has modification time 0.039 s in the future
make[2]: warning:  Clock skew detected.  Your build may be incomplete.
make[2]: warning:  Clock skew detected.  Your build may be incomplete.
[ 79%] Built target lasr_vision_msgs_generate_messages_cpp
[ 79%] Built target lasr_vision_msgs_generate_messages_nodejs
[35m[1mScanning dependencies of target lasr_vision_msgs_generate_messages_eus[0m
[100%] Built target lasr_vision_msgs_generate_messages_eus
[35m[1mScanning dependencies of target lasr_vision_msgs_generate_messages[0m
[100%] Built target lasr_vision_msgs_generate_messages
make[1]: warning:  Clock skew detected.  Your build may be incomplete.
make: warning:  Clock skew detected.  Your build may be incomplete.
