[35m[1mScanning dependencies of target _lasr_vision_msgs_generate_messages_check_deps_YoloDetection[0m
[  0%] Built target _lasr_vision_msgs_generate_messages_check_deps_YoloDetection
[35m[1mScanning dependencies of target _lasr_vision_msgs_generate_messages_check_deps_TorchFaceFeatureDetection[0m
[  0%] Built target _lasr_vision_msgs_generate_messages_check_deps_TorchFaceFeatureDetection
[35m[1mScanning dependencies of target _lasr_vision_msgs_generate_messages_check_deps_Recognise[0m
[  0%] Built target _lasr_vision_msgs_generate_messages_check_deps_Recognise
[35m[1mScanning dependencies of target sensor_msgs_generate_messages_py[0m
[  0%] Built target sensor_msgs_generate_messages_py
[35m[1mScanning dependencies of target _lasr_vision_msgs_generate_messages_check_deps_BodyPixDetection[0m
[  0%] Built target _lasr_vision_msgs_generate_messages_check_deps_BodyPixDetection
[35m[1mScanning dependencies of target _lasr_vision_msgs_generate_messages_check_deps_Detection[0m
[  0%] Built target _lasr_vision_msgs_generate_messages_check_deps_Detection
[35m[1mScanning dependencies of target _lasr_vision_msgs_generate_messages_check_deps_BodyPixMask[0m
[  0%] Built target _lasr_vision_msgs_generate_messages_check_deps_BodyPixMask
[35m[1mScanning dependencies of target _lasr_vision_msgs_generate_messages_check_deps_BodyPixMaskRequest[0m
[  0%] Built target _lasr_vision_msgs_generate_messages_check_deps_BodyPixMaskRequest
[35m[1mScanning dependencies of target _lasr_vision_msgs_generate_messages_check_deps_BodyPixPose[0m
[  0%] Built target _lasr_vision_msgs_generate_messages_check_deps_BodyPixPose
[35m[1mScanning dependencies of target _lasr_vision_msgs_generate_messages_check_deps_ColourPrediction[0m
[  0%] Built target _lasr_vision_msgs_generate_messages_check_deps_ColourPrediction
[35m[1mScanning dependencies of target _lasr_vision_msgs_generate_messages_check_deps_FeatureWithColour[0m
[  0%] Built target _lasr_vision_msgs_generate_messages_check_deps_FeatureWithColour
[35m[1mScanning dependencies of target sensor_msgs_generate_messages_lisp[0m
[  0%] Built target sensor_msgs_generate_messages_lisp
[35m[1mScanning dependencies of target sensor_msgs_generate_messages_nodejs[0m
[  0%] Built target sensor_msgs_generate_messages_nodejs
[35m[1mScanning dependencies of target sensor_msgs_generate_messages_cpp[0m
[  0%] Built target sensor_msgs_generate_messages_cpp
[35m[1mScanning dependencies of target sensor_msgs_generate_messages_eus[0m
[  0%] Built target sensor_msgs_generate_messages_eus
[35m[1mScanning dependencies of target lasr_vision_msgs_generate_messages_py[0m
[  1%] [34m[1mGenerating Python from MSG lasr_vision_msgs/Detection[0m
[  3%] [34m[1mGenerating Python from MSG lasr_vision_msgs/BodyPixPose[0m
[  5%] [34m[1mGenerating Python from MSG lasr_vision_msgs/BodyPixMask[0m
[  7%] [34m[1mGenerating Python from MSG lasr_vision_msgs/BodyPixMaskRequest[0m
[  9%] [34m[1mGenerating Python from MSG lasr_vision_msgs/ColourPrediction[0m
[35m[1mScanning dependencies of target lasr_vision_msgs_generate_messages_lisp[0m
[ 11%] [34m[1mGenerating Lisp code from lasr_vision_msgs/Detection.msg[0m
[ 13%] [34m[1mGenerating Python from MSG lasr_vision_msgs/FeatureWithColour[0m
[35m[1mScanning dependencies of target lasr_vision_msgs_generate_messages_nodejs[0m
[ 15%] [34m[1mGenerating Lisp code from lasr_vision_msgs/BodyPixPose.msg[0m
[ 16%] [34m[1mGenerating Javascript code from lasr_vision_msgs/Detection.msg[0m
[ 20%] [34m[1mGenerating Lisp code from lasr_vision_msgs/BodyPixMask.msg[0m
[ 20%] [34m[1mGenerating Javascript code from lasr_vision_msgs/BodyPixPose.msg[0m
[ 22%] [34m[1mGenerating Python code from SRV lasr_vision_msgs/YoloDetection[0m
[ 26%] [34m[1mGenerating Javascript code from lasr_vision_msgs/BodyPixMask.msg[0m
[ 26%] [34m[1mGenerating Lisp code from lasr_vision_msgs/BodyPixMaskRequest.msg[0m
[ 28%] [34m[1mGenerating Lisp code from lasr_vision_msgs/ColourPrediction.msg[0m
[ 30%] [34m[1mGenerating Javascript code from lasr_vision_msgs/BodyPixMaskRequest.msg[0m
[ 35%] [34m[1mGenerating Lisp code from lasr_vision_msgs/FeatureWithColour.msg[0m
[ 35%] [34m[1mGenerating Python code from SRV lasr_vision_msgs/BodyPixDetection[0m
[ 35%] [34m[1mGenerating Javascript code from lasr_vision_msgs/ColourPrediction.msg[0m
[ 39%] [34m[1mGenerating Lisp code from lasr_vision_msgs/YoloDetection.srv[0m
[ 39%] [34m[1mGenerating Javascript code from lasr_vision_msgs/FeatureWithColour.msg[0m
[ 41%] [34m[1mGenerating Javascript code from lasr_vision_msgs/YoloDetection.srv[0m
[ 43%] [34m[1mGenerating Lisp code from lasr_vision_msgs/BodyPixDetection.srv[0m
[ 45%] [34m[1mGenerating Python code from SRV lasr_vision_msgs/TorchFaceFeatureDetection[0m
[ 47%] [34m[1mGenerating Javascript code from lasr_vision_msgs/BodyPixDetection.srv[0m
[ 49%] [34m[1mGenerating Lisp code from lasr_vision_msgs/TorchFaceFeatureDetection.srv[0m
[ 50%] [34m[1mGenerating Javascript code from lasr_vision_msgs/TorchFaceFeatureDetection.srv[0m
[ 52%] [34m[1mGenerating Lisp code from lasr_vision_msgs/Recognise.srv[0m
[ 54%] [34m[1mGenerating Python code from SRV lasr_vision_msgs/Recognise[0m
[ 56%] [34m[1mGenerating Javascript code from lasr_vision_msgs/Recognise.srv[0m
[ 56%] Built target lasr_vision_msgs_generate_messages_lisp
[ 56%] Built target lasr_vision_msgs_generate_messages_nodejs
[ 58%] [34m[1mGenerating Python msg __init__.py for lasr_vision_msgs[0m
[ 60%] [34m[1mGenerating Python srv __init__.py for lasr_vision_msgs[0m
[35m[1mScanning dependencies of target lasr_vision_msgs_generate_messages_cpp[0m
[ 60%] Built target lasr_vision_msgs_generate_messages_py
[ 62%] [34m[1mGenerating C++ code from lasr_vision_msgs/Detection.msg[0m
[ 64%] [34m[1mGenerating C++ code from lasr_vision_msgs/BodyPixPose.msg[0m
[35m[1mScanning dependencies of target lasr_vision_msgs_generate_messages_eus[0m
[ 66%] [34m[1mGenerating EusLisp code from lasr_vision_msgs/Detection.msg[0m
[ 67%] [34m[1mGenerating C++ code from lasr_vision_msgs/BodyPixMask.msg[0m
[ 69%] [34m[1mGenerating EusLisp code from lasr_vision_msgs/BodyPixPose.msg[0m
[ 71%] [34m[1mGenerating EusLisp code from lasr_vision_msgs/BodyPixMask.msg[0m
[ 73%] [34m[1mGenerating C++ code from lasr_vision_msgs/BodyPixMaskRequest.msg[0m
[ 75%] [34m[1mGenerating EusLisp code from lasr_vision_msgs/BodyPixMaskRequest.msg[0m
[ 77%] [34m[1mGenerating C++ code from lasr_vision_msgs/ColourPrediction.msg[0m
[ 79%] [34m[1mGenerating EusLisp code from lasr_vision_msgs/ColourPrediction.msg[0m
[ 81%] [34m[1mGenerating EusLisp code from lasr_vision_msgs/FeatureWithColour.msg[0m
[ 83%] [34m[1mGenerating C++ code from lasr_vision_msgs/FeatureWithColour.msg[0m
[ 84%] [34m[1mGenerating EusLisp code from lasr_vision_msgs/YoloDetection.srv[0m
[ 88%] [34m[1mGenerating C++ code from lasr_vision_msgs/YoloDetection.srv[0m
[ 88%] [34m[1mGenerating EusLisp code from lasr_vision_msgs/BodyPixDetection.srv[0m
[ 90%] [34m[1mGenerating EusLisp code from lasr_vision_msgs/TorchFaceFeatureDetection.srv[0m
[ 92%] [34m[1mGenerating EusLisp code from lasr_vision_msgs/Recognise.srv[0m
[ 94%] [34m[1mGenerating C++ code from lasr_vision_msgs/BodyPixDetection.srv[0m
[ 96%] [34m[1mGenerating C++ code from lasr_vision_msgs/TorchFaceFeatureDetection.srv[0m
[ 98%] [34m[1mGenerating EusLisp manifest code for lasr_vision_msgs[0m
[100%] [34m[1mGenerating C++ code from lasr_vision_msgs/Recognise.srv[0m
[100%] Built target lasr_vision_msgs_generate_messages_cpp
[100%] Built target lasr_vision_msgs_generate_messages_eus
[35m[1mScanning dependencies of target lasr_vision_msgs_generate_messages[0m
[100%] Built target lasr_vision_msgs_generate_messages
