Linked: (/home/k21066336/tiago_public_ws/devel/.private/lasr_interaction_server/lib/pkgconfig/lasr_interaction_server.pc, /home/k21066336/tiago_public_ws/devel/lib/pkgconfig/lasr_interaction_server.pc)
Linked: (/home/k21066336/tiago_public_ws/devel/.private/lasr_interaction_server/lib/python3/dist-packages/lasr_interaction_server/__init__.py, /home/k21066336/tiago_public_ws/devel/lib/python3/dist-packages/lasr_interaction_server/__init__.py)
Linked: (/home/k21066336/tiago_public_ws/devel/.private/lasr_interaction_server/lib/python3/dist-packages/lasr_interaction_server/srv/_SpeechInteraction.py, /home/k21066336/tiago_public_ws/devel/lib/python3/dist-packages/lasr_interaction_server/srv/_SpeechInteraction.py)
Linked: (/home/k21066336/tiago_public_ws/devel/.private/lasr_interaction_server/lib/python3/dist-packages/lasr_interaction_server/srv/_TextInteraction.py, /home/k21066336/tiago_public_ws/devel/lib/python3/dist-packages/lasr_interaction_server/srv/_TextInteraction.py)
Linked: (/home/k21066336/tiago_public_ws/devel/.private/lasr_interaction_server/lib/python3/dist-packages/lasr_interaction_server/srv/__init__.py, /home/k21066336/tiago_public_ws/devel/lib/python3/dist-packages/lasr_interaction_server/srv/__init__.py)
Linked: (/home/k21066336/tiago_public_ws/devel/.private/lasr_interaction_server/share/roseus/ros/lasr_interaction_server/manifest.l, /home/k21066336/tiago_public_ws/devel/share/roseus/ros/lasr_interaction_server/manifest.l)
Linked: (/home/k21066336/tiago_public_ws/devel/.private/lasr_interaction_server/share/roseus/ros/lasr_interaction_server/srv/TextInteraction.l, /home/k21066336/tiago_public_ws/devel/share/roseus/ros/lasr_interaction_server/srv/TextInteraction.l)
Linked: (/home/k21066336/tiago_public_ws/devel/.private/lasr_interaction_server/share/roseus/ros/lasr_interaction_server/srv/SpeechInteraction.l, /home/k21066336/tiago_public_ws/devel/share/roseus/ros/lasr_interaction_server/srv/SpeechInteraction.l)
Linked: (/home/k21066336/tiago_public_ws/devel/.private/lasr_interaction_server/share/lasr_interaction_server/cmake/lasr_interaction_serverConfig-version.cmake, /home/k21066336/tiago_public_ws/devel/share/lasr_interaction_server/cmake/lasr_interaction_serverConfig-version.cmake)
Linked: (/home/k21066336/tiago_public_ws/devel/.private/lasr_interaction_server/share/lasr_interaction_server/cmake/lasr_interaction_server-msg-paths.cmake, /home/k21066336/tiago_public_ws/devel/share/lasr_interaction_server/cmake/lasr_interaction_server-msg-paths.cmake)
Linked: (/home/k21066336/tiago_public_ws/devel/.private/lasr_interaction_server/share/lasr_interaction_server/cmake/lasr_interaction_serverConfig.cmake, /home/k21066336/tiago_public_ws/devel/share/lasr_interaction_server/cmake/lasr_interaction_serverConfig.cmake)
Linked: (/home/k21066336/tiago_public_ws/devel/.private/lasr_interaction_server/share/lasr_interaction_server/cmake/lasr_interaction_server-msg-extras.cmake, /home/k21066336/tiago_public_ws/devel/share/lasr_interaction_server/cmake/lasr_interaction_server-msg-extras.cmake)
Linked: (/home/k21066336/tiago_public_ws/devel/.private/lasr_interaction_server/share/common-lisp/ros/lasr_interaction_server/srv/_package.lisp, /home/k21066336/tiago_public_ws/devel/share/common-lisp/ros/lasr_interaction_server/srv/_package.lisp)
Linked: (/home/k21066336/tiago_public_ws/devel/.private/lasr_interaction_server/share/common-lisp/ros/lasr_interaction_server/srv/_package_TextInteraction.lisp, /home/k21066336/tiago_public_ws/devel/share/common-lisp/ros/lasr_interaction_server/srv/_package_TextInteraction.lisp)
Linked: (/home/k21066336/tiago_public_ws/devel/.private/lasr_interaction_server/share/common-lisp/ros/lasr_interaction_server/srv/_package_SpeechInteraction.lisp, /home/k21066336/tiago_public_ws/devel/share/common-lisp/ros/lasr_interaction_server/srv/_package_SpeechInteraction.lisp)
Linked: (/home/k21066336/tiago_public_ws/devel/.private/lasr_interaction_server/share/common-lisp/ros/lasr_interaction_server/srv/SpeechInteraction.lisp, /home/k21066336/tiago_public_ws/devel/share/common-lisp/ros/lasr_interaction_server/srv/SpeechInteraction.lisp)
Linked: (/home/k21066336/tiago_public_ws/devel/.private/lasr_interaction_server/share/common-lisp/ros/lasr_interaction_server/srv/lasr_interaction_server-srv.asd, /home/k21066336/tiago_public_ws/devel/share/common-lisp/ros/lasr_interaction_server/srv/lasr_interaction_server-srv.asd)
Linked: (/home/k21066336/tiago_public_ws/devel/.private/lasr_interaction_server/share/common-lisp/ros/lasr_interaction_server/srv/TextInteraction.lisp, /home/k21066336/tiago_public_ws/devel/share/common-lisp/ros/lasr_interaction_server/srv/TextInteraction.lisp)
Linked: (/home/k21066336/tiago_public_ws/devel/.private/lasr_interaction_server/share/gennodejs/ros/lasr_interaction_server/_index.js, /home/k21066336/tiago_public_ws/devel/share/gennodejs/ros/lasr_interaction_server/_index.js)
Linked: (/home/k21066336/tiago_public_ws/devel/.private/lasr_interaction_server/share/gennodejs/ros/lasr_interaction_server/srv/SpeechInteraction.js, /home/k21066336/tiago_public_ws/devel/share/gennodejs/ros/lasr_interaction_server/srv/SpeechInteraction.js)
Linked: (/home/k21066336/tiago_public_ws/devel/.private/lasr_interaction_server/share/gennodejs/ros/lasr_interaction_server/srv/_index.js, /home/k21066336/tiago_public_ws/devel/share/gennodejs/ros/lasr_interaction_server/srv/_index.js)
Linked: (/home/k21066336/tiago_public_ws/devel/.private/lasr_interaction_server/share/gennodejs/ros/lasr_interaction_server/srv/TextInteraction.js, /home/k21066336/tiago_public_ws/devel/share/gennodejs/ros/lasr_interaction_server/srv/TextInteraction.js)
Linked: (/home/k21066336/tiago_public_ws/devel/.private/lasr_interaction_server/include/lasr_interaction_server/SpeechInteractionResponse.h, /home/k21066336/tiago_public_ws/devel/include/lasr_interaction_server/SpeechInteractionResponse.h)
Linked: (/home/k21066336/tiago_public_ws/devel/.private/lasr_interaction_server/include/lasr_interaction_server/TextInteractionRequest.h, /home/k21066336/tiago_public_ws/devel/include/lasr_interaction_server/TextInteractionRequest.h)
Linked: (/home/k21066336/tiago_public_ws/devel/.private/lasr_interaction_server/include/lasr_interaction_server/SpeechInteractionRequest.h, /home/k21066336/tiago_public_ws/devel/include/lasr_interaction_server/SpeechInteractionRequest.h)
Linked: (/home/k21066336/tiago_public_ws/devel/.private/lasr_interaction_server/include/lasr_interaction_server/TextInteractionResponse.h, /home/k21066336/tiago_public_ws/devel/include/lasr_interaction_server/TextInteractionResponse.h)
Linked: (/home/k21066336/tiago_public_ws/devel/.private/lasr_interaction_server/include/lasr_interaction_server/TextInteraction.h, /home/k21066336/tiago_public_ws/devel/include/lasr_interaction_server/TextInteraction.h)
Linked: (/home/k21066336/tiago_public_ws/devel/.private/lasr_interaction_server/include/lasr_interaction_server/SpeechInteraction.h, /home/k21066336/tiago_public_ws/devel/include/lasr_interaction_server/SpeechInteraction.h)
