[35m[1mScanning dependencies of target _lasr_interaction_server_generate_messages_check_deps_TextInteraction[0m
[35m[1mScanning dependencies of target std_msgs_generate_messages_cpp[0m
[35m[1mScanning dependencies of target std_msgs_generate_messages_eus[0m
[35m[1mScanning dependencies of target std_msgs_generate_messages_lisp[0m
[35m[1mScanning dependencies of target std_msgs_generate_messages_py[0m
[35m[1mScanning dependencies of target std_msgs_generate_messages_nodejs[0m
[35m[1mScanning dependencies of target _lasr_interaction_server_generate_messages_check_deps_SpeechInteraction[0m
[  0%] Built target std_msgs_generate_messages_nodejs
[  0%] Built target std_msgs_generate_messages_lisp
[  0%] Built target std_msgs_generate_messages_cpp
[  0%] Built target std_msgs_generate_messages_eus
[  0%] Built target std_msgs_generate_messages_py
[  0%] Built target _lasr_interaction_server_generate_messages_check_deps_SpeechInteraction
[  0%] Built target _lasr_interaction_server_generate_messages_check_deps_TextInteraction
[35m[1mScanning dependencies of target lasr_interaction_server_generate_messages_cpp[0m
[35m[1mScanning dependencies of target lasr_interaction_server_generate_messages_py[0m
[35m[1mScanning dependencies of target lasr_interaction_server_generate_messages_lisp[0m
[35m[1mScanning dependencies of target lasr_interaction_server_generate_messages_eus[0m
[35m[1mScanning dependencies of target lasr_interaction_server_generate_messages_nodejs[0m
[ 41%] [34m[1mGenerating Python code from SRV lasr_interaction_server/TextInteraction[0m
[ 41%] [34m[1mGenerating Python code from SRV lasr_interaction_server/SpeechInteraction[0m
[ 41%] [34m[1mGenerating Lisp code from lasr_interaction_server/SpeechInteraction.srv[0m
[ 75%] [34m[1mGenerating Javascript code from lasr_interaction_server/TextInteraction.srv[0m
[ 75%] [34m[1mGenerating C++ code from lasr_interaction_server/SpeechInteraction.srv[0m
[ 75%] [34m[1mGenerating Javascript code from lasr_interaction_server/SpeechInteraction.srv[0m
[ 91%] [34m[1mGenerating EusLisp manifest code for lasr_interaction_server[0m
[ 91%] [34m[1mGenerating C++ code from lasr_interaction_server/TextInteraction.srv[0m
[ 91%] [34m[1mGenerating EusLisp code from lasr_interaction_server/SpeechInteraction.srv[0m
[ 91%] [34m[1mGenerating Lisp code from lasr_interaction_server/TextInteraction.srv[0m
[ 91%] [34m[1mGenerating EusLisp code from lasr_interaction_server/TextInteraction.srv[0m
[ 91%] Built target lasr_interaction_server_generate_messages_lisp
[ 91%] Built target lasr_interaction_server_generate_messages_nodejs
[100%] [34m[1mGenerating Python srv __init__.py for lasr_interaction_server[0m
[100%] Built target lasr_interaction_server_generate_messages_cpp
[100%] Built target lasr_interaction_server_generate_messages_py
[100%] Built target lasr_interaction_server_generate_messages_eus
[35m[1mScanning dependencies of target lasr_interaction_server_generate_messages[0m
[100%] Built target lasr_interaction_server_generate_messages
