Symlinking /home/k21066336/tiago_public_ws/devel/lib/python3/dist-packages/lasr_interaction_server/__init__.py
Symlinking /home/k21066336/tiago_public_ws/devel/lib/python3/dist-packages/lasr_interaction_server/srv/_SpeechInteraction.py
Symlinking /home/k21066336/tiago_public_ws/devel/lib/python3/dist-packages/lasr_interaction_server/srv/__init__.py
Symlinking /home/k21066336/tiago_public_ws/devel/lib/python3/dist-packages/lasr_interaction_server/srv/_TextInteraction.py
Symlinking /home/k21066336/tiago_public_ws/devel/lib/pkgconfig/lasr_interaction_server.pc
Symlinking /home/k21066336/tiago_public_ws/devel/include/lasr_interaction_server/TextInteraction.h
Symlinking /home/k21066336/tiago_public_ws/devel/include/lasr_interaction_server/TextInteractionResponse.h
Symlinking /home/k21066336/tiago_public_ws/devel/include/lasr_interaction_server/TextInteractionRequest.h
Symlinking /home/k21066336/tiago_public_ws/devel/include/lasr_interaction_server/SpeechInteractionRequest.h
Symlinking /home/k21066336/tiago_public_ws/devel/include/lasr_interaction_server/SpeechInteraction.h
Symlinking /home/k21066336/tiago_public_ws/devel/include/lasr_interaction_server/SpeechInteractionResponse.h
Symlinking /home/k21066336/tiago_public_ws/devel/share/lasr_interaction_server/cmake/lasr_interaction_server-msg-paths.cmake
Symlinking /home/k21066336/tiago_public_ws/devel/share/lasr_interaction_server/cmake/lasr_interaction_serverConfig.cmake
Symlinking /home/k21066336/tiago_public_ws/devel/share/lasr_interaction_server/cmake/lasr_interaction_server-msg-extras.cmake
Symlinking /home/k21066336/tiago_public_ws/devel/share/lasr_interaction_server/cmake/lasr_interaction_serverConfig-version.cmake
Symlinking /home/k21066336/tiago_public_ws/devel/share/common-lisp/ros/lasr_interaction_server/srv/_package.lisp
Symlinking /home/k21066336/tiago_public_ws/devel/share/common-lisp/ros/lasr_interaction_server/srv/lasr_interaction_server-srv.asd
Symlinking /home/k21066336/tiago_public_ws/devel/share/common-lisp/ros/lasr_interaction_server/srv/SpeechInteraction.lisp
Symlinking /home/k21066336/tiago_public_ws/devel/share/common-lisp/ros/lasr_interaction_server/srv/_package_SpeechInteraction.lisp
Symlinking /home/k21066336/tiago_public_ws/devel/share/common-lisp/ros/lasr_interaction_server/srv/TextInteraction.lisp
Symlinking /home/k21066336/tiago_public_ws/devel/share/common-lisp/ros/lasr_interaction_server/srv/_package_TextInteraction.lisp
Symlinking /home/k21066336/tiago_public_ws/devel/share/roseus/ros/lasr_interaction_server/manifest.l
Symlinking /home/k21066336/tiago_public_ws/devel/share/roseus/ros/lasr_interaction_server/srv/SpeechInteraction.l
Symlinking /home/k21066336/tiago_public_ws/devel/share/roseus/ros/lasr_interaction_server/srv/TextInteraction.l
Symlinking /home/k21066336/tiago_public_ws/devel/share/gennodejs/ros/lasr_interaction_server/_index.js
Symlinking /home/k21066336/tiago_public_ws/devel/share/gennodejs/ros/lasr_interaction_server/srv/_index.js
Symlinking /home/k21066336/tiago_public_ws/devel/share/gennodejs/ros/lasr_interaction_server/srv/TextInteraction.js
Symlinking /home/k21066336/tiago_public_ws/devel/share/gennodejs/ros/lasr_interaction_server/srv/SpeechInteraction.js
