Symlinking /home/k21066336/tiago_public_ws/devel/include/listen_module/DialogListenRequest.h
Symlinking /home/k21066336/tiago_public_ws/devel/include/listen_module/DialogListenResponse.h
Symlinking /home/k21066336/tiago_public_ws/devel/include/listen_module/DialogListen.h
Symlinking /home/k21066336/tiago_public_ws/devel/lib/python3/dist-packages/listen_module/__init__.py
Symlinking /home/k21066336/tiago_public_ws/devel/lib/python3/dist-packages/listen_module/srv/_DialogListen.py
Symlinking /home/k21066336/tiago_public_ws/devel/lib/python3/dist-packages/listen_module/srv/__init__.py
Symlinking /home/k21066336/tiago_public_ws/devel/lib/pkgconfig/listen_module.pc
Symlinking /home/k21066336/tiago_public_ws/devel/share/gennodejs/ros/listen_module/_index.js
Symlinking /home/k21066336/tiago_public_ws/devel/share/gennodejs/ros/listen_module/srv/DialogListen.js
Symlinking /home/k21066336/tiago_public_ws/devel/share/gennodejs/ros/listen_module/srv/_index.js
Symlinking /home/k21066336/tiago_public_ws/devel/share/roseus/ros/listen_module/manifest.l
Symlinking /home/k21066336/tiago_public_ws/devel/share/roseus/ros/listen_module/srv/DialogListen.l
Symlinking /home/k21066336/tiago_public_ws/devel/share/common-lisp/ros/listen_module/srv/_package_DialogListen.lisp
Symlinking /home/k21066336/tiago_public_ws/devel/share/common-lisp/ros/listen_module/srv/_package.lisp
Symlinking /home/k21066336/tiago_public_ws/devel/share/common-lisp/ros/listen_module/srv/DialogListen.lisp
Symlinking /home/k21066336/tiago_public_ws/devel/share/common-lisp/ros/listen_module/srv/listen_module-srv.asd
Symlinking /home/k21066336/tiago_public_ws/devel/share/listen_module/cmake/listen_module-msg-paths.cmake
Symlinking /home/k21066336/tiago_public_ws/devel/share/listen_module/cmake/listen_moduleConfig-version.cmake
Symlinking /home/k21066336/tiago_public_ws/devel/share/listen_module/cmake/listen_moduleConfig.cmake
Symlinking /home/k21066336/tiago_public_ws/devel/share/listen_module/cmake/listen_module-msg-extras.cmake
