Linked: (/home/k21066336/tiago_public_ws/devel/.private/listen_module/share/common-lisp/ros/listen_module/srv/listen_module-srv.asd, /home/k21066336/tiago_public_ws/devel/share/common-lisp/ros/listen_module/srv/listen_module-srv.asd)
Linked: (/home/k21066336/tiago_public_ws/devel/.private/listen_module/share/common-lisp/ros/listen_module/srv/_package.lisp, /home/k21066336/tiago_public_ws/devel/share/common-lisp/ros/listen_module/srv/_package.lisp)
Linked: (/home/k21066336/tiago_public_ws/devel/.private/listen_module/share/common-lisp/ros/listen_module/srv/_package_DialogListen.lisp, /home/k21066336/tiago_public_ws/devel/share/common-lisp/ros/listen_module/srv/_package_DialogListen.lisp)
Linked: (/home/k21066336/tiago_public_ws/devel/.private/listen_module/share/common-lisp/ros/listen_module/srv/DialogListen.lisp, /home/k21066336/tiago_public_ws/devel/share/common-lisp/ros/listen_module/srv/DialogListen.lisp)
Linked: (/home/k21066336/tiago_public_ws/devel/.private/listen_module/share/roseus/ros/listen_module/manifest.l, /home/k21066336/tiago_public_ws/devel/share/roseus/ros/listen_module/manifest.l)
Linked: (/home/k21066336/tiago_public_ws/devel/.private/listen_module/share/roseus/ros/listen_module/srv/DialogListen.l, /home/k21066336/tiago_public_ws/devel/share/roseus/ros/listen_module/srv/DialogListen.l)
Linked: (/home/k21066336/tiago_public_ws/devel/.private/listen_module/share/listen_module/cmake/listen_moduleConfig-version.cmake, /home/k21066336/tiago_public_ws/devel/share/listen_module/cmake/listen_moduleConfig-version.cmake)
Linked: (/home/k21066336/tiago_public_ws/devel/.private/listen_module/share/listen_module/cmake/listen_moduleConfig.cmake, /home/k21066336/tiago_public_ws/devel/share/listen_module/cmake/listen_moduleConfig.cmake)
Linked: (/home/k21066336/tiago_public_ws/devel/.private/listen_module/share/listen_module/cmake/listen_module-msg-extras.cmake, /home/k21066336/tiago_public_ws/devel/share/listen_module/cmake/listen_module-msg-extras.cmake)
Linked: (/home/k21066336/tiago_public_ws/devel/.private/listen_module/share/listen_module/cmake/listen_module-msg-paths.cmake, /home/k21066336/tiago_public_ws/devel/share/listen_module/cmake/listen_module-msg-paths.cmake)
Linked: (/home/k21066336/tiago_public_ws/devel/.private/listen_module/share/gennodejs/ros/listen_module/_index.js, /home/k21066336/tiago_public_ws/devel/share/gennodejs/ros/listen_module/_index.js)
Linked: (/home/k21066336/tiago_public_ws/devel/.private/listen_module/share/gennodejs/ros/listen_module/srv/DialogListen.js, /home/k21066336/tiago_public_ws/devel/share/gennodejs/ros/listen_module/srv/DialogListen.js)
Linked: (/home/k21066336/tiago_public_ws/devel/.private/listen_module/share/gennodejs/ros/listen_module/srv/_index.js, /home/k21066336/tiago_public_ws/devel/share/gennodejs/ros/listen_module/srv/_index.js)
Symlinking /home/k21066336/tiago_public_ws/devel/lib/python3/dist-packages/listen_module/__init__.py
Symlinking /home/k21066336/tiago_public_ws/devel/lib/python3/dist-packages/listen_module/srv/_DialogListen.py
Symlinking /home/k21066336/tiago_public_ws/devel/lib/python3/dist-packages/listen_module/srv/__init__.py
Symlinking /home/k21066336/tiago_public_ws/devel/lib/pkgconfig/listen_module.pc
Symlinking /home/k21066336/tiago_public_ws/devel/include/listen_module/DialogListenResponse.h
Symlinking /home/k21066336/tiago_public_ws/devel/include/listen_module/DialogListen.h
Symlinking /home/k21066336/tiago_public_ws/devel/include/listen_module/DialogListenRequest.h
