make: Warning: File 'Makefile' has modification time 0.6 s in the future
make[1]: Warning: File 'CMakeFiles/Makefile2' has modification time 0.9 s in the future
make[2]: Warning: File 'CMakeFiles/std_msgs_generate_messages_nodejs.dir/progress.make' has modification time 0.86 s in the future
[35m[1mScanning dependencies of target std_msgs_generate_messages_nodejs[0m
make[2]: warning:  Clock skew detected.  Your build may be incomplete.
make[2]: Warning: File 'CMakeFiles/std_msgs_generate_messages_nodejs.dir/progress.make' has modification time 0.84 s in the future
make[2]: warning:  Clock skew detected.  Your build may be incomplete.
[  0%] Built target std_msgs_generate_messages_nodejs
make[2]: Warning: File 'CMakeFiles/_listen_module_generate_messages_check_deps_DialogListen.dir/progress.make' has modification time 0.72 s in the future
[35m[1mScanning dependencies of target _listen_module_generate_messages_check_deps_DialogListen[0m
make[2]: warning:  Clock skew detected.  Your build may be incomplete.
make[2]: Warning: File 'CMakeFiles/_listen_module_generate_messages_check_deps_DialogListen.dir/progress.make' has modification time 0.7 s in the future
make[2]: warning:  Clock skew detected.  Your build may be incomplete.
[  0%] Built target _listen_module_generate_messages_check_deps_DialogListen
make[2]: Warning: File 'CMakeFiles/geometry_msgs_generate_messages_nodejs.dir/progress.make' has modification time 0.65 s in the future
[35m[1mScanning dependencies of target geometry_msgs_generate_messages_nodejs[0m
make[2]: warning:  Clock skew detected.  Your build may be incomplete.
make[2]: Warning: File 'CMakeFiles/geometry_msgs_generate_messages_nodejs.dir/progress.make' has modification time 0.63 s in the future
make[2]: warning:  Clock skew detected.  Your build may be incomplete.
[  0%] Built target geometry_msgs_generate_messages_nodejs
make[2]: Warning: File 'CMakeFiles/std_msgs_generate_messages_py.dir/progress.make' has modification time 0.7 s in the future
[35m[1mScanning dependencies of target std_msgs_generate_messages_py[0m
make[2]: warning:  Clock skew detected.  Your build may be incomplete.
make[2]: Warning: File 'CMakeFiles/std_msgs_generate_messages_py.dir/progress.make' has modification time 0.67 s in the future
make[2]: warning:  Clock skew detected.  Your build may be incomplete.
[  0%] Built target std_msgs_generate_messages_py
make[2]: Warning: File 'CMakeFiles/geometry_msgs_generate_messages_py.dir/progress.make' has modification time 0.58 s in the future
[35m[1mScanning dependencies of target geometry_msgs_generate_messages_py[0m
make[2]: warning:  Clock skew detected.  Your build may be incomplete.
make[2]: Warning: File 'CMakeFiles/geometry_msgs_generate_messages_py.dir/progress.make' has modification time 0.56 s in the future
make[2]: warning:  Clock skew detected.  Your build may be incomplete.
[  0%] Built target geometry_msgs_generate_messages_py
make[2]: Warning: File 'CMakeFiles/geometry_msgs_generate_messages_lisp.dir/progress.make' has modification time 0.53 s in the future
[35m[1mScanning dependencies of target geometry_msgs_generate_messages_lisp[0m
make[2]: warning:  Clock skew detected.  Your build may be incomplete.
make[2]: Warning: File 'CMakeFiles/geometry_msgs_generate_messages_lisp.dir/progress.make' has modification time 0.51 s in the future
make[2]: warning:  Clock skew detected.  Your build may be incomplete.
[  0%] Built target geometry_msgs_generate_messages_lisp
make[2]: Warning: File 'CMakeFiles/std_msgs_generate_messages_lisp.dir/progress.make' has modification time 0.57 s in the future
[35m[1mScanning dependencies of target std_msgs_generate_messages_lisp[0m
make[2]: warning:  Clock skew detected.  Your build may be incomplete.
make[2]: Warning: File 'CMakeFiles/std_msgs_generate_messages_lisp.dir/progress.make' has modification time 0.54 s in the future
make[2]: warning:  Clock skew detected.  Your build may be incomplete.
[  0%] Built target std_msgs_generate_messages_lisp
make[2]: Warning: File 'CMakeFiles/geometry_msgs_generate_messages_eus.dir/progress.make' has modification time 0.44 s in the future
[35m[1mScanning dependencies of target geometry_msgs_generate_messages_eus[0m
make[2]: warning:  Clock skew detected.  Your build may be incomplete.
make[2]: Warning: File 'CMakeFiles/geometry_msgs_generate_messages_eus.dir/progress.make' has modification time 0.41 s in the future
make[2]: warning:  Clock skew detected.  Your build may be incomplete.
[  0%] Built target geometry_msgs_generate_messages_eus
make[2]: Warning: File 'CMakeFiles/std_msgs_generate_messages_eus.dir/progress.make' has modification time 0.48 s in the future
[35m[1mScanning dependencies of target std_msgs_generate_messages_eus[0m
make[2]: warning:  Clock skew detected.  Your build may be incomplete.
make[2]: Warning: File 'CMakeFiles/std_msgs_generate_messages_eus.dir/progress.make' has modification time 0.46 s in the future
make[2]: warning:  Clock skew detected.  Your build may be incomplete.
[  0%] Built target std_msgs_generate_messages_eus
make[2]: Warning: File 'CMakeFiles/geometry_msgs_generate_messages_cpp.dir/progress.make' has modification time 0.35 s in the future
[35m[1mScanning dependencies of target geometry_msgs_generate_messages_cpp[0m
make[2]: warning:  Clock skew detected.  Your build may be incomplete.
make[2]: Warning: File 'CMakeFiles/geometry_msgs_generate_messages_cpp.dir/progress.make' has modification time 0.33 s in the future
make[2]: warning:  Clock skew detected.  Your build may be incomplete.
[  0%] Built target geometry_msgs_generate_messages_cpp
make[2]: Warning: File 'CMakeFiles/std_msgs_generate_messages_cpp.dir/progress.make' has modification time 0.39 s in the future
[35m[1mScanning dependencies of target std_msgs_generate_messages_cpp[0m
make[2]: warning:  Clock skew detected.  Your build may be incomplete.
make[2]: Warning: File 'CMakeFiles/std_msgs_generate_messages_cpp.dir/progress.make' has modification time 0.37 s in the future
make[2]: warning:  Clock skew detected.  Your build may be incomplete.
[  0%] Built target std_msgs_generate_messages_cpp
make[2]: Warning: File 'CMakeFiles/listen_module_generate_messages_nodejs.dir/progress.make' has modification time 0.31 s in the future
[35m[1mScanning dependencies of target listen_module_generate_messages_nodejs[0m
make[2]: warning:  Clock skew detected.  Your build may be incomplete.
make[2]: Warning: File 'CMakeFiles/listen_module_generate_messages_nodejs.dir/progress.make' has modification time 0.29 s in the future
[ 14%] [34m[1mGenerating Javascript code from listen_module/DialogListen.srv[0m
make[2]: warning:  Clock skew detected.  Your build may be incomplete.
[ 14%] Built target listen_module_generate_messages_nodejs
make[2]: Warning: File 'CMakeFiles/listen_module_generate_messages_py.dir/progress.make' has modification time 0.16 s in the future
[35m[1mScanning dependencies of target listen_module_generate_messages_py[0m
make[2]: warning:  Clock skew detected.  Your build may be incomplete.
make[2]: Warning: File 'CMakeFiles/listen_module_generate_messages_py.dir/progress.make' has modification time 0.13 s in the future
[ 28%] [34m[1mGenerating Python code from SRV listen_module/DialogListen[0m
[ 42%] [34m[1mGenerating Python srv __init__.py for listen_module[0m
make[2]: warning:  Clock skew detected.  Your build may be incomplete.
[ 42%] Built target listen_module_generate_messages_py
[35m[1mScanning dependencies of target listen_module_generate_messages_lisp[0m
[ 57%] [34m[1mGenerating Lisp code from listen_module/DialogListen.srv[0m
[ 57%] Built target listen_module_generate_messages_lisp
[35m[1mScanning dependencies of target listen_module_generate_messages_eus[0m
[ 71%] [34m[1mGenerating EusLisp code from listen_module/DialogListen.srv[0m
[ 85%] [34m[1mGenerating EusLisp manifest code for listen_module[0m
[35m[1mScanning dependencies of target listen_module_generate_messages_cpp[0m
[100%] [34m[1mGenerating C++ code from listen_module/DialogListen.srv[0m
[100%] Built target listen_module_generate_messages_cpp
[100%] Built target listen_module_generate_messages_eus
[35m[1mScanning dependencies of target listen_module_generate_messages[0m
[100%] Built target listen_module_generate_messages
make[1]: warning:  Clock skew detected.  Your build may be incomplete.
make: warning:  Clock skew detected.  Your build may be incomplete.
