[35m[1mScanning dependencies of target std_msgs_generate_messages_lisp[0m
[35m[1mScanning dependencies of target _listen_module_generate_messages_check_deps_DialogListen[0m
[35m[1mScanning dependencies of target geometry_msgs_generate_messages_lisp[0m
[35m[1mScanning dependencies of target std_msgs_generate_messages_eus[0m
[35m[1mScanning dependencies of target geometry_msgs_generate_messages_py[0m
[35m[1mScanning dependencies of target geometry_msgs_generate_messages_cpp[0m
[35m[1mScanning dependencies of target std_msgs_generate_messages_nodejs[0m
[35m[1mScanning dependencies of target std_msgs_generate_messages_py[0m
[35m[1mScanning dependencies of target geometry_msgs_generate_messages_nodejs[0m
[35m[1mScanning dependencies of target std_msgs_generate_messages_cpp[0m
[35m[1mScanning dependencies of target geometry_msgs_generate_messages_eus[0m
[  0%] Built target geometry_msgs_generate_messages_lisp
[  0%] Built target std_msgs_generate_messages_nodejs
[  0%] Built target std_msgs_generate_messages_lisp
[  0%] Built target geometry_msgs_generate_messages_cpp
[  0%] Built target geometry_msgs_generate_messages_py
[  0%] Built target std_msgs_generate_messages_eus
[  0%] Built target std_msgs_generate_messages_py
[  0%] Built target std_msgs_generate_messages_cpp
[  0%] Built target geometry_msgs_generate_messages_nodejs
[  0%] Built target geometry_msgs_generate_messages_eus
[  0%] Built target _listen_module_generate_messages_check_deps_DialogListen
[35m[1mScanning dependencies of target listen_module_generate_messages_eus[0m
[35m[1mScanning dependencies of target listen_module_generate_messages_lisp[0m
[35m[1mScanning dependencies of target listen_module_generate_messages_nodejs[0m
[35m[1mScanning dependencies of target listen_module_generate_messages_py[0m
[35m[1mScanning dependencies of target listen_module_generate_messages_cpp[0m
[ 85%] [34m[1mGenerating EusLisp manifest code for listen_module[0m
[ 85%] [34m[1mGenerating Python code from SRV listen_module/DialogListen[0m
[ 85%] [34m[1mGenerating Javascript code from listen_module/DialogListen.srv[0m
[ 85%] [34m[1mGenerating EusLisp code from listen_module/DialogListen.srv[0m
[ 85%] [34m[1mGenerating C++ code from listen_module/DialogListen.srv[0m
[ 85%] [34m[1mGenerating Lisp code from listen_module/DialogListen.srv[0m
[ 85%] Built target listen_module_generate_messages_nodejs
[ 85%] Built target listen_module_generate_messages_lisp
[ 85%] Built target listen_module_generate_messages_cpp
[100%] [34m[1mGenerating Python srv __init__.py for listen_module[0m
[100%] Built target listen_module_generate_messages_py
[100%] Built target listen_module_generate_messages_eus
[35m[1mScanning dependencies of target listen_module_generate_messages[0m
[100%] Built target listen_module_generate_messages
