Symlinking /home/k21066336/tiago_public_ws/devel/include/narrow_space_navigation/HeightMapResponse.h
Symlinking /home/k21066336/tiago_public_ws/devel/include/narrow_space_navigation/HeightMap.h
Symlinking /home/k21066336/tiago_public_ws/devel/include/narrow_space_navigation/HeightMapRequest.h
Symlinking /home/k21066336/tiago_public_ws/devel/share/roseus/ros/narrow_space_navigation/manifest.l
Symlinking /home/k21066336/tiago_public_ws/devel/share/roseus/ros/narrow_space_navigation/srv/HeightMap.l
Symlinking /home/k21066336/tiago_public_ws/devel/share/narrow_space_navigation/cmake/narrow_space_navigation-msg-paths.cmake
Symlinking /home/k21066336/tiago_public_ws/devel/share/narrow_space_navigation/cmake/narrow_space_navigation-msg-extras.cmake
Symlinking /home/k21066336/tiago_public_ws/devel/share/narrow_space_navigation/cmake/narrow_space_navigationConfig.cmake
Symlinking /home/k21066336/tiago_public_ws/devel/share/narrow_space_navigation/cmake/narrow_space_navigationConfig-version.cmake
Symlinking /home/k21066336/tiago_public_ws/devel/share/gennodejs/ros/narrow_space_navigation/_index.js
Symlinking /home/k21066336/tiago_public_ws/devel/share/gennodejs/ros/narrow_space_navigation/srv/_index.js
Symlinking /home/k21066336/tiago_public_ws/devel/share/gennodejs/ros/narrow_space_navigation/srv/HeightMap.js
Symlinking /home/k21066336/tiago_public_ws/devel/share/common-lisp/ros/narrow_space_navigation/srv/_package.lisp
Symlinking /home/k21066336/tiago_public_ws/devel/share/common-lisp/ros/narrow_space_navigation/srv/narrow_space_navigation-srv.asd
Symlinking /home/k21066336/tiago_public_ws/devel/share/common-lisp/ros/narrow_space_navigation/srv/_package_HeightMap.lisp
Symlinking /home/k21066336/tiago_public_ws/devel/share/common-lisp/ros/narrow_space_navigation/srv/HeightMap.lisp
Symlinking /home/k21066336/tiago_public_ws/devel/lib/python3/dist-packages/narrow_space_navigation/__init__.py
Symlinking /home/k21066336/tiago_public_ws/devel/lib/python3/dist-packages/narrow_space_navigation/srv/__init__.py
Symlinking /home/k21066336/tiago_public_ws/devel/lib/python3/dist-packages/narrow_space_navigation/srv/_HeightMap.py
Symlinking /home/k21066336/tiago_public_ws/devel/lib/pkgconfig/narrow_space_navigation.pc
