Linked: (/home/k21066336/tiago_public_ws/devel/.private/narrow_space_navigation/share/narrow_space_navigation/cmake/narrow_space_navigationConfig.cmake, /home/k21066336/tiago_public_ws/devel/share/narrow_space_navigation/cmake/narrow_space_navigationConfig.cmake)
Linked: (/home/k21066336/tiago_public_ws/devel/.private/narrow_space_navigation/share/narrow_space_navigation/cmake/narrow_space_navigation-msg-paths.cmake, /home/k21066336/tiago_public_ws/devel/share/narrow_space_navigation/cmake/narrow_space_navigation-msg-paths.cmake)
Linked: (/home/k21066336/tiago_public_ws/devel/.private/narrow_space_navigation/share/narrow_space_navigation/cmake/narrow_space_navigationConfig-version.cmake, /home/k21066336/tiago_public_ws/devel/share/narrow_space_navigation/cmake/narrow_space_navigationConfig-version.cmake)
Linked: (/home/k21066336/tiago_public_ws/devel/.private/narrow_space_navigation/share/narrow_space_navigation/cmake/narrow_space_navigation-msg-extras.cmake, /home/k21066336/tiago_public_ws/devel/share/narrow_space_navigation/cmake/narrow_space_navigation-msg-extras.cmake)
Linked: (/home/k21066336/tiago_public_ws/devel/.private/narrow_space_navigation/share/common-lisp/ros/narrow_space_navigation/srv/_package_HeightMap.lisp, /home/k21066336/tiago_public_ws/devel/share/common-lisp/ros/narrow_space_navigation/srv/_package_HeightMap.lisp)
Linked: (/home/k21066336/tiago_public_ws/devel/.private/narrow_space_navigation/share/common-lisp/ros/narrow_space_navigation/srv/_package.lisp, /home/k21066336/tiago_public_ws/devel/share/common-lisp/ros/narrow_space_navigation/srv/_package.lisp)
Linked: (/home/k21066336/tiago_public_ws/devel/.private/narrow_space_navigation/share/common-lisp/ros/narrow_space_navigation/srv/HeightMap.lisp, /home/k21066336/tiago_public_ws/devel/share/common-lisp/ros/narrow_space_navigation/srv/HeightMap.lisp)
Linked: (/home/k21066336/tiago_public_ws/devel/.private/narrow_space_navigation/share/common-lisp/ros/narrow_space_navigation/srv/narrow_space_navigation-srv.asd, /home/k21066336/tiago_public_ws/devel/share/common-lisp/ros/narrow_space_navigation/srv/narrow_space_navigation-srv.asd)
Linked: (/home/k21066336/tiago_public_ws/devel/.private/narrow_space_navigation/share/roseus/ros/narrow_space_navigation/manifest.l, /home/k21066336/tiago_public_ws/devel/share/roseus/ros/narrow_space_navigation/manifest.l)
Linked: (/home/k21066336/tiago_public_ws/devel/.private/narrow_space_navigation/share/roseus/ros/narrow_space_navigation/srv/HeightMap.l, /home/k21066336/tiago_public_ws/devel/share/roseus/ros/narrow_space_navigation/srv/HeightMap.l)
Linked: (/home/k21066336/tiago_public_ws/devel/.private/narrow_space_navigation/share/gennodejs/ros/narrow_space_navigation/_index.js, /home/k21066336/tiago_public_ws/devel/share/gennodejs/ros/narrow_space_navigation/_index.js)
Linked: (/home/k21066336/tiago_public_ws/devel/.private/narrow_space_navigation/share/gennodejs/ros/narrow_space_navigation/srv/HeightMap.js, /home/k21066336/tiago_public_ws/devel/share/gennodejs/ros/narrow_space_navigation/srv/HeightMap.js)
Linked: (/home/k21066336/tiago_public_ws/devel/.private/narrow_space_navigation/share/gennodejs/ros/narrow_space_navigation/srv/_index.js, /home/k21066336/tiago_public_ws/devel/share/gennodejs/ros/narrow_space_navigation/srv/_index.js)
Linked: (/home/k21066336/tiago_public_ws/devel/.private/narrow_space_navigation/include/narrow_space_navigation/HeightMap.h, /home/k21066336/tiago_public_ws/devel/include/narrow_space_navigation/HeightMap.h)
Linked: (/home/k21066336/tiago_public_ws/devel/.private/narrow_space_navigation/include/narrow_space_navigation/HeightMapRequest.h, /home/k21066336/tiago_public_ws/devel/include/narrow_space_navigation/HeightMapRequest.h)
Linked: (/home/k21066336/tiago_public_ws/devel/.private/narrow_space_navigation/include/narrow_space_navigation/HeightMapResponse.h, /home/k21066336/tiago_public_ws/devel/include/narrow_space_navigation/HeightMapResponse.h)
Linked: (/home/k21066336/tiago_public_ws/devel/.private/narrow_space_navigation/lib/python3/dist-packages/narrow_space_navigation/__init__.py, /home/k21066336/tiago_public_ws/devel/lib/python3/dist-packages/narrow_space_navigation/__init__.py)
Linked: (/home/k21066336/tiago_public_ws/devel/.private/narrow_space_navigation/lib/python3/dist-packages/narrow_space_navigation/srv/_HeightMap.py, /home/k21066336/tiago_public_ws/devel/lib/python3/dist-packages/narrow_space_navigation/srv/_HeightMap.py)
Linked: (/home/k21066336/tiago_public_ws/devel/.private/narrow_space_navigation/lib/python3/dist-packages/narrow_space_navigation/srv/__init__.py, /home/k21066336/tiago_public_ws/devel/lib/python3/dist-packages/narrow_space_navigation/srv/__init__.py)
Linked: (/home/k21066336/tiago_public_ws/devel/.private/narrow_space_navigation/lib/pkgconfig/narrow_space_navigation.pc, /home/k21066336/tiago_public_ws/devel/lib/pkgconfig/narrow_space_navigation.pc)
