[35m[1mScanning dependencies of target geometry_msgs_generate_messages_lisp[0m
[  0%] Built target geometry_msgs_generate_messages_lisp
[35m[1mScanning dependencies of target _narrow_space_navigation_generate_messages_check_deps_HeightMap[0m
[  0%] Built target _narrow_space_navigation_generate_messages_check_deps_HeightMap
[35m[1mScanning dependencies of target std_msgs_generate_messages_lisp[0m
[  0%] Built target std_msgs_generate_messages_lisp
[35m[1mScanning dependencies of target std_msgs_generate_messages_py[0m
[  0%] Built target std_msgs_generate_messages_py
[35m[1mScanning dependencies of target geometry_msgs_generate_messages_py[0m
[  0%] Built target geometry_msgs_generate_messages_py
[35m[1mScanning dependencies of target std_msgs_generate_messages_nodejs[0m
[  0%] Built target std_msgs_generate_messages_nodejs
[35m[1mScanning dependencies of target geometry_msgs_generate_messages_nodejs[0m
[  0%] Built target geometry_msgs_generate_messages_nodejs
[35m[1mScanning dependencies of target geometry_msgs_generate_messages_eus[0m
[  0%] Built target geometry_msgs_generate_messages_eus
[35m[1mScanning dependencies of target std_msgs_generate_messages_eus[0m
[  0%] Built target std_msgs_generate_messages_eus
[35m[1mScanning dependencies of target geometry_msgs_generate_messages_cpp[0m
[  0%] Built target geometry_msgs_generate_messages_cpp
[35m[1mScanning dependencies of target std_msgs_generate_messages_cpp[0m
[  0%] Built target std_msgs_generate_messages_cpp
[35m[1mScanning dependencies of target narrow_space_navigation_generate_messages_lisp[0m
[ 14%] [34m[1mGenerating Lisp code from narrow_space_navigation/HeightMap.srv[0m
[ 14%] Built target narrow_space_navigation_generate_messages_lisp
[35m[1mScanning dependencies of target narrow_space_navigation_generate_messages_py[0m
[ 28%] [34m[1mGenerating Python code from SRV narrow_space_navigation/HeightMap[0m
[ 42%] [34m[1mGenerating Python srv __init__.py for narrow_space_navigation[0m
[ 42%] Built target narrow_space_navigation_generate_messages_py
[35m[1mScanning dependencies of target narrow_space_navigation_generate_messages_nodejs[0m
[ 57%] [34m[1mGenerating Javascript code from narrow_space_navigation/HeightMap.srv[0m
[ 57%] Built target narrow_space_navigation_generate_messages_nodejs
[35m[1mScanning dependencies of target narrow_space_navigation_generate_messages_eus[0m
[ 71%] [34m[1mGenerating EusLisp code from narrow_space_navigation/HeightMap.srv[0m
[ 85%] [34m[1mGenerating EusLisp manifest code for narrow_space_navigation[0m
[35m[1mScanning dependencies of target narrow_space_navigation_generate_messages_cpp[0m
[100%] [34m[1mGenerating C++ code from narrow_space_navigation/HeightMap.srv[0m
[100%] Built target narrow_space_navigation_generate_messages_cpp
[100%] Built target narrow_space_navigation_generate_messages_eus
[35m[1mScanning dependencies of target narrow_space_navigation_generate_messages[0m
[100%] Built target narrow_space_navigation_generate_messages
