make: Warning: File 'Makefile' has modification time 0.56 s in the future
make[1]: Warning: File 'CMakeFiles/Makefile2' has modification time 0.89 s in the future
make[2]: Warning: File 'CMakeFiles/geometry_msgs_generate_messages_lisp.dir/progress.make' has modification time 0.76 s in the future
[35m[1mScanning dependencies of target geometry_msgs_generate_messages_lisp[0m
make[2]: warning:  Clock skew detected.  Your build may be incomplete.
make[2]: Warning: File 'CMakeFiles/geometry_msgs_generate_messages_lisp.dir/progress.make' has modification time 0.73 s in the future
make[2]: warning:  Clock skew detected.  Your build may be incomplete.
[  0%] Built target geometry_msgs_generate_messages_lisp
make[2]: Warning: File 'CMakeFiles/_narrow_space_navigation_generate_messages_check_deps_HeightMap.dir/progress.make' has modification time 0.68 s in the future
[35m[1mScanning dependencies of target _narrow_space_navigation_generate_messages_check_deps_HeightMap[0m
make[2]: warning:  Clock skew detected.  Your build may be incomplete.
make[2]: Warning: File 'CMakeFiles/_narrow_space_navigation_generate_messages_check_deps_HeightMap.dir/progress.make' has modification time 0.66 s in the future
make[2]: warning:  Clock skew detected.  Your build may be incomplete.
[  0%] Built target _narrow_space_navigation_generate_messages_check_deps_HeightMap
make[2]: Warning: File 'CMakeFiles/std_msgs_generate_messages_lisp.dir/progress.make' has modification time 0.71 s in the future
[35m[1mScanning dependencies of target std_msgs_generate_messages_lisp[0m
make[2]: warning:  Clock skew detected.  Your build may be incomplete.
make[2]: Warning: File 'CMakeFiles/std_msgs_generate_messages_lisp.dir/progress.make' has modification time 0.68 s in the future
make[2]: warning:  Clock skew detected.  Your build may be incomplete.
[  0%] Built target std_msgs_generate_messages_lisp
make[2]: Warning: File 'CMakeFiles/std_msgs_generate_messages_py.dir/progress.make' has modification time 0.67 s in the future
[35m[1mScanning dependencies of target std_msgs_generate_messages_py[0m
make[2]: warning:  Clock skew detected.  Your build may be incomplete.
make[2]: Warning: File 'CMakeFiles/std_msgs_generate_messages_py.dir/progress.make' has modification time 0.65 s in the future
make[2]: warning:  Clock skew detected.  Your build may be incomplete.
[  0%] Built target std_msgs_generate_messages_py
make[2]: Warning: File 'CMakeFiles/geometry_msgs_generate_messages_py.dir/progress.make' has modification time 0.54 s in the future
[35m[1mScanning dependencies of target geometry_msgs_generate_messages_py[0m
make[2]: warning:  Clock skew detected.  Your build may be incomplete.
make[2]: Warning: File 'CMakeFiles/geometry_msgs_generate_messages_py.dir/progress.make' has modification time 0.51 s in the future
make[2]: warning:  Clock skew detected.  Your build may be incomplete.
[  0%] Built target geometry_msgs_generate_messages_py
make[2]: Warning: File 'CMakeFiles/std_msgs_generate_messages_nodejs.dir/progress.make' has modification time 0.59 s in the future
[35m[1mScanning dependencies of target std_msgs_generate_messages_nodejs[0m
make[2]: warning:  Clock skew detected.  Your build may be incomplete.
make[2]: Warning: File 'CMakeFiles/std_msgs_generate_messages_nodejs.dir/progress.make' has modification time 0.56 s in the future
make[2]: warning:  Clock skew detected.  Your build may be incomplete.
[  0%] Built target std_msgs_generate_messages_nodejs
make[2]: Warning: File 'CMakeFiles/geometry_msgs_generate_messages_nodejs.dir/progress.make' has modification time 0.45 s in the future
[35m[1mScanning dependencies of target geometry_msgs_generate_messages_nodejs[0m
make[2]: warning:  Clock skew detected.  Your build may be incomplete.
make[2]: Warning: File 'CMakeFiles/geometry_msgs_generate_messages_nodejs.dir/progress.make' has modification time 0.43 s in the future
make[2]: warning:  Clock skew detected.  Your build may be incomplete.
[  0%] Built target geometry_msgs_generate_messages_nodejs
make[2]: Warning: File 'CMakeFiles/geometry_msgs_generate_messages_eus.dir/progress.make' has modification time 0.4 s in the future
[35m[1mScanning dependencies of target geometry_msgs_generate_messages_eus[0m
make[2]: warning:  Clock skew detected.  Your build may be incomplete.
make[2]: Warning: File 'CMakeFiles/geometry_msgs_generate_messages_eus.dir/progress.make' has modification time 0.38 s in the future
make[2]: warning:  Clock skew detected.  Your build may be incomplete.
[  0%] Built target geometry_msgs_generate_messages_eus
make[2]: Warning: File 'CMakeFiles/std_msgs_generate_messages_eus.dir/progress.make' has modification time 0.46 s in the future
[35m[1mScanning dependencies of target std_msgs_generate_messages_eus[0m
make[2]: warning:  Clock skew detected.  Your build may be incomplete.
make[2]: Warning: File 'CMakeFiles/std_msgs_generate_messages_eus.dir/progress.make' has modification time 0.43 s in the future
make[2]: warning:  Clock skew detected.  Your build may be incomplete.
[  0%] Built target std_msgs_generate_messages_eus
make[2]: Warning: File 'CMakeFiles/geometry_msgs_generate_messages_cpp.dir/progress.make' has modification time 0.32 s in the future
[35m[1mScanning dependencies of target geometry_msgs_generate_messages_cpp[0m
make[2]: warning:  Clock skew detected.  Your build may be incomplete.
make[2]: Warning: File 'CMakeFiles/geometry_msgs_generate_messages_cpp.dir/progress.make' has modification time 0.3 s in the future
make[2]: warning:  Clock skew detected.  Your build may be incomplete.
[  0%] Built target geometry_msgs_generate_messages_cpp
make[2]: Warning: File 'CMakeFiles/std_msgs_generate_messages_cpp.dir/progress.make' has modification time 0.37 s in the future
[35m[1mScanning dependencies of target std_msgs_generate_messages_cpp[0m
make[2]: warning:  Clock skew detected.  Your build may be incomplete.
make[2]: Warning: File 'CMakeFiles/std_msgs_generate_messages_cpp.dir/progress.make' has modification time 0.34 s in the future
make[2]: warning:  Clock skew detected.  Your build may be incomplete.
[  0%] Built target std_msgs_generate_messages_cpp
make[2]: Warning: File 'CMakeFiles/narrow_space_navigation_generate_messages_lisp.dir/progress.make' has modification time 0.27 s in the future
[35m[1mScanning dependencies of target narrow_space_navigation_generate_messages_lisp[0m
make[2]: warning:  Clock skew detected.  Your build may be incomplete.
make[2]: Warning: File 'CMakeFiles/narrow_space_navigation_generate_messages_lisp.dir/progress.make' has modification time 0.22 s in the future
[ 14%] [34m[1mGenerating Lisp code from narrow_space_navigation/HeightMap.srv[0m
make[2]: warning:  Clock skew detected.  Your build may be incomplete.
[ 14%] Built target narrow_space_navigation_generate_messages_lisp
make[2]: Warning: File 'CMakeFiles/narrow_space_navigation_generate_messages_py.dir/progress.make' has modification time 0.12 s in the future
[35m[1mScanning dependencies of target narrow_space_navigation_generate_messages_py[0m
make[2]: warning:  Clock skew detected.  Your build may be incomplete.
make[2]: Warning: File 'CMakeFiles/narrow_space_navigation_generate_messages_py.dir/progress.make' has modification time 0.086 s in the future
[ 28%] [34m[1mGenerating Python code from SRV narrow_space_navigation/HeightMap[0m
[ 42%] [34m[1mGenerating Python srv __init__.py for narrow_space_navigation[0m
make[2]: warning:  Clock skew detected.  Your build may be incomplete.
[ 42%] Built target narrow_space_navigation_generate_messages_py
[35m[1mScanning dependencies of target narrow_space_navigation_generate_messages_nodejs[0m
[ 57%] [34m[1mGenerating Javascript code from narrow_space_navigation/HeightMap.srv[0m
[ 57%] Built target narrow_space_navigation_generate_messages_nodejs
[35m[1mScanning dependencies of target narrow_space_navigation_generate_messages_eus[0m
[ 71%] [34m[1mGenerating EusLisp code from narrow_space_navigation/HeightMap.srv[0m
[ 85%] [34m[1mGenerating EusLisp manifest code for narrow_space_navigation[0m
[35m[1mScanning dependencies of target narrow_space_navigation_generate_messages_cpp[0m
[100%] [34m[1mGenerating C++ code from narrow_space_navigation/HeightMap.srv[0m
[100%] Built target narrow_space_navigation_generate_messages_cpp
[100%] Built target narrow_space_navigation_generate_messages_eus
[35m[1mScanning dependencies of target narrow_space_navigation_generate_messages[0m
[100%] Built target narrow_space_navigation_generate_messages
make[1]: warning:  Clock skew detected.  Your build may be incomplete.
make: warning:  Clock skew detected.  Your build may be incomplete.
