[35m[1mScanning dependencies of target lasr_vision_msgs_generate_messages_cpp[0m
[35m[1mScanning dependencies of target sensor_msgs_generate_messages_cpp[0m
[35m[1mScanning dependencies of target std_msgs_generate_messages_cpp[0m
[35m[1mScanning dependencies of target _lasr_object_detection_yolo_generate_messages_check_deps_YoloDetection[0m
[35m[1mScanning dependencies of target lasr_vision_msgs_generate_messages_nodejs[0m
[35m[1mScanning dependencies of target sensor_msgs_generate_messages_nodejs[0m
[35m[1mScanning dependencies of target std_msgs_generate_messages_eus[0m
[35m[1mScanning dependencies of target std_msgs_generate_messages_nodejs[0m
[35m[1mScanning dependencies of target sensor_msgs_generate_messages_eus[0m
[35m[1mScanning dependencies of target lasr_vision_msgs_generate_messages_eus[0m
[  0%] Built target lasr_vision_msgs_generate_messages_cpp
[  0%] Built target sensor_msgs_generate_messages_cpp
[  0%] Built target lasr_vision_msgs_generate_messages_nodejs
[  0%] Built target std_msgs_generate_messages_cpp
[  0%] Built target sensor_msgs_generate_messages_nodejs
[  0%] Built target sensor_msgs_generate_messages_eus
[  0%] Built target std_msgs_generate_messages_eus
[  0%] Built target lasr_vision_msgs_generate_messages_eus
[  0%] Built target std_msgs_generate_messages_nodejs
[35m[1mScanning dependencies of target std_msgs_generate_messages_py[0m
[35m[1mScanning dependencies of target lasr_vision_msgs_generate_messages_py[0m
[35m[1mScanning dependencies of target lasr_vision_msgs_generate_messages_lisp[0m
[35m[1mScanning dependencies of target sensor_msgs_generate_messages_py[0m
[35m[1mScanning dependencies of target std_msgs_generate_messages_lisp[0m
[35m[1mScanning dependencies of target sensor_msgs_generate_messages_lisp[0m
[  0%] Built target std_msgs_generate_messages_py
[  0%] Built target lasr_vision_msgs_generate_messages_py
[  0%] Built target _lasr_object_detection_yolo_generate_messages_check_deps_YoloDetection
[  0%] Built target sensor_msgs_generate_messages_lisp
[  0%] Built target lasr_vision_msgs_generate_messages_lisp
[  0%] Built target sensor_msgs_generate_messages_py
[  0%] Built target std_msgs_generate_messages_lisp
[35m[1mScanning dependencies of target lasr_object_detection_yolo_generate_messages_cpp[0m
[35m[1mScanning dependencies of target lasr_object_detection_yolo_generate_messages_nodejs[0m
[35m[1mScanning dependencies of target lasr_object_detection_yolo_generate_messages_eus[0m
[35m[1mScanning dependencies of target lasr_object_detection_yolo_generate_messages_py[0m
[35m[1mScanning dependencies of target lasr_object_detection_yolo_generate_messages_lisp[0m
[ 57%] [34m[1mGenerating Javascript code from lasr_object_detection_yolo/YoloDetection.srv[0m
[ 57%] [34m[1mGenerating C++ code from lasr_object_detection_yolo/YoloDetection.srv[0m
[ 57%] [34m[1mGenerating EusLisp code from lasr_object_detection_yolo/YoloDetection.srv[0m
[ 57%] [34m[1mGenerating EusLisp manifest code for lasr_object_detection_yolo[0m
[ 71%] [34m[1mGenerating Python code from SRV lasr_object_detection_yolo/YoloDetection[0m
[ 85%] [34m[1mGenerating Lisp code from lasr_object_detection_yolo/YoloDetection.srv[0m
[ 85%] Built target lasr_object_detection_yolo_generate_messages_nodejs
[100%] [34m[1mGenerating Python srv __init__.py for lasr_object_detection_yolo[0m
[100%] Built target lasr_object_detection_yolo_generate_messages_lisp
[100%] Built target lasr_object_detection_yolo_generate_messages_cpp
[100%] Built target lasr_object_detection_yolo_generate_messages_py
[100%] Built target lasr_object_detection_yolo_generate_messages_eus
[35m[1mScanning dependencies of target lasr_object_detection_yolo_generate_messages[0m
[100%] Built target lasr_object_detection_yolo_generate_messages
