[  0%] Built target std_msgs_generate_messages_cpp
[  0%] Built target sensor_msgs_generate_messages_cpp
[  0%] Built target lasr_vision_msgs_generate_messages_cpp
[  0%] Built target lasr_vision_msgs_generate_messages_nodejs
[  0%] Built target _lasr_object_detection_yolo_generate_messages_check_deps_YoloDetection
[  0%] Built target sensor_msgs_generate_messages_nodejs
[  0%] Built target std_msgs_generate_messages_nodejs
[  0%] Built target lasr_vision_msgs_generate_messages_eus
[  0%] Built target sensor_msgs_generate_messages_eus
[  0%] Built target std_msgs_generate_messages_eus
[  0%] Built target lasr_vision_msgs_generate_messages_py
[  0%] Built target std_msgs_generate_messages_py
[  0%] Built target sensor_msgs_generate_messages_py
[  0%] Built target lasr_vision_msgs_generate_messages_lisp
[  0%] Built target std_msgs_generate_messages_lisp
[  0%] Built target sensor_msgs_generate_messages_lisp
[ 14%] Built target lasr_object_detection_yolo_generate_messages_cpp
[ 28%] Built target lasr_object_detection_yolo_generate_messages_nodejs
[ 57%] Built target lasr_object_detection_yolo_generate_messages_eus
[ 85%] Built target lasr_object_detection_yolo_generate_messages_py
[100%] Built target lasr_object_detection_yolo_generate_messages_lisp
[100%] Built target lasr_object_detection_yolo_generate_messages
