Symlinking /home/k21066336/tiago_public_ws/devel/share/common-lisp/ros/lasr_object_detection_yolo/srv/_package.lisp
Symlinking /home/k21066336/tiago_public_ws/devel/share/common-lisp/ros/lasr_object_detection_yolo/srv/_package_YoloDetection.lisp
Symlinking /home/k21066336/tiago_public_ws/devel/share/common-lisp/ros/lasr_object_detection_yolo/srv/YoloDetection.lisp
Symlinking /home/k21066336/tiago_public_ws/devel/share/common-lisp/ros/lasr_object_detection_yolo/srv/lasr_object_detection_yolo-srv.asd
Symlinking /home/k21066336/tiago_public_ws/devel/share/gennodejs/ros/lasr_object_detection_yolo/_index.js
Symlinking /home/k21066336/tiago_public_ws/devel/share/gennodejs/ros/lasr_object_detection_yolo/srv/_index.js
Symlinking /home/k21066336/tiago_public_ws/devel/share/gennodejs/ros/lasr_object_detection_yolo/srv/YoloDetection.js
Symlinking /home/k21066336/tiago_public_ws/devel/share/lasr_object_detection_yolo/cmake/lasr_object_detection_yoloConfig-version.cmake
Symlinking /home/k21066336/tiago_public_ws/devel/share/lasr_object_detection_yolo/cmake/lasr_object_detection_yolo-msg-extras.cmake
Symlinking /home/k21066336/tiago_public_ws/devel/share/lasr_object_detection_yolo/cmake/lasr_object_detection_yoloConfig.cmake
Symlinking /home/k21066336/tiago_public_ws/devel/share/lasr_object_detection_yolo/cmake/lasr_object_detection_yolo-msg-paths.cmake
Symlinking /home/k21066336/tiago_public_ws/devel/share/roseus/ros/lasr_object_detection_yolo/manifest.l
Symlinking /home/k21066336/tiago_public_ws/devel/share/roseus/ros/lasr_object_detection_yolo/srv/YoloDetection.l
Symlinking /home/k21066336/tiago_public_ws/devel/lib/pkgconfig/lasr_object_detection_yolo.pc
Symlinking /home/k21066336/tiago_public_ws/devel/lib/python3/dist-packages/lasr_object_detection_yolo/__init__.py
Symlinking /home/k21066336/tiago_public_ws/devel/lib/python3/dist-packages/lasr_object_detection_yolo/srv/_YoloDetection.py
Symlinking /home/k21066336/tiago_public_ws/devel/lib/python3/dist-packages/lasr_object_detection_yolo/srv/__init__.py
Symlinking /home/k21066336/tiago_public_ws/devel/include/lasr_object_detection_yolo/YoloDetection.h
Symlinking /home/k21066336/tiago_public_ws/devel/include/lasr_object_detection_yolo/YoloDetectionRequest.h
Symlinking /home/k21066336/tiago_public_ws/devel/include/lasr_object_detection_yolo/YoloDetectionResponse.h
