make: Warning: File 'Makefile' has modification time 0.55 s in the future
make[1]: Warning: File 'CMakeFiles/Makefile2' has modification time 0.87 s in the future
make[2]: Warning: File 'CMakeFiles/sensor_msgs_generate_messages_cpp.dir/progress.make' has modification time 0.81 s in the future
[35m[1mScanning dependencies of target sensor_msgs_generate_messages_cpp[0m
make[2]: warning:  Clock skew detected.  Your build may be incomplete.
make[2]: Warning: File 'CMakeFiles/sensor_msgs_generate_messages_cpp.dir/progress.make' has modification time 0.78 s in the future
make[2]: warning:  Clock skew detected.  Your build may be incomplete.
[  0%] Built target sensor_msgs_generate_messages_cpp
make[2]: Warning: File 'CMakeFiles/std_msgs_generate_messages_cpp.dir/progress.make' has modification time 0.78 s in the future
[35m[1mScanning dependencies of target std_msgs_generate_messages_cpp[0m
make[2]: warning:  Clock skew detected.  Your build may be incomplete.
make[2]: Warning: File 'CMakeFiles/std_msgs_generate_messages_cpp.dir/progress.make' has modification time 0.75 s in the future
make[2]: warning:  Clock skew detected.  Your build may be incomplete.
[  0%] Built target std_msgs_generate_messages_cpp
make[2]: Warning: File 'CMakeFiles/_lasr_object_detection_yolo_generate_messages_check_deps_YoloDetection.dir/progress.make' has modification time 0.62 s in the future
[35m[1mScanning dependencies of target _lasr_object_detection_yolo_generate_messages_check_deps_YoloDetection[0m
make[2]: warning:  Clock skew detected.  Your build may be incomplete.
make[2]: Warning: File 'CMakeFiles/_lasr_object_detection_yolo_generate_messages_check_deps_YoloDetection.dir/progress.make' has modification time 0.6 s in the future
make[2]: warning:  Clock skew detected.  Your build may be incomplete.
[  0%] Built target _lasr_object_detection_yolo_generate_messages_check_deps_YoloDetection
make[2]: Warning: File 'CMakeFiles/lasr_vision_msgs_generate_messages_cpp.dir/progress.make' has modification time 0.61 s in the future
[35m[1mScanning dependencies of target lasr_vision_msgs_generate_messages_cpp[0m
make[2]: warning:  Clock skew detected.  Your build may be incomplete.
make[2]: Warning: File 'CMakeFiles/lasr_vision_msgs_generate_messages_cpp.dir/progress.make' has modification time 0.59 s in the future
make[2]: warning:  Clock skew detected.  Your build may be incomplete.
[  0%] Built target lasr_vision_msgs_generate_messages_cpp
make[2]: Warning: File 'CMakeFiles/lasr_vision_msgs_generate_messages_nodejs.dir/progress.make' has modification time 0.58 s in the future
[35m[1mScanning dependencies of target lasr_vision_msgs_generate_messages_nodejs[0m
make[2]: warning:  Clock skew detected.  Your build may be incomplete.
make[2]: Warning: File 'CMakeFiles/lasr_vision_msgs_generate_messages_nodejs.dir/progress.make' has modification time 0.55 s in the future
make[2]: warning:  Clock skew detected.  Your build may be incomplete.
[  0%] Built target lasr_vision_msgs_generate_messages_nodejs
make[2]: Warning: File 'CMakeFiles/sensor_msgs_generate_messages_nodejs.dir/progress.make' has modification time 0.55 s in the future
[35m[1mScanning dependencies of target sensor_msgs_generate_messages_nodejs[0m
make[2]: warning:  Clock skew detected.  Your build may be incomplete.
make[2]: Warning: File 'CMakeFiles/sensor_msgs_generate_messages_nodejs.dir/progress.make' has modification time 0.53 s in the future
make[2]: warning:  Clock skew detected.  Your build may be incomplete.
[  0%] Built target sensor_msgs_generate_messages_nodejs
make[2]: Warning: File 'CMakeFiles/std_msgs_generate_messages_nodejs.dir/progress.make' has modification time 0.52 s in the future
[35m[1mScanning dependencies of target std_msgs_generate_messages_nodejs[0m
make[2]: warning:  Clock skew detected.  Your build may be incomplete.
make[2]: Warning: File 'CMakeFiles/std_msgs_generate_messages_nodejs.dir/progress.make' has modification time 0.49 s in the future
make[2]: warning:  Clock skew detected.  Your build may be incomplete.
[  0%] Built target std_msgs_generate_messages_nodejs
make[2]: Warning: File 'CMakeFiles/lasr_vision_msgs_generate_messages_eus.dir/progress.make' has modification time 0.44 s in the future
[35m[1mScanning dependencies of target lasr_vision_msgs_generate_messages_eus[0m
make[2]: warning:  Clock skew detected.  Your build may be incomplete.
make[2]: Warning: File 'CMakeFiles/lasr_vision_msgs_generate_messages_eus.dir/progress.make' has modification time 0.42 s in the future
make[2]: warning:  Clock skew detected.  Your build may be incomplete.
[  0%] Built target lasr_vision_msgs_generate_messages_eus
make[2]: Warning: File 'CMakeFiles/sensor_msgs_generate_messages_eus.dir/progress.make' has modification time 0.42 s in the future
make[2]: Warning: File 'CMakeFiles/std_msgs_generate_messages_eus.dir/progress.make' has modification time 0.43 s in the future
[35m[1mScanning dependencies of target sensor_msgs_generate_messages_eus[0m
[35m[1mScanning dependencies of target std_msgs_generate_messages_eus[0m
make[2]: warning:  Clock skew detected.  Your build may be incomplete.
make[2]: Warning: File 'CMakeFiles/sensor_msgs_generate_messages_eus.dir/progress.make' has modification time 0.39 s in the future
make[2]: warning:  Clock skew detected.  Your build may be incomplete.
make[2]: warning:  Clock skew detected.  Your build may be incomplete.
make[2]: Warning: File 'CMakeFiles/std_msgs_generate_messages_eus.dir/progress.make' has modification time 0.4 s in the future
make[2]: warning:  Clock skew detected.  Your build may be incomplete.
[  0%] Built target sensor_msgs_generate_messages_eus
[  0%] Built target std_msgs_generate_messages_eus
make[2]: Warning: File 'CMakeFiles/lasr_vision_msgs_generate_messages_py.dir/progress.make' has modification time 0.36 s in the future
[35m[1mScanning dependencies of target lasr_vision_msgs_generate_messages_py[0m
make[2]: warning:  Clock skew detected.  Your build may be incomplete.
make[2]: Warning: File 'CMakeFiles/lasr_vision_msgs_generate_messages_py.dir/progress.make' has modification time 0.34 s in the future
make[2]: warning:  Clock skew detected.  Your build may be incomplete.
[  0%] Built target lasr_vision_msgs_generate_messages_py
make[2]: Warning: File 'CMakeFiles/std_msgs_generate_messages_py.dir/progress.make' has modification time 0.35 s in the future
[35m[1mScanning dependencies of target std_msgs_generate_messages_py[0m
make[2]: warning:  Clock skew detected.  Your build may be incomplete.
make[2]: Warning: File 'CMakeFiles/std_msgs_generate_messages_py.dir/progress.make' has modification time 0.33 s in the future
make[2]: warning:  Clock skew detected.  Your build may be incomplete.
[  0%] Built target std_msgs_generate_messages_py
make[2]: Warning: File 'CMakeFiles/sensor_msgs_generate_messages_py.dir/progress.make' has modification time 0.29 s in the future
[35m[1mScanning dependencies of target sensor_msgs_generate_messages_py[0m
make[2]: warning:  Clock skew detected.  Your build may be incomplete.
make[2]: Warning: File 'CMakeFiles/sensor_msgs_generate_messages_py.dir/progress.make' has modification time 0.27 s in the future
make[2]: warning:  Clock skew detected.  Your build may be incomplete.
[  0%] Built target sensor_msgs_generate_messages_py
make[2]: Warning: File 'CMakeFiles/lasr_vision_msgs_generate_messages_lisp.dir/progress.make' has modification time 0.23 s in the future
[35m[1mScanning dependencies of target lasr_vision_msgs_generate_messages_lisp[0m
make[2]: warning:  Clock skew detected.  Your build may be incomplete.
make[2]: Warning: File 'CMakeFiles/lasr_vision_msgs_generate_messages_lisp.dir/progress.make' has modification time 0.21 s in the future
make[2]: warning:  Clock skew detected.  Your build may be incomplete.
[  0%] Built target lasr_vision_msgs_generate_messages_lisp
make[2]: Warning: File 'CMakeFiles/std_msgs_generate_messages_lisp.dir/progress.make' has modification time 0.22 s in the future
[35m[1mScanning dependencies of target std_msgs_generate_messages_lisp[0m
make[2]: warning:  Clock skew detected.  Your build may be incomplete.
make[2]: Warning: File 'CMakeFiles/std_msgs_generate_messages_lisp.dir/progress.make' has modification time 0.2 s in the future
make[2]: warning:  Clock skew detected.  Your build may be incomplete.
[  0%] Built target std_msgs_generate_messages_lisp
make[2]: Warning: File 'CMakeFiles/sensor_msgs_generate_messages_lisp.dir/progress.make' has modification time 0.17 s in the future
[35m[1mScanning dependencies of target sensor_msgs_generate_messages_lisp[0m
make[2]: warning:  Clock skew detected.  Your build may be incomplete.
make[2]: Warning: File 'CMakeFiles/sensor_msgs_generate_messages_lisp.dir/progress.make' has modification time 0.14 s in the future
make[2]: warning:  Clock skew detected.  Your build may be incomplete.
[  0%] Built target sensor_msgs_generate_messages_lisp
make[2]: Warning: File 'CMakeFiles/lasr_object_detection_yolo_generate_messages_cpp.dir/progress.make' has modification time 0.074 s in the future
[35m[1mScanning dependencies of target lasr_object_detection_yolo_generate_messages_cpp[0m
make[2]: warning:  Clock skew detected.  Your build may be incomplete.
make[2]: Warning: File 'CMakeFiles/lasr_object_detection_yolo_generate_messages_cpp.dir/progress.make' has modification time 0.046 s in the future
make[2]: warning:  Clock skew detected.  Your build may be incomplete.
[ 14%] Built target lasr_object_detection_yolo_generate_messages_cpp
make[2]: Warning: File 'CMakeFiles/lasr_object_detection_yolo_generate_messages_nodejs.dir/progress.make' has modification time 0.033 s in the future
[35m[1mScanning dependencies of target lasr_object_detection_yolo_generate_messages_nodejs[0m
make[2]: warning:  Clock skew detected.  Your build may be incomplete.
[ 28%] Built target lasr_object_detection_yolo_generate_messages_nodejs
[35m[1mScanning dependencies of target lasr_object_detection_yolo_generate_messages_eus[0m
[ 57%] Built target lasr_object_detection_yolo_generate_messages_eus
[35m[1mScanning dependencies of target lasr_object_detection_yolo_generate_messages_py[0m
[35m[1mScanning dependencies of target lasr_object_detection_yolo_generate_messages_lisp[0m
[ 85%] Built target lasr_object_detection_yolo_generate_messages_py
[100%] Built target lasr_object_detection_yolo_generate_messages_lisp
[35m[1mScanning dependencies of target lasr_object_detection_yolo_generate_messages[0m
[100%] Built target lasr_object_detection_yolo_generate_messages
make[1]: warning:  Clock skew detected.  Your build may be incomplete.
make: warning:  Clock skew detected.  Your build may be incomplete.
