Performing C SOURCE FILE Test CMAKE_HAVE_LIBC_PTHREAD failed with the following output:
Change Dir: /home/k21066336/tiago_public_ws/build/lasr_dialogflow/CMakeFiles/CMakeTmp

Run Build Command(s):/usr/bin/make cmTC_430da/fast && make: Warning: File 'Makefile' has modification time 0.94 s in the future
/usr/bin/make -f CMakeFiles/cmTC_430da.dir/build.make CMakeFiles/cmTC_430da.dir/build
make[1]: Entering directory '/home/k21066336/tiago_public_ws/build/lasr_dialogflow/CMakeFiles/CMakeTmp'
make[1]: Warning: File 'CMakeFiles/cmTC_430da.dir/flags.make' has modification time 0.93 s in the future
Building C object CMakeFiles/cmTC_430da.dir/src.c.o
/usr/bin/cc   -DCMAKE_HAVE_LIBC_PTHREAD   -o CMakeFiles/cmTC_430da.dir/src.c.o   -c /home/k21066336/tiago_public_ws/build/lasr_dialogflow/CMakeFiles/CMakeTmp/src.c
Linking C executable cmTC_430da
/usr/bin/cmake -E cmake_link_script CMakeFiles/cmTC_430da.dir/link.txt --verbose=1
/usr/bin/cc  -DCMAKE_HAVE_LIBC_PTHREAD    -rdynamic CMakeFiles/cmTC_430da.dir/src.c.o  -o cmTC_430da 
/usr/bin/ld: CMakeFiles/cmTC_430da.dir/src.c.o: in function `main':
src.c:(.text+0x46): undefined reference to `pthread_create'
/usr/bin/ld: src.c:(.text+0x52): undefined reference to `pthread_detach'
/usr/bin/ld: src.c:(.text+0x63): undefined reference to `pthread_join'
collect2: error: ld returned 1 exit status
make[1]: *** [CMakeFiles/cmTC_430da.dir/build.make:87: cmTC_430da] Error 1
make[1]: Leaving directory '/home/k21066336/tiago_public_ws/build/lasr_dialogflow/CMakeFiles/CMakeTmp'
make: *** [Makefile:121: cmTC_430da/fast] Error 2


Source file was:
#include <pthread.h>

void* test_func(void* data)
{
  return data;
}

int main(void)
{
  pthread_t thread;
  pthread_create(&thread, NULL, test_func, NULL);
  pthread_detach(thread);
  pthread_join(thread, NULL);
  pthread_atfork(NULL, NULL, NULL);
  pthread_exit(NULL);

  return 0;
}

Determining if the function pthread_create exists in the pthreads failed with the following output:
Change Dir: /home/k21066336/tiago_public_ws/build/lasr_dialogflow/CMakeFiles/CMakeTmp

Run Build Command(s):/usr/bin/make cmTC_08fdc/fast && make: Warning: File 'Makefile' has modification time 0.93 s in the future
/usr/bin/make -f CMakeFiles/cmTC_08fdc.dir/build.make CMakeFiles/cmTC_08fdc.dir/build
make[1]: Entering directory '/home/k21066336/tiago_public_ws/build/lasr_dialogflow/CMakeFiles/CMakeTmp'
make[1]: Warning: File 'CMakeFiles/cmTC_08fdc.dir/flags.make' has modification time 0.92 s in the future
Building C object CMakeFiles/cmTC_08fdc.dir/CheckFunctionExists.c.o
/usr/bin/cc   -DCHECK_FUNCTION_EXISTS=pthread_create   -o CMakeFiles/cmTC_08fdc.dir/CheckFunctionExists.c.o   -c /usr/share/cmake-3.16/Modules/CheckFunctionExists.c
Linking C executable cmTC_08fdc
/usr/bin/cmake -E cmake_link_script CMakeFiles/cmTC_08fdc.dir/link.txt --verbose=1
/usr/bin/cc  -DCHECK_FUNCTION_EXISTS=pthread_create    -rdynamic CMakeFiles/cmTC_08fdc.dir/CheckFunctionExists.c.o  -o cmTC_08fdc  -lpthreads 
/usr/bin/ld: cannot find -lpthreads
collect2: error: ld returned 1 exit status
make[1]: *** [CMakeFiles/cmTC_08fdc.dir/build.make:87: cmTC_08fdc] Error 1
make[1]: Leaving directory '/home/k21066336/tiago_public_ws/build/lasr_dialogflow/CMakeFiles/CMakeTmp'
make: *** [Makefile:121: cmTC_08fdc/fast] Error 2



