make: Warning: File 'Makefile' has modification time 0.61 s in the future
make[1]: Warning: File 'CMakeFiles/Makefile2' has modification time 0.9 s in the future
make[2]: Warning: File 'CMakeFiles/_graph_room_navigation_generate_messages_check_deps_AddCrossing.dir/progress.make' has modification time 0.78 s in the future
[35m[1mScanning dependencies of target _graph_room_navigation_generate_messages_check_deps_AddCrossing[0m
make[2]: warning:  Clock skew detected.  Your build may be incomplete.
make[2]: Warning: File 'CMakeFiles/_graph_room_navigation_generate_messages_check_deps_AddCrossing.dir/progress.make' has modification time 0.74 s in the future
make[2]: warning:  Clock skew detected.  Your build may be incomplete.
[  0%] Built target _graph_room_navigation_generate_messages_check_deps_AddCrossing
make[2]: Warning: File 'CMakeFiles/geometry_msgs_generate_messages_nodejs.dir/progress.make' has modification time 0.69 s in the future
[35m[1mScanning dependencies of target geometry_msgs_generate_messages_nodejs[0m
make[2]: Warning: File 'CMakeFiles/_graph_room_navigation_generate_messages_check_deps_PlanToPoint.dir/progress.make' has modification time 0.65 s in the future
make[2]: warning:  Clock skew detected.  Your build may be incomplete.
make[2]: Warning: File 'CMakeFiles/geometry_msgs_generate_messages_nodejs.dir/progress.make' has modification time 0.67 s in the future
make[2]: warning:  Clock skew detected.  Your build may be incomplete.
[35m[1mScanning dependencies of target _graph_room_navigation_generate_messages_check_deps_PlanToPoint[0m
[  0%] Built target geometry_msgs_generate_messages_nodejs
make[2]: warning:  Clock skew detected.  Your build may be incomplete.
make[2]: Warning: File 'CMakeFiles/_graph_room_navigation_generate_messages_check_deps_PlanToPoint.dir/progress.make' has modification time 0.62 s in the future
make[2]: Warning: File 'CMakeFiles/_graph_room_navigation_generate_messages_check_deps_PlanToRoom.dir/progress.make' has modification time 0.62 s in the future
[35m[1mScanning dependencies of target _graph_room_navigation_generate_messages_check_deps_PlanToRoom[0m
make[2]: warning:  Clock skew detected.  Your build may be incomplete.
make[2]: Warning: File 'CMakeFiles/_graph_room_navigation_generate_messages_check_deps_PlanToRoom.dir/progress.make' has modification time 0.59 s in the future
make[2]: warning:  Clock skew detected.  Your build may be incomplete.
[  0%] Built target _graph_room_navigation_generate_messages_check_deps_PlanToPoint
make[2]: Warning: File 'CMakeFiles/std_msgs_generate_messages_nodejs.dir/progress.make' has modification time 0.63 s in the future
[35m[1mScanning dependencies of target std_msgs_generate_messages_nodejs[0m
make[2]: warning:  Clock skew detected.  Your build may be incomplete.
make[2]: warning:  Clock skew detected.  Your build may be incomplete.
make[2]: Warning: File 'CMakeFiles/std_msgs_generate_messages_nodejs.dir/progress.make' has modification time 0.59 s in the future
make[2]: warning:  Clock skew detected.  Your build may be incomplete.
[  0%] Built target _graph_room_navigation_generate_messages_check_deps_PlanToRoom
[  0%] Built target std_msgs_generate_messages_nodejs
make[2]: Warning: File 'CMakeFiles/_graph_room_navigation_generate_messages_check_deps_AddRoom.dir/progress.make' has modification time 0.5 s in the future
make[2]: Warning: File 'CMakeFiles/std_msgs_generate_messages_lisp.dir/progress.make' has modification time 0.57 s in the future
[35m[1mScanning dependencies of target _graph_room_navigation_generate_messages_check_deps_AddRoom[0m
[35m[1mScanning dependencies of target std_msgs_generate_messages_lisp[0m
make[2]: warning:  Clock skew detected.  Your build may be incomplete.
make[2]: Warning: File 'CMakeFiles/_graph_room_navigation_generate_messages_check_deps_AddRoom.dir/progress.make' has modification time 0.47 s in the future
make[2]: warning:  Clock skew detected.  Your build may be incomplete.
make[2]: Warning: File 'CMakeFiles/std_msgs_generate_messages_lisp.dir/progress.make' has modification time 0.55 s in the future
make[2]: warning:  Clock skew detected.  Your build may be incomplete.
[  0%] Built target std_msgs_generate_messages_lisp
make[2]: Warning: File 'CMakeFiles/geometry_msgs_generate_messages_lisp.dir/progress.make' has modification time 0.46 s in the future
make[2]: Warning: File 'CMakeFiles/geometry_msgs_generate_messages_cpp.dir/progress.make' has modification time 0.45 s in the future
[35m[1mScanning dependencies of target geometry_msgs_generate_messages_lisp[0m
[35m[1mScanning dependencies of target geometry_msgs_generate_messages_cpp[0m
make[2]: warning:  Clock skew detected.  Your build may be incomplete.
make[2]: warning:  Clock skew detected.  Your build may be incomplete.
make[2]: warning:  Clock skew detected.  Your build may be incomplete.
make[2]: Warning: File 'CMakeFiles/geometry_msgs_generate_messages_lisp.dir/progress.make' has modification time 0.43 s in the future
make[2]: Warning: File 'CMakeFiles/geometry_msgs_generate_messages_cpp.dir/progress.make' has modification time 0.43 s in the future
make[2]: warning:  Clock skew detected.  Your build may be incomplete.
make[2]: warning:  Clock skew detected.  Your build may be incomplete.
[  0%] Built target _graph_room_navigation_generate_messages_check_deps_AddRoom
[  0%] Built target geometry_msgs_generate_messages_lisp
[  0%] Built target geometry_msgs_generate_messages_cpp
make[2]: Warning: File 'CMakeFiles/std_msgs_generate_messages_cpp.dir/progress.make' has modification time 0.47 s in the future
make[2]: Warning: File 'CMakeFiles/std_msgs_generate_messages_py.dir/progress.make' has modification time 0.47 s in the future
[35m[1mScanning dependencies of target std_msgs_generate_messages_cpp[0m
[35m[1mScanning dependencies of target std_msgs_generate_messages_py[0m
make[2]: warning:  Clock skew detected.  Your build may be incomplete.
make[2]: Warning: File 'CMakeFiles/std_msgs_generate_messages_cpp.dir/progress.make' has modification time 0.44 s in the future
make[2]: warning:  Clock skew detected.  Your build may be incomplete.
make[2]: warning:  Clock skew detected.  Your build may be incomplete.
make[2]: Warning: File 'CMakeFiles/std_msgs_generate_messages_py.dir/progress.make' has modification time 0.45 s in the future
make[2]: warning:  Clock skew detected.  Your build may be incomplete.
[  0%] Built target std_msgs_generate_messages_cpp
make[2]: Warning: File 'CMakeFiles/geometry_msgs_generate_messages_py.dir/progress.make' has modification time 0.35 s in the future
[  0%] Built target std_msgs_generate_messages_py
make[2]: Warning: File 'CMakeFiles/std_msgs_generate_messages_eus.dir/progress.make' has modification time 0.37 s in the future
[35m[1mScanning dependencies of target geometry_msgs_generate_messages_py[0m
make[2]: warning:  Clock skew detected.  Your build may be incomplete.
[35m[1mScanning dependencies of target std_msgs_generate_messages_eus[0m
make[2]: Warning: File 'CMakeFiles/geometry_msgs_generate_messages_py.dir/progress.make' has modification time 0.3 s in the future
make[2]: warning:  Clock skew detected.  Your build may be incomplete.
make[2]: warning:  Clock skew detected.  Your build may be incomplete.
make[2]: Warning: File 'CMakeFiles/std_msgs_generate_messages_eus.dir/progress.make' has modification time 0.34 s in the future
make[2]: warning:  Clock skew detected.  Your build may be incomplete.
[  0%] Built target geometry_msgs_generate_messages_py
make[2]: Warning: File 'CMakeFiles/geometry_msgs_generate_messages_eus.dir/progress.make' has modification time 0.27 s in the future
[  0%] Built target std_msgs_generate_messages_eus
make[2]: Warning: File 'CMakeFiles/graph_room_navigation_generate_messages_nodejs.dir/progress.make' has modification time 0.29 s in the future
[35m[1mScanning dependencies of target geometry_msgs_generate_messages_eus[0m
make[2]: warning:  Clock skew detected.  Your build may be incomplete.
make[2]: Warning: File 'CMakeFiles/geometry_msgs_generate_messages_eus.dir/progress.make' has modification time 0.24 s in the future
make[2]: warning:  Clock skew detected.  Your build may be incomplete.
make[2]: Warning: File 'CMakeFiles/graph_room_navigation_generate_messages_lisp.dir/progress.make' has modification time 0.27 s in the future
[35m[1mScanning dependencies of target graph_room_navigation_generate_messages_nodejs[0m
[  0%] Built target geometry_msgs_generate_messages_eus
make[2]: Warning: File 'CMakeFiles/graph_room_navigation_generate_messages_cpp.dir/progress.make' has modification time 0.25 s in the future
make[2]: warning:  Clock skew detected.  Your build may be incomplete.
make[2]: Warning: File 'CMakeFiles/graph_room_navigation_generate_messages_nodejs.dir/progress.make' has modification time 0.25 s in the future
[35m[1mScanning dependencies of target graph_room_navigation_generate_messages_lisp[0m
make[2]: warning:  Clock skew detected.  Your build may be incomplete.
make[2]: warning:  Clock skew detected.  Your build may be incomplete.
make[2]: Warning: File 'CMakeFiles/graph_room_navigation_generate_messages_lisp.dir/progress.make' has modification time 0.24 s in the future
[35m[1mScanning dependencies of target graph_room_navigation_generate_messages_cpp[0m
make[2]: warning:  Clock skew detected.  Your build may be incomplete.
make[2]: warning:  Clock skew detected.  Your build may be incomplete.
make[2]: Warning: File 'CMakeFiles/graph_room_navigation_generate_messages_cpp.dir/progress.make' has modification time 0.22 s in the future
make[2]: warning:  Clock skew detected.  Your build may be incomplete.
[ 18%] Built target graph_room_navigation_generate_messages_nodejs
make[2]: Warning: File 'CMakeFiles/graph_room_navigation_generate_messages_py.dir/progress.make' has modification time 0.23 s in the future
[ 36%] Built target graph_room_navigation_generate_messages_lisp
make[2]: Warning: File 'CMakeFiles/graph_room_navigation_generate_messages_eus.dir/progress.make' has modification time 0.21 s in the future
[ 54%] Built target graph_room_navigation_generate_messages_cpp
[35m[1mScanning dependencies of target graph_room_navigation_generate_messages_py[0m
[35m[1mScanning dependencies of target graph_room_navigation_generate_messages_eus[0m
make[2]: warning:  Clock skew detected.  Your build may be incomplete.
make[2]: warning:  Clock skew detected.  Your build may be incomplete.
make[2]: Warning: File 'CMakeFiles/graph_room_navigation_generate_messages_py.dir/progress.make' has modification time 0.2 s in the future
make[2]: Warning: File 'CMakeFiles/graph_room_navigation_generate_messages_eus.dir/progress.make' has modification time 0.19 s in the future
make[2]: warning:  Clock skew detected.  Your build may be incomplete.
make[2]: warning:  Clock skew detected.  Your build may be incomplete.
[ 95%] Built target graph_room_navigation_generate_messages_py
[100%] Built target graph_room_navigation_generate_messages_eus
make[2]: Warning: File 'CMakeFiles/graph_room_navigation_generate_messages.dir/progress.make' has modification time 0.15 s in the future
[35m[1mScanning dependencies of target graph_room_navigation_generate_messages[0m
make[2]: warning:  Clock skew detected.  Your build may be incomplete.
make[2]: Warning: File 'CMakeFiles/graph_room_navigation_generate_messages.dir/progress.make' has modification time 0.13 s in the future
make[2]: warning:  Clock skew detected.  Your build may be incomplete.
[100%] Built target graph_room_navigation_generate_messages
make[1]: warning:  Clock skew detected.  Your build may be incomplete.
make: warning:  Clock skew detected.  Your build may be incomplete.
