[  0%] Built target geometry_msgs_generate_messages_nodejs
[  0%] Built target std_msgs_generate_messages_nodejs
[  0%] Built target std_msgs_generate_messages_lisp
[  0%] Built target _graph_room_navigation_generate_messages_check_deps_PlanToPoint
[  0%] Built target _graph_room_navigation_generate_messages_check_deps_PlanToRoom
[  0%] Built target _graph_room_navigation_generate_messages_check_deps_AddCrossing
[  0%] Built target geometry_msgs_generate_messages_lisp
[  0%] Built target geometry_msgs_generate_messages_cpp
[  0%] Built target _graph_room_navigation_generate_messages_check_deps_AddRoom
[  0%] Built target std_msgs_generate_messages_cpp
[  0%] Built target std_msgs_generate_messages_py
[  0%] Built target geometry_msgs_generate_messages_py
[  0%] Built target geometry_msgs_generate_messages_eus
[  0%] Built target std_msgs_generate_messages_eus
[ 68%] Built target graph_room_navigation_generate_messages_nodejs
[ 68%] Built target graph_room_navigation_generate_messages_lisp
[ 72%] Built target graph_room_navigation_generate_messages_cpp
[100%] Built target graph_room_navigation_generate_messages_eus
[100%] Built target graph_room_navigation_generate_messages_py
[100%] Built target graph_room_navigation_generate_messages
