[35m[1mScanning dependencies of target _graph_room_navigation_generate_messages_check_deps_AddCrossing[0m
[35m[1mScanning dependencies of target geometry_msgs_generate_messages_nodejs[0m
[35m[1mScanning dependencies of target _graph_room_navigation_generate_messages_check_deps_PlanToPoint[0m
[35m[1mScanning dependencies of target _graph_room_navigation_generate_messages_check_deps_AddRoom[0m
[35m[1mScanning dependencies of target std_msgs_generate_messages_nodejs[0m
[35m[1mScanning dependencies of target _graph_room_navigation_generate_messages_check_deps_PlanToRoom[0m
[35m[1mScanning dependencies of target geometry_msgs_generate_messages_lisp[0m
[35m[1mScanning dependencies of target std_msgs_generate_messages_lisp[0m
[  0%] Built target geometry_msgs_generate_messages_nodejs
[  0%] Built target std_msgs_generate_messages_nodejs
[  0%] Built target geometry_msgs_generate_messages_lisp
[  0%] Built target std_msgs_generate_messages_lisp
[  0%] Built target _graph_room_navigation_generate_messages_check_deps_AddCrossing
[35m[1mScanning dependencies of target std_msgs_generate_messages_py[0m
[35m[1mScanning dependencies of target geometry_msgs_generate_messages_py[0m
[35m[1mScanning dependencies of target std_msgs_generate_messages_cpp[0m
[35m[1mScanning dependencies of target geometry_msgs_generate_messages_cpp[0m
[35m[1mScanning dependencies of target std_msgs_generate_messages_eus[0m
[35m[1mScanning dependencies of target geometry_msgs_generate_messages_eus[0m
[  0%] Built target geometry_msgs_generate_messages_py
[  0%] Built target std_msgs_generate_messages_cpp
[  0%] Built target std_msgs_generate_messages_py
[  0%] Built target geometry_msgs_generate_messages_cpp
[  0%] Built target geometry_msgs_generate_messages_eus
[  0%] Built target std_msgs_generate_messages_eus
[  0%] Built target _graph_room_navigation_generate_messages_check_deps_PlanToPoint
[  0%] Built target _graph_room_navigation_generate_messages_check_deps_AddRoom
[  0%] Built target _graph_room_navigation_generate_messages_check_deps_PlanToRoom
[35m[1mScanning dependencies of target graph_room_navigation_generate_messages_py[0m
[35m[1mScanning dependencies of target graph_room_navigation_generate_messages_nodejs[0m
[35m[1mScanning dependencies of target graph_room_navigation_generate_messages_lisp[0m
[35m[1mScanning dependencies of target graph_room_navigation_generate_messages_cpp[0m
[35m[1mScanning dependencies of target graph_room_navigation_generate_messages_eus[0m
[ 22%] [34m[1mGenerating Lisp code from graph_room_navigation/AddCrossing.srv[0m
[ 22%] [34m[1mGenerating Javascript code from graph_room_navigation/AddCrossing.srv[0m
[ 22%] [34m[1mGenerating Python code from SRV graph_room_navigation/AddRoom[0m
[ 45%] [34m[1mGenerating Python code from SRV graph_room_navigation/AddCrossing[0m
[ 45%] [34m[1mGenerating C++ code from graph_room_navigation/AddRoom.srv[0m
[ 45%] [34m[1mGenerating C++ code from graph_room_navigation/AddCrossing.srv[0m
[ 45%] [34m[1mGenerating Javascript code from graph_room_navigation/PlanToRoom.srv[0m
[ 45%] [34m[1mGenerating Javascript code from graph_room_navigation/AddRoom.srv[0m
[ 45%] [34m[1mGenerating Lisp code from graph_room_navigation/AddRoom.srv[0m
[ 45%] [34m[1mGenerating EusLisp code from graph_room_navigation/AddRoom.srv[0m
[ 54%] [34m[1mGenerating C++ code from graph_room_navigation/PlanToRoom.srv[0m
[ 54%] [34m[1mGenerating EusLisp code from graph_room_navigation/AddCrossing.srv[0m
[ 59%] [34m[1mGenerating EusLisp code from graph_room_navigation/PlanToRoom.srv[0m
[ 63%] [34m[1mGenerating EusLisp code from graph_room_navigation/PlanToPoint.srv[0m
[ 72%] [34m[1mGenerating Javascript code from graph_room_navigation/PlanToPoint.srv[0m
[ 77%] [34m[1mGenerating C++ code from graph_room_navigation/PlanToPoint.srv[0m
[ 77%] [34m[1mGenerating Lisp code from graph_room_navigation/PlanToPoint.srv[0m
[ 81%] [34m[1mGenerating Lisp code from graph_room_navigation/PlanToRoom.srv[0m
[ 86%] [34m[1mGenerating EusLisp manifest code for graph_room_navigation[0m
[ 95%] [34m[1mGenerating Python code from SRV graph_room_navigation/PlanToRoom[0m
[ 95%] [34m[1mGenerating Python code from SRV graph_room_navigation/PlanToPoint[0m
[ 95%] Built target graph_room_navigation_generate_messages_lisp
[ 95%] Built target graph_room_navigation_generate_messages_nodejs
[100%] [34m[1mGenerating Python srv __init__.py for graph_room_navigation[0m
[100%] Built target graph_room_navigation_generate_messages_cpp
[100%] Built target graph_room_navigation_generate_messages_py
[100%] Built target graph_room_navigation_generate_messages_eus
[35m[1mScanning dependencies of target graph_room_navigation_generate_messages[0m
[100%] Built target graph_room_navigation_generate_messages
