Linked: (/home/k21066336/tiago_public_ws/devel/.private/graph_room_navigation/lib/pkgconfig/graph_room_navigation.pc, /home/k21066336/tiago_public_ws/devel/lib/pkgconfig/graph_room_navigation.pc)
Linked: (/home/k21066336/tiago_public_ws/devel/.private/graph_room_navigation/lib/python3/dist-packages/graph_room_navigation/__init__.py, /home/k21066336/tiago_public_ws/devel/lib/python3/dist-packages/graph_room_navigation/__init__.py)
Linked: (/home/k21066336/tiago_public_ws/devel/.private/graph_room_navigation/lib/python3/dist-packages/graph_room_navigation/srv/_AddRoom.py, /home/k21066336/tiago_public_ws/devel/lib/python3/dist-packages/graph_room_navigation/srv/_AddRoom.py)
Linked: (/home/k21066336/tiago_public_ws/devel/.private/graph_room_navigation/lib/python3/dist-packages/graph_room_navigation/srv/__init__.py, /home/k21066336/tiago_public_ws/devel/lib/python3/dist-packages/graph_room_navigation/srv/__init__.py)
Linked: (/home/k21066336/tiago_public_ws/devel/.private/graph_room_navigation/lib/python3/dist-packages/graph_room_navigation/srv/_PlanToRoom.py, /home/k21066336/tiago_public_ws/devel/lib/python3/dist-packages/graph_room_navigation/srv/_PlanToRoom.py)
Linked: (/home/k21066336/tiago_public_ws/devel/.private/graph_room_navigation/lib/python3/dist-packages/graph_room_navigation/srv/_AddCrossing.py, /home/k21066336/tiago_public_ws/devel/lib/python3/dist-packages/graph_room_navigation/srv/_AddCrossing.py)
Linked: (/home/k21066336/tiago_public_ws/devel/.private/graph_room_navigation/lib/python3/dist-packages/graph_room_navigation/srv/_PlanToPoint.py, /home/k21066336/tiago_public_ws/devel/lib/python3/dist-packages/graph_room_navigation/srv/_PlanToPoint.py)
Linked: (/home/k21066336/tiago_public_ws/devel/.private/graph_room_navigation/share/graph_room_navigation/cmake/graph_room_navigation-msg-extras.cmake, /home/k21066336/tiago_public_ws/devel/share/graph_room_navigation/cmake/graph_room_navigation-msg-extras.cmake)
Linked: (/home/k21066336/tiago_public_ws/devel/.private/graph_room_navigation/share/graph_room_navigation/cmake/graph_room_navigationConfig-version.cmake, /home/k21066336/tiago_public_ws/devel/share/graph_room_navigation/cmake/graph_room_navigationConfig-version.cmake)
Linked: (/home/k21066336/tiago_public_ws/devel/.private/graph_room_navigation/share/graph_room_navigation/cmake/graph_room_navigationConfig.cmake, /home/k21066336/tiago_public_ws/devel/share/graph_room_navigation/cmake/graph_room_navigationConfig.cmake)
Linked: (/home/k21066336/tiago_public_ws/devel/.private/graph_room_navigation/share/graph_room_navigation/cmake/graph_room_navigation-msg-paths.cmake, /home/k21066336/tiago_public_ws/devel/share/graph_room_navigation/cmake/graph_room_navigation-msg-paths.cmake)
Linked: (/home/k21066336/tiago_public_ws/devel/.private/graph_room_navigation/share/gennodejs/ros/graph_room_navigation/_index.js, /home/k21066336/tiago_public_ws/devel/share/gennodejs/ros/graph_room_navigation/_index.js)
Linked: (/home/k21066336/tiago_public_ws/devel/.private/graph_room_navigation/share/gennodejs/ros/graph_room_navigation/srv/PlanToPoint.js, /home/k21066336/tiago_public_ws/devel/share/gennodejs/ros/graph_room_navigation/srv/PlanToPoint.js)
Linked: (/home/k21066336/tiago_public_ws/devel/.private/graph_room_navigation/share/gennodejs/ros/graph_room_navigation/srv/PlanToRoom.js, /home/k21066336/tiago_public_ws/devel/share/gennodejs/ros/graph_room_navigation/srv/PlanToRoom.js)
Linked: (/home/k21066336/tiago_public_ws/devel/.private/graph_room_navigation/share/gennodejs/ros/graph_room_navigation/srv/_index.js, /home/k21066336/tiago_public_ws/devel/share/gennodejs/ros/graph_room_navigation/srv/_index.js)
Linked: (/home/k21066336/tiago_public_ws/devel/.private/graph_room_navigation/share/gennodejs/ros/graph_room_navigation/srv/AddRoom.js, /home/k21066336/tiago_public_ws/devel/share/gennodejs/ros/graph_room_navigation/srv/AddRoom.js)
Linked: (/home/k21066336/tiago_public_ws/devel/.private/graph_room_navigation/share/gennodejs/ros/graph_room_navigation/srv/AddCrossing.js, /home/k21066336/tiago_public_ws/devel/share/gennodejs/ros/graph_room_navigation/srv/AddCrossing.js)
Linked: (/home/k21066336/tiago_public_ws/devel/.private/graph_room_navigation/share/roseus/ros/graph_room_navigation/manifest.l, /home/k21066336/tiago_public_ws/devel/share/roseus/ros/graph_room_navigation/manifest.l)
Linked: (/home/k21066336/tiago_public_ws/devel/.private/graph_room_navigation/share/roseus/ros/graph_room_navigation/srv/PlanToPoint.l, /home/k21066336/tiago_public_ws/devel/share/roseus/ros/graph_room_navigation/srv/PlanToPoint.l)
Linked: (/home/k21066336/tiago_public_ws/devel/.private/graph_room_navigation/share/roseus/ros/graph_room_navigation/srv/AddCrossing.l, /home/k21066336/tiago_public_ws/devel/share/roseus/ros/graph_room_navigation/srv/AddCrossing.l)
Linked: (/home/k21066336/tiago_public_ws/devel/.private/graph_room_navigation/share/roseus/ros/graph_room_navigation/srv/AddRoom.l, /home/k21066336/tiago_public_ws/devel/share/roseus/ros/graph_room_navigation/srv/AddRoom.l)
Linked: (/home/k21066336/tiago_public_ws/devel/.private/graph_room_navigation/share/roseus/ros/graph_room_navigation/srv/PlanToRoom.l, /home/k21066336/tiago_public_ws/devel/share/roseus/ros/graph_room_navigation/srv/PlanToRoom.l)
Linked: (/home/k21066336/tiago_public_ws/devel/.private/graph_room_navigation/share/common-lisp/ros/graph_room_navigation/srv/_package_PlanToPoint.lisp, /home/k21066336/tiago_public_ws/devel/share/common-lisp/ros/graph_room_navigation/srv/_package_PlanToPoint.lisp)
Linked: (/home/k21066336/tiago_public_ws/devel/.private/graph_room_navigation/share/common-lisp/ros/graph_room_navigation/srv/_package_AddRoom.lisp, /home/k21066336/tiago_public_ws/devel/share/common-lisp/ros/graph_room_navigation/srv/_package_AddRoom.lisp)
Linked: (/home/k21066336/tiago_public_ws/devel/.private/graph_room_navigation/share/common-lisp/ros/graph_room_navigation/srv/AddRoom.lisp, /home/k21066336/tiago_public_ws/devel/share/common-lisp/ros/graph_room_navigation/srv/AddRoom.lisp)
Linked: (/home/k21066336/tiago_public_ws/devel/.private/graph_room_navigation/share/common-lisp/ros/graph_room_navigation/srv/AddCrossing.lisp, /home/k21066336/tiago_public_ws/devel/share/common-lisp/ros/graph_room_navigation/srv/AddCrossing.lisp)
Linked: (/home/k21066336/tiago_public_ws/devel/.private/graph_room_navigation/share/common-lisp/ros/graph_room_navigation/srv/_package_PlanToRoom.lisp, /home/k21066336/tiago_public_ws/devel/share/common-lisp/ros/graph_room_navigation/srv/_package_PlanToRoom.lisp)
Linked: (/home/k21066336/tiago_public_ws/devel/.private/graph_room_navigation/share/common-lisp/ros/graph_room_navigation/srv/_package_AddCrossing.lisp, /home/k21066336/tiago_public_ws/devel/share/common-lisp/ros/graph_room_navigation/srv/_package_AddCrossing.lisp)
Linked: (/home/k21066336/tiago_public_ws/devel/.private/graph_room_navigation/share/common-lisp/ros/graph_room_navigation/srv/PlanToRoom.lisp, /home/k21066336/tiago_public_ws/devel/share/common-lisp/ros/graph_room_navigation/srv/PlanToRoom.lisp)
Linked: (/home/k21066336/tiago_public_ws/devel/.private/graph_room_navigation/share/common-lisp/ros/graph_room_navigation/srv/PlanToPoint.lisp, /home/k21066336/tiago_public_ws/devel/share/common-lisp/ros/graph_room_navigation/srv/PlanToPoint.lisp)
Linked: (/home/k21066336/tiago_public_ws/devel/.private/graph_room_navigation/share/common-lisp/ros/graph_room_navigation/srv/graph_room_navigation-srv.asd, /home/k21066336/tiago_public_ws/devel/share/common-lisp/ros/graph_room_navigation/srv/graph_room_navigation-srv.asd)
Linked: (/home/k21066336/tiago_public_ws/devel/.private/graph_room_navigation/share/common-lisp/ros/graph_room_navigation/srv/_package.lisp, /home/k21066336/tiago_public_ws/devel/share/common-lisp/ros/graph_room_navigation/srv/_package.lisp)
Linked: (/home/k21066336/tiago_public_ws/devel/.private/graph_room_navigation/include/graph_room_navigation/AddCrossing.h, /home/k21066336/tiago_public_ws/devel/include/graph_room_navigation/AddCrossing.h)
Linked: (/home/k21066336/tiago_public_ws/devel/.private/graph_room_navigation/include/graph_room_navigation/PlanToRoom.h, /home/k21066336/tiago_public_ws/devel/include/graph_room_navigation/PlanToRoom.h)
Linked: (/home/k21066336/tiago_public_ws/devel/.private/graph_room_navigation/include/graph_room_navigation/AddRoomRequest.h, /home/k21066336/tiago_public_ws/devel/include/graph_room_navigation/AddRoomRequest.h)
Linked: (/home/k21066336/tiago_public_ws/devel/.private/graph_room_navigation/include/graph_room_navigation/AddRoom.h, /home/k21066336/tiago_public_ws/devel/include/graph_room_navigation/AddRoom.h)
Linked: (/home/k21066336/tiago_public_ws/devel/.private/graph_room_navigation/include/graph_room_navigation/PlanToRoomRequest.h, /home/k21066336/tiago_public_ws/devel/include/graph_room_navigation/PlanToRoomRequest.h)
Linked: (/home/k21066336/tiago_public_ws/devel/.private/graph_room_navigation/include/graph_room_navigation/PlanToRoomResponse.h, /home/k21066336/tiago_public_ws/devel/include/graph_room_navigation/PlanToRoomResponse.h)
Linked: (/home/k21066336/tiago_public_ws/devel/.private/graph_room_navigation/include/graph_room_navigation/AddCrossingResponse.h, /home/k21066336/tiago_public_ws/devel/include/graph_room_navigation/AddCrossingResponse.h)
Linked: (/home/k21066336/tiago_public_ws/devel/.private/graph_room_navigation/include/graph_room_navigation/PlanToPoint.h, /home/k21066336/tiago_public_ws/devel/include/graph_room_navigation/PlanToPoint.h)
Linked: (/home/k21066336/tiago_public_ws/devel/.private/graph_room_navigation/include/graph_room_navigation/AddRoomResponse.h, /home/k21066336/tiago_public_ws/devel/include/graph_room_navigation/AddRoomResponse.h)
Linked: (/home/k21066336/tiago_public_ws/devel/.private/graph_room_navigation/include/graph_room_navigation/AddCrossingRequest.h, /home/k21066336/tiago_public_ws/devel/include/graph_room_navigation/AddCrossingRequest.h)
Linked: (/home/k21066336/tiago_public_ws/devel/.private/graph_room_navigation/include/graph_room_navigation/PlanToPointResponse.h, /home/k21066336/tiago_public_ws/devel/include/graph_room_navigation/PlanToPointResponse.h)
Linked: (/home/k21066336/tiago_public_ws/devel/.private/graph_room_navigation/include/graph_room_navigation/PlanToPointRequest.h, /home/k21066336/tiago_public_ws/devel/include/graph_room_navigation/PlanToPointRequest.h)
