Symlinking /home/k21066336/tiago_public_ws/devel/include/graph_room_navigation/PlanToPointResponse.h
Symlinking /home/k21066336/tiago_public_ws/devel/include/graph_room_navigation/AddRoom.h
Symlinking /home/k21066336/tiago_public_ws/devel/include/graph_room_navigation/PlanToRoomResponse.h
Symlinking /home/k21066336/tiago_public_ws/devel/include/graph_room_navigation/AddCrossing.h
Symlinking /home/k21066336/tiago_public_ws/devel/include/graph_room_navigation/PlanToPoint.h
Symlinking /home/k21066336/tiago_public_ws/devel/include/graph_room_navigation/AddRoomResponse.h
Symlinking /home/k21066336/tiago_public_ws/devel/include/graph_room_navigation/PlanToPointRequest.h
Symlinking /home/k21066336/tiago_public_ws/devel/include/graph_room_navigation/AddCrossingResponse.h
Symlinking /home/k21066336/tiago_public_ws/devel/include/graph_room_navigation/PlanToRoomRequest.h
Symlinking /home/k21066336/tiago_public_ws/devel/include/graph_room_navigation/AddRoomRequest.h
Symlinking /home/k21066336/tiago_public_ws/devel/include/graph_room_navigation/AddCrossingRequest.h
Symlinking /home/k21066336/tiago_public_ws/devel/include/graph_room_navigation/PlanToRoom.h
Symlinking /home/k21066336/tiago_public_ws/devel/share/roseus/ros/graph_room_navigation/manifest.l
Symlinking /home/k21066336/tiago_public_ws/devel/share/roseus/ros/graph_room_navigation/srv/PlanToRoom.l
Symlinking /home/k21066336/tiago_public_ws/devel/share/roseus/ros/graph_room_navigation/srv/AddCrossing.l
Symlinking /home/k21066336/tiago_public_ws/devel/share/roseus/ros/graph_room_navigation/srv/AddRoom.l
Symlinking /home/k21066336/tiago_public_ws/devel/share/roseus/ros/graph_room_navigation/srv/PlanToPoint.l
Symlinking /home/k21066336/tiago_public_ws/devel/share/common-lisp/ros/graph_room_navigation/srv/AddRoom.lisp
Symlinking /home/k21066336/tiago_public_ws/devel/share/common-lisp/ros/graph_room_navigation/srv/AddCrossing.lisp
Symlinking /home/k21066336/tiago_public_ws/devel/share/common-lisp/ros/graph_room_navigation/srv/_package_PlanToPoint.lisp
Symlinking /home/k21066336/tiago_public_ws/devel/share/common-lisp/ros/graph_room_navigation/srv/PlanToRoom.lisp
Symlinking /home/k21066336/tiago_public_ws/devel/share/common-lisp/ros/graph_room_navigation/srv/graph_room_navigation-srv.asd
Symlinking /home/k21066336/tiago_public_ws/devel/share/common-lisp/ros/graph_room_navigation/srv/_package_AddRoom.lisp
Symlinking /home/k21066336/tiago_public_ws/devel/share/common-lisp/ros/graph_room_navigation/srv/_package.lisp
Symlinking /home/k21066336/tiago_public_ws/devel/share/common-lisp/ros/graph_room_navigation/srv/PlanToPoint.lisp
Symlinking /home/k21066336/tiago_public_ws/devel/share/common-lisp/ros/graph_room_navigation/srv/_package_AddCrossing.lisp
Symlinking /home/k21066336/tiago_public_ws/devel/share/common-lisp/ros/graph_room_navigation/srv/_package_PlanToRoom.lisp
Symlinking /home/k21066336/tiago_public_ws/devel/share/gennodejs/ros/graph_room_navigation/_index.js
Symlinking /home/k21066336/tiago_public_ws/devel/share/gennodejs/ros/graph_room_navigation/srv/_index.js
Symlinking /home/k21066336/tiago_public_ws/devel/share/gennodejs/ros/graph_room_navigation/srv/PlanToPoint.js
Symlinking /home/k21066336/tiago_public_ws/devel/share/gennodejs/ros/graph_room_navigation/srv/PlanToRoom.js
Symlinking /home/k21066336/tiago_public_ws/devel/share/gennodejs/ros/graph_room_navigation/srv/AddCrossing.js
Symlinking /home/k21066336/tiago_public_ws/devel/share/gennodejs/ros/graph_room_navigation/srv/AddRoom.js
Symlinking /home/k21066336/tiago_public_ws/devel/share/graph_room_navigation/cmake/graph_room_navigationConfig-version.cmake
Symlinking /home/k21066336/tiago_public_ws/devel/share/graph_room_navigation/cmake/graph_room_navigationConfig.cmake
Symlinking /home/k21066336/tiago_public_ws/devel/share/graph_room_navigation/cmake/graph_room_navigation-msg-paths.cmake
Symlinking /home/k21066336/tiago_public_ws/devel/share/graph_room_navigation/cmake/graph_room_navigation-msg-extras.cmake
Symlinking /home/k21066336/tiago_public_ws/devel/lib/pkgconfig/graph_room_navigation.pc
Symlinking /home/k21066336/tiago_public_ws/devel/lib/python3/dist-packages/graph_room_navigation/__init__.py
Symlinking /home/k21066336/tiago_public_ws/devel/lib/python3/dist-packages/graph_room_navigation/srv/_PlanToRoom.py
Symlinking /home/k21066336/tiago_public_ws/devel/lib/python3/dist-packages/graph_room_navigation/srv/_AddCrossing.py
Symlinking /home/k21066336/tiago_public_ws/devel/lib/python3/dist-packages/graph_room_navigation/srv/_PlanToPoint.py
Symlinking /home/k21066336/tiago_public_ws/devel/lib/python3/dist-packages/graph_room_navigation/srv/__init__.py
Symlinking /home/k21066336/tiago_public_ws/devel/lib/python3/dist-packages/graph_room_navigation/srv/_AddRoom.py
