Linked: (/home/k21066336/tiago_public_ws/devel/.private/lasr_dialogflow/include/lasr_dialogflow/DialogflowTextResponse.h, /home/k21066336/tiago_public_ws/devel/include/lasr_dialogflow/DialogflowTextResponse.h)
Linked: (/home/k21066336/tiago_public_ws/devel/.private/lasr_dialogflow/include/lasr_dialogflow/DialogflowText.h, /home/k21066336/tiago_public_ws/devel/include/lasr_dialogflow/DialogflowText.h)
Linked: (/home/k21066336/tiago_public_ws/devel/.private/lasr_dialogflow/include/lasr_dialogflow/DialogflowTextRequest.h, /home/k21066336/tiago_public_ws/devel/include/lasr_dialogflow/DialogflowTextRequest.h)
Linked: (/home/k21066336/tiago_public_ws/devel/.private/lasr_dialogflow/include/lasr_dialogflow/DialogflowAudioRequest.h, /home/k21066336/tiago_public_ws/devel/include/lasr_dialogflow/DialogflowAudioRequest.h)
Linked: (/home/k21066336/tiago_public_ws/devel/.private/lasr_dialogflow/include/lasr_dialogflow/DialogflowAudioResponse.h, /home/k21066336/tiago_public_ws/devel/include/lasr_dialogflow/DialogflowAudioResponse.h)
Linked: (/home/k21066336/tiago_public_ws/devel/.private/lasr_dialogflow/include/lasr_dialogflow/DialogflowAudio.h, /home/k21066336/tiago_public_ws/devel/include/lasr_dialogflow/DialogflowAudio.h)
Linked: (/home/k21066336/tiago_public_ws/devel/.private/lasr_dialogflow/lib/pkgconfig/lasr_dialogflow.pc, /home/k21066336/tiago_public_ws/devel/lib/pkgconfig/lasr_dialogflow.pc)
Linked: (/home/k21066336/tiago_public_ws/devel/.private/lasr_dialogflow/lib/python3/dist-packages/lasr_dialogflow/__init__.py, /home/k21066336/tiago_public_ws/devel/lib/python3/dist-packages/lasr_dialogflow/__init__.py)
Linked: (/home/k21066336/tiago_public_ws/devel/.private/lasr_dialogflow/lib/python3/dist-packages/lasr_dialogflow/srv/_DialogflowAudio.py, /home/k21066336/tiago_public_ws/devel/lib/python3/dist-packages/lasr_dialogflow/srv/_DialogflowAudio.py)
Linked: (/home/k21066336/tiago_public_ws/devel/.private/lasr_dialogflow/lib/python3/dist-packages/lasr_dialogflow/srv/_DialogflowText.py, /home/k21066336/tiago_public_ws/devel/lib/python3/dist-packages/lasr_dialogflow/srv/_DialogflowText.py)
Linked: (/home/k21066336/tiago_public_ws/devel/.private/lasr_dialogflow/lib/python3/dist-packages/lasr_dialogflow/srv/__init__.py, /home/k21066336/tiago_public_ws/devel/lib/python3/dist-packages/lasr_dialogflow/srv/__init__.py)
Linked: (/home/k21066336/tiago_public_ws/devel/.private/lasr_dialogflow/share/lasr_dialogflow/cmake/lasr_dialogflow-msg-extras.cmake, /home/k21066336/tiago_public_ws/devel/share/lasr_dialogflow/cmake/lasr_dialogflow-msg-extras.cmake)
Linked: (/home/k21066336/tiago_public_ws/devel/.private/lasr_dialogflow/share/lasr_dialogflow/cmake/lasr_dialogflowConfig.cmake, /home/k21066336/tiago_public_ws/devel/share/lasr_dialogflow/cmake/lasr_dialogflowConfig.cmake)
Linked: (/home/k21066336/tiago_public_ws/devel/.private/lasr_dialogflow/share/lasr_dialogflow/cmake/lasr_dialogflowConfig-version.cmake, /home/k21066336/tiago_public_ws/devel/share/lasr_dialogflow/cmake/lasr_dialogflowConfig-version.cmake)
Linked: (/home/k21066336/tiago_public_ws/devel/.private/lasr_dialogflow/share/lasr_dialogflow/cmake/lasr_dialogflow-msg-paths.cmake, /home/k21066336/tiago_public_ws/devel/share/lasr_dialogflow/cmake/lasr_dialogflow-msg-paths.cmake)
Linked: (/home/k21066336/tiago_public_ws/devel/.private/lasr_dialogflow/share/gennodejs/ros/lasr_dialogflow/_index.js, /home/k21066336/tiago_public_ws/devel/share/gennodejs/ros/lasr_dialogflow/_index.js)
Linked: (/home/k21066336/tiago_public_ws/devel/.private/lasr_dialogflow/share/gennodejs/ros/lasr_dialogflow/srv/DialogflowText.js, /home/k21066336/tiago_public_ws/devel/share/gennodejs/ros/lasr_dialogflow/srv/DialogflowText.js)
Linked: (/home/k21066336/tiago_public_ws/devel/.private/lasr_dialogflow/share/gennodejs/ros/lasr_dialogflow/srv/_index.js, /home/k21066336/tiago_public_ws/devel/share/gennodejs/ros/lasr_dialogflow/srv/_index.js)
Linked: (/home/k21066336/tiago_public_ws/devel/.private/lasr_dialogflow/share/gennodejs/ros/lasr_dialogflow/srv/DialogflowAudio.js, /home/k21066336/tiago_public_ws/devel/share/gennodejs/ros/lasr_dialogflow/srv/DialogflowAudio.js)
Linked: (/home/k21066336/tiago_public_ws/devel/.private/lasr_dialogflow/share/common-lisp/ros/lasr_dialogflow/srv/DialogflowText.lisp, /home/k21066336/tiago_public_ws/devel/share/common-lisp/ros/lasr_dialogflow/srv/DialogflowText.lisp)
Linked: (/home/k21066336/tiago_public_ws/devel/.private/lasr_dialogflow/share/common-lisp/ros/lasr_dialogflow/srv/_package.lisp, /home/k21066336/tiago_public_ws/devel/share/common-lisp/ros/lasr_dialogflow/srv/_package.lisp)
Linked: (/home/k21066336/tiago_public_ws/devel/.private/lasr_dialogflow/share/common-lisp/ros/lasr_dialogflow/srv/lasr_dialogflow-srv.asd, /home/k21066336/tiago_public_ws/devel/share/common-lisp/ros/lasr_dialogflow/srv/lasr_dialogflow-srv.asd)
Linked: (/home/k21066336/tiago_public_ws/devel/.private/lasr_dialogflow/share/common-lisp/ros/lasr_dialogflow/srv/_package_DialogflowText.lisp, /home/k21066336/tiago_public_ws/devel/share/common-lisp/ros/lasr_dialogflow/srv/_package_DialogflowText.lisp)
Linked: (/home/k21066336/tiago_public_ws/devel/.private/lasr_dialogflow/share/common-lisp/ros/lasr_dialogflow/srv/DialogflowAudio.lisp, /home/k21066336/tiago_public_ws/devel/share/common-lisp/ros/lasr_dialogflow/srv/DialogflowAudio.lisp)
Linked: (/home/k21066336/tiago_public_ws/devel/.private/lasr_dialogflow/share/common-lisp/ros/lasr_dialogflow/srv/_package_DialogflowAudio.lisp, /home/k21066336/tiago_public_ws/devel/share/common-lisp/ros/lasr_dialogflow/srv/_package_DialogflowAudio.lisp)
Linked: (/home/k21066336/tiago_public_ws/devel/.private/lasr_dialogflow/share/roseus/ros/lasr_dialogflow/manifest.l, /home/k21066336/tiago_public_ws/devel/share/roseus/ros/lasr_dialogflow/manifest.l)
Linked: (/home/k21066336/tiago_public_ws/devel/.private/lasr_dialogflow/share/roseus/ros/lasr_dialogflow/srv/DialogflowText.l, /home/k21066336/tiago_public_ws/devel/share/roseus/ros/lasr_dialogflow/srv/DialogflowText.l)
Linked: (/home/k21066336/tiago_public_ws/devel/.private/lasr_dialogflow/share/roseus/ros/lasr_dialogflow/srv/DialogflowAudio.l, /home/k21066336/tiago_public_ws/devel/share/roseus/ros/lasr_dialogflow/srv/DialogflowAudio.l)
