make: Warning: File 'Makefile' has modification time 0.64 s in the future
make[1]: Warning: File 'CMakeFiles/Makefile2' has modification time 0.9 s in the future
make[2]: Warning: File 'CMakeFiles/std_msgs_generate_messages_nodejs.dir/progress.make' has modification time 0.86 s in the future
[35m[1mScanning dependencies of target std_msgs_generate_messages_nodejs[0m
make[2]: warning:  Clock skew detected.  Your build may be incomplete.
make[2]: Warning: File 'CMakeFiles/std_msgs_generate_messages_nodejs.dir/progress.make' has modification time 0.84 s in the future
make[2]: warning:  Clock skew detected.  Your build may be incomplete.
[  0%] Built target std_msgs_generate_messages_nodejs
make[2]: Warning: File 'CMakeFiles/_lasr_dialogflow_generate_messages_check_deps_DialogflowAudio.dir/progress.make' has modification time 0.76 s in the future
[35m[1mScanning dependencies of target _lasr_dialogflow_generate_messages_check_deps_DialogflowAudio[0m
make[2]: warning:  Clock skew detected.  Your build may be incomplete.
make[2]: Warning: File 'CMakeFiles/_lasr_dialogflow_generate_messages_check_deps_DialogflowAudio.dir/progress.make' has modification time 0.74 s in the future
make[2]: warning:  Clock skew detected.  Your build may be incomplete.
[  0%] Built target _lasr_dialogflow_generate_messages_check_deps_DialogflowAudio
make[2]: Warning: File 'CMakeFiles/_lasr_dialogflow_generate_messages_check_deps_DialogflowText.dir/progress.make' has modification time 0.67 s in the future
[35m[1mScanning dependencies of target _lasr_dialogflow_generate_messages_check_deps_DialogflowText[0m
make[2]: warning:  Clock skew detected.  Your build may be incomplete.
make[2]: Warning: File 'CMakeFiles/_lasr_dialogflow_generate_messages_check_deps_DialogflowText.dir/progress.make' has modification time 0.65 s in the future
make[2]: warning:  Clock skew detected.  Your build may be incomplete.
[  0%] Built target _lasr_dialogflow_generate_messages_check_deps_DialogflowText
make[2]: Warning: File 'CMakeFiles/std_msgs_generate_messages_eus.dir/progress.make' has modification time 0.64 s in the future
[35m[1mScanning dependencies of target std_msgs_generate_messages_eus[0m
make[2]: warning:  Clock skew detected.  Your build may be incomplete.
make[2]: Warning: File 'CMakeFiles/std_msgs_generate_messages_eus.dir/progress.make' has modification time 0.61 s in the future
make[2]: warning:  Clock skew detected.  Your build may be incomplete.
[  0%] Built target std_msgs_generate_messages_eus
make[2]: Warning: File 'CMakeFiles/std_msgs_generate_messages_cpp.dir/progress.make' has modification time 0.6 s in the future
[35m[1mScanning dependencies of target std_msgs_generate_messages_cpp[0m
make[2]: warning:  Clock skew detected.  Your build may be incomplete.
make[2]: Warning: File 'CMakeFiles/std_msgs_generate_messages_cpp.dir/progress.make' has modification time 0.57 s in the future
make[2]: warning:  Clock skew detected.  Your build may be incomplete.
[  0%] Built target std_msgs_generate_messages_cpp
make[2]: Warning: File 'CMakeFiles/std_msgs_generate_messages_lisp.dir/progress.make' has modification time 0.56 s in the future
[35m[1mScanning dependencies of target std_msgs_generate_messages_lisp[0m
make[2]: warning:  Clock skew detected.  Your build may be incomplete.
make[2]: Warning: File 'CMakeFiles/std_msgs_generate_messages_lisp.dir/progress.make' has modification time 0.54 s in the future
make[2]: warning:  Clock skew detected.  Your build may be incomplete.
[  0%] Built target std_msgs_generate_messages_lisp
make[2]: Warning: File 'CMakeFiles/std_msgs_generate_messages_py.dir/progress.make' has modification time 0.53 s in the future
[35m[1mScanning dependencies of target std_msgs_generate_messages_py[0m
make[2]: warning:  Clock skew detected.  Your build may be incomplete.
make[2]: Warning: File 'CMakeFiles/std_msgs_generate_messages_py.dir/progress.make' has modification time 0.5 s in the future
make[2]: warning:  Clock skew detected.  Your build may be incomplete.
[  0%] Built target std_msgs_generate_messages_py
make[2]: Warning: File 'CMakeFiles/lasr_dialogflow_generate_messages_nodejs.dir/progress.make' has modification time 0.46 s in the future
[35m[1mScanning dependencies of target lasr_dialogflow_generate_messages_nodejs[0m
make[2]: warning:  Clock skew detected.  Your build may be incomplete.
make[2]: Warning: File 'CMakeFiles/lasr_dialogflow_generate_messages_nodejs.dir/progress.make' has modification time 0.43 s in the future
make[2]: warning:  Clock skew detected.  Your build may be incomplete.
[ 16%] Built target lasr_dialogflow_generate_messages_nodejs
make[2]: Warning: File 'CMakeFiles/lasr_dialogflow_generate_messages_eus.dir/progress.make' has modification time 0.4 s in the future
[35m[1mScanning dependencies of target lasr_dialogflow_generate_messages_eus[0m
make[2]: Warning: File 'CMakeFiles/lasr_dialogflow_generate_messages_cpp.dir/progress.make' has modification time 0.38 s in the future
make[2]: warning:  Clock skew detected.  Your build may be incomplete.
make[2]: Warning: File 'CMakeFiles/lasr_dialogflow_generate_messages_eus.dir/progress.make' has modification time 0.37 s in the future
make[2]: warning:  Clock skew detected.  Your build may be incomplete.
[35m[1mScanning dependencies of target lasr_dialogflow_generate_messages_cpp[0m
make[2]: warning:  Clock skew detected.  Your build may be incomplete.
make[2]: Warning: File 'CMakeFiles/lasr_dialogflow_generate_messages_cpp.dir/progress.make' has modification time 0.35 s in the future
make[2]: warning:  Clock skew detected.  Your build may be incomplete.
[ 41%] Built target lasr_dialogflow_generate_messages_eus
make[2]: Warning: File 'CMakeFiles/lasr_dialogflow_generate_messages_lisp.dir/progress.make' has modification time 0.34 s in the future
[ 58%] Built target lasr_dialogflow_generate_messages_cpp
[35m[1mScanning dependencies of target lasr_dialogflow_generate_messages_lisp[0m
make[2]: warning:  Clock skew detected.  Your build may be incomplete.
make[2]: Warning: File 'CMakeFiles/lasr_dialogflow_generate_messages_lisp.dir/progress.make' has modification time 0.32 s in the future
make[2]: warning:  Clock skew detected.  Your build may be incomplete.
make[2]: Warning: File 'CMakeFiles/lasr_dialogflow_generate_messages_py.dir/progress.make' has modification time 0.31 s in the future
[ 75%] Built target lasr_dialogflow_generate_messages_lisp
[35m[1mScanning dependencies of target lasr_dialogflow_generate_messages_py[0m
make[2]: warning:  Clock skew detected.  Your build may be incomplete.
make[2]: Warning: File 'CMakeFiles/lasr_dialogflow_generate_messages_py.dir/progress.make' has modification time 0.29 s in the future
make[2]: warning:  Clock skew detected.  Your build may be incomplete.
[100%] Built target lasr_dialogflow_generate_messages_py
make[2]: Warning: File 'CMakeFiles/lasr_dialogflow_generate_messages.dir/progress.make' has modification time 0.25 s in the future
[35m[1mScanning dependencies of target lasr_dialogflow_generate_messages[0m
make[2]: warning:  Clock skew detected.  Your build may be incomplete.
make[2]: Warning: File 'CMakeFiles/lasr_dialogflow_generate_messages.dir/progress.make' has modification time 0.22 s in the future
make[2]: warning:  Clock skew detected.  Your build may be incomplete.
[100%] Built target lasr_dialogflow_generate_messages
make[1]: warning:  Clock skew detected.  Your build may be incomplete.
make: warning:  Clock skew detected.  Your build may be incomplete.
