Symlinking /home/k21066336/tiago_public_ws/devel/include/lasr_dialogflow/DialogflowTextResponse.h
Symlinking /home/k21066336/tiago_public_ws/devel/include/lasr_dialogflow/DialogflowText.h
Symlinking /home/k21066336/tiago_public_ws/devel/include/lasr_dialogflow/DialogflowTextRequest.h
Symlinking /home/k21066336/tiago_public_ws/devel/include/lasr_dialogflow/DialogflowAudioRequest.h
Symlinking /home/k21066336/tiago_public_ws/devel/include/lasr_dialogflow/DialogflowAudioResponse.h
Symlinking /home/k21066336/tiago_public_ws/devel/include/lasr_dialogflow/DialogflowAudio.h
Symlinking /home/k21066336/tiago_public_ws/devel/lib/pkgconfig/lasr_dialogflow.pc
Symlinking /home/k21066336/tiago_public_ws/devel/lib/python3/dist-packages/lasr_dialogflow/__init__.py
Symlinking /home/k21066336/tiago_public_ws/devel/lib/python3/dist-packages/lasr_dialogflow/srv/_DialogflowAudio.py
Symlinking /home/k21066336/tiago_public_ws/devel/lib/python3/dist-packages/lasr_dialogflow/srv/_DialogflowText.py
Symlinking /home/k21066336/tiago_public_ws/devel/lib/python3/dist-packages/lasr_dialogflow/srv/__init__.py
Symlinking /home/k21066336/tiago_public_ws/devel/share/lasr_dialogflow/cmake/lasr_dialogflow-msg-extras.cmake
Symlinking /home/k21066336/tiago_public_ws/devel/share/lasr_dialogflow/cmake/lasr_dialogflowConfig.cmake
Symlinking /home/k21066336/tiago_public_ws/devel/share/lasr_dialogflow/cmake/lasr_dialogflowConfig-version.cmake
Symlinking /home/k21066336/tiago_public_ws/devel/share/lasr_dialogflow/cmake/lasr_dialogflow-msg-paths.cmake
Symlinking /home/k21066336/tiago_public_ws/devel/share/gennodejs/ros/lasr_dialogflow/_index.js
Symlinking /home/k21066336/tiago_public_ws/devel/share/gennodejs/ros/lasr_dialogflow/srv/DialogflowText.js
Symlinking /home/k21066336/tiago_public_ws/devel/share/gennodejs/ros/lasr_dialogflow/srv/_index.js
Symlinking /home/k21066336/tiago_public_ws/devel/share/gennodejs/ros/lasr_dialogflow/srv/DialogflowAudio.js
Symlinking /home/k21066336/tiago_public_ws/devel/share/common-lisp/ros/lasr_dialogflow/srv/DialogflowText.lisp
Symlinking /home/k21066336/tiago_public_ws/devel/share/common-lisp/ros/lasr_dialogflow/srv/_package.lisp
Symlinking /home/k21066336/tiago_public_ws/devel/share/common-lisp/ros/lasr_dialogflow/srv/lasr_dialogflow-srv.asd
Symlinking /home/k21066336/tiago_public_ws/devel/share/common-lisp/ros/lasr_dialogflow/srv/_package_DialogflowText.lisp
Symlinking /home/k21066336/tiago_public_ws/devel/share/common-lisp/ros/lasr_dialogflow/srv/DialogflowAudio.lisp
Symlinking /home/k21066336/tiago_public_ws/devel/share/common-lisp/ros/lasr_dialogflow/srv/_package_DialogflowAudio.lisp
Symlinking /home/k21066336/tiago_public_ws/devel/share/roseus/ros/lasr_dialogflow/manifest.l
Symlinking /home/k21066336/tiago_public_ws/devel/share/roseus/ros/lasr_dialogflow/srv/DialogflowText.l
Symlinking /home/k21066336/tiago_public_ws/devel/share/roseus/ros/lasr_dialogflow/srv/DialogflowAudio.l
