[35m[1mScanning dependencies of target _recognise_people_generate_messages_check_deps_RecognisePeople[0m
[  0%] Built target _recognise_people_generate_messages_check_deps_RecognisePeople
[35m[1mScanning dependencies of target sensor_msgs_generate_messages_cpp[0m
[  0%] Built target sensor_msgs_generate_messages_cpp
[35m[1mScanning dependencies of target std_msgs_generate_messages_cpp[0m
[  0%] Built target std_msgs_generate_messages_cpp
[35m[1mScanning dependencies of target lasr_vision_msgs_generate_messages_cpp[0m
[  0%] Built target lasr_vision_msgs_generate_messages_cpp
[35m[1mScanning dependencies of target std_msgs_generate_messages_py[0m
[  0%] Built target std_msgs_generate_messages_py
[35m[1mScanning dependencies of target sensor_msgs_generate_messages_py[0m
[35m[1mScanning dependencies of target lasr_vision_msgs_generate_messages_py[0m
[  0%] Built target sensor_msgs_generate_messages_py
[  0%] Built target lasr_vision_msgs_generate_messages_py
[35m[1mScanning dependencies of target std_msgs_generate_messages_lisp[0m
[  0%] Built target std_msgs_generate_messages_lisp
[35m[1mScanning dependencies of target sensor_msgs_generate_messages_lisp[0m
[  0%] Built target sensor_msgs_generate_messages_lisp
[35m[1mScanning dependencies of target lasr_vision_msgs_generate_messages_lisp[0m
[  0%] Built target lasr_vision_msgs_generate_messages_lisp
[35m[1mScanning dependencies of target sensor_msgs_generate_messages_eus[0m
[  0%] Built target sensor_msgs_generate_messages_eus
[35m[1mScanning dependencies of target lasr_vision_msgs_generate_messages_eus[0m
[  0%] Built target lasr_vision_msgs_generate_messages_eus
[35m[1mScanning dependencies of target std_msgs_generate_messages_eus[0m
[  0%] Built target std_msgs_generate_messages_eus
[35m[1mScanning dependencies of target sensor_msgs_generate_messages_nodejs[0m
[  0%] Built target sensor_msgs_generate_messages_nodejs
[35m[1mScanning dependencies of target std_msgs_generate_messages_nodejs[0m
[  0%] Built target std_msgs_generate_messages_nodejs
[35m[1mScanning dependencies of target lasr_vision_msgs_generate_messages_nodejs[0m
[  0%] Built target lasr_vision_msgs_generate_messages_nodejs
[35m[1mScanning dependencies of target recognise_people_generate_messages_cpp[0m
[35m[1mScanning dependencies of target recognise_people_generate_messages_py[0m
[ 14%] [34m[1mGenerating C++ code from recognise_people/RecognisePeople.srv[0m
[ 28%] [34m[1mGenerating Python code from SRV recognise_people/RecognisePeople[0m
[35m[1mScanning dependencies of target recognise_people_generate_messages_lisp[0m
[ 42%] [34m[1mGenerating Lisp code from recognise_people/RecognisePeople.srv[0m
[ 42%] Built target recognise_people_generate_messages_lisp
[ 57%] [34m[1mGenerating Python srv __init__.py for recognise_people[0m
[35m[1mScanning dependencies of target recognise_people_generate_messages_eus[0m
[ 71%] [34m[1mGenerating EusLisp code from recognise_people/RecognisePeople.srv[0m
[ 71%] Built target recognise_people_generate_messages_cpp
[35m[1mScanning dependencies of target recognise_people_generate_messages_nodejs[0m
[100%] [34m[1mGenerating Javascript code from recognise_people/RecognisePeople.srv[0m
[100%] [34m[1mGenerating EusLisp manifest code for recognise_people[0m
[100%] Built target recognise_people_generate_messages_py
[100%] Built target recognise_people_generate_messages_nodejs
[100%] Built target recognise_people_generate_messages_eus
[35m[1mScanning dependencies of target recognise_people_generate_messages[0m
[100%] Built target recognise_people_generate_messages
