Symlinking /home/k21066336/tiago_public_ws/devel/lib/python3/dist-packages/recognise_people/__init__.py
Symlinking /home/k21066336/tiago_public_ws/devel/lib/python3/dist-packages/recognise_people/srv/_RecognisePeople.py
Symlinking /home/k21066336/tiago_public_ws/devel/lib/python3/dist-packages/recognise_people/srv/__init__.py
Symlinking /home/k21066336/tiago_public_ws/devel/lib/pkgconfig/recognise_people.pc
Symlinking /home/k21066336/tiago_public_ws/devel/include/recognise_people/RecognisePeopleResponse.h
Symlinking /home/k21066336/tiago_public_ws/devel/include/recognise_people/RecognisePeople.h
Symlinking /home/k21066336/tiago_public_ws/devel/include/recognise_people/RecognisePeopleRequest.h
Symlinking /home/k21066336/tiago_public_ws/devel/share/recognise_people/cmake/recognise_people-msg-paths.cmake
Symlinking /home/k21066336/tiago_public_ws/devel/share/recognise_people/cmake/recognise_peopleConfig-version.cmake
Symlinking /home/k21066336/tiago_public_ws/devel/share/recognise_people/cmake/recognise_people-msg-extras.cmake
Symlinking /home/k21066336/tiago_public_ws/devel/share/recognise_people/cmake/recognise_peopleConfig.cmake
Symlinking /home/k21066336/tiago_public_ws/devel/share/common-lisp/ros/recognise_people/srv/_package.lisp
Symlinking /home/k21066336/tiago_public_ws/devel/share/common-lisp/ros/recognise_people/srv/RecognisePeople.lisp
Symlinking /home/k21066336/tiago_public_ws/devel/share/common-lisp/ros/recognise_people/srv/recognise_people-srv.asd
Symlinking /home/k21066336/tiago_public_ws/devel/share/common-lisp/ros/recognise_people/srv/_package_RecognisePeople.lisp
Symlinking /home/k21066336/tiago_public_ws/devel/share/roseus/ros/recognise_people/manifest.l
Symlinking /home/k21066336/tiago_public_ws/devel/share/roseus/ros/recognise_people/srv/RecognisePeople.l
Symlinking /home/k21066336/tiago_public_ws/devel/share/gennodejs/ros/recognise_people/_index.js
Symlinking /home/k21066336/tiago_public_ws/devel/share/gennodejs/ros/recognise_people/srv/RecognisePeople.js
Symlinking /home/k21066336/tiago_public_ws/devel/share/gennodejs/ros/recognise_people/srv/_index.js
