[  0%] Built target std_msgs_generate_messages_py
[  0%] Built target lasr_vision_msgs_generate_messages_cpp
[  0%] Built target std_msgs_generate_messages_cpp
[  0%] Built target sensor_msgs_generate_messages_cpp
[  0%] Built target sensor_msgs_generate_messages_py
[  0%] Built target lasr_vision_msgs_generate_messages_py
[  0%] Built target lasr_vision_msgs_generate_messages_lisp
[  0%] Built target std_msgs_generate_messages_lisp
[  0%] Built target sensor_msgs_generate_messages_lisp
[  0%] Built target sensor_msgs_generate_messages_eus
[  0%] Built target lasr_vision_msgs_generate_messages_eus
[  0%] Built target std_msgs_generate_messages_eus
[  0%] Built target _recognise_people_generate_messages_check_deps_RecognisePeople
[  0%] Built target sensor_msgs_generate_messages_nodejs
[  0%] Built target std_msgs_generate_messages_nodejs
[  0%] Built target lasr_vision_msgs_generate_messages_nodejs
[ 71%] Built target recognise_people_generate_messages_py
[ 71%] Built target recognise_people_generate_messages_lisp
[ 85%] Built target recognise_people_generate_messages_cpp
[ 85%] Built target recognise_people_generate_messages_eus
[100%] Built target recognise_people_generate_messages_nodejs
[100%] Built target recognise_people_generate_messages
