Symlinking /home/k21066336/tiago_public_ws/devel/include/tiago_controllers/ArmTorsoPosRequest.h
Symlinking /home/k21066336/tiago_public_ws/devel/include/tiago_controllers/ArmTorsoPosResponse.h
Symlinking /home/k21066336/tiago_public_ws/devel/include/tiago_controllers/ArmTorsoPos.h
Symlinking /home/k21066336/tiago_public_ws/devel/lib/python3/dist-packages/tiago_controllers/__init__.py
Symlinking /home/k21066336/tiago_public_ws/devel/lib/python3/dist-packages/tiago_controllers/srv/_ArmTorsoPos.py
Symlinking /home/k21066336/tiago_public_ws/devel/lib/python3/dist-packages/tiago_controllers/srv/__init__.py
Symlinking /home/k21066336/tiago_public_ws/devel/lib/pkgconfig/tiago_controllers.pc
Symlinking /home/k21066336/tiago_public_ws/devel/share/tiago_controllers/cmake/tiago_controllers-msg-paths.cmake
Symlinking /home/k21066336/tiago_public_ws/devel/share/tiago_controllers/cmake/tiago_controllersConfig.cmake
Symlinking /home/k21066336/tiago_public_ws/devel/share/tiago_controllers/cmake/tiago_controllersConfig-version.cmake
Symlinking /home/k21066336/tiago_public_ws/devel/share/tiago_controllers/cmake/tiago_controllers-msg-extras.cmake
Symlinking /home/k21066336/tiago_public_ws/devel/share/common-lisp/ros/tiago_controllers/srv/ArmTorsoPos.lisp
Symlinking /home/k21066336/tiago_public_ws/devel/share/common-lisp/ros/tiago_controllers/srv/_package.lisp
Symlinking /home/k21066336/tiago_public_ws/devel/share/common-lisp/ros/tiago_controllers/srv/tiago_controllers-srv.asd
Symlinking /home/k21066336/tiago_public_ws/devel/share/common-lisp/ros/tiago_controllers/srv/_package_ArmTorsoPos.lisp
Symlinking /home/k21066336/tiago_public_ws/devel/share/gennodejs/ros/tiago_controllers/_index.js
Symlinking /home/k21066336/tiago_public_ws/devel/share/gennodejs/ros/tiago_controllers/srv/ArmTorsoPos.js
Symlinking /home/k21066336/tiago_public_ws/devel/share/gennodejs/ros/tiago_controllers/srv/_index.js
Symlinking /home/k21066336/tiago_public_ws/devel/share/roseus/ros/tiago_controllers/manifest.l
Symlinking /home/k21066336/tiago_public_ws/devel/share/roseus/ros/tiago_controllers/srv/ArmTorsoPos.l
