make: Warning: File 'Makefile' has modification time 0.64 s in the future
make[1]: Warning: File 'CMakeFiles/Makefile2' has modification time 0.9 s in the future
make[2]: Warning: File 'CMakeFiles/std_msgs_generate_messages_cpp.dir/progress.make' has modification time 0.83 s in the future
make[2]: Warning: File 'CMakeFiles/std_msgs_generate_messages_nodejs.dir/progress.make' has modification time 0.84 s in the future
make[2]: Warning: File 'CMakeFiles/_tiago_controllers_generate_messages_check_deps_ArmTorsoPos.dir/progress.make' has modification time 0.8 s in the future
[35m[1mScanning dependencies of target std_msgs_generate_messages_cpp[0m
[35m[1mScanning dependencies of target std_msgs_generate_messages_nodejs[0m
[35m[1mScanning dependencies of target _tiago_controllers_generate_messages_check_deps_ArmTorsoPos[0m
make[2]: warning:  Clock skew detected.  Your build may be incomplete.
make[2]: warning:  Clock skew detected.  Your build may be incomplete.
make[2]: warning:  Clock skew detected.  Your build may be incomplete.
make[2]: Warning: File 'CMakeFiles/std_msgs_generate_messages_cpp.dir/progress.make' has modification time 0.8 s in the future
make[2]: Warning: File 'CMakeFiles/std_msgs_generate_messages_nodejs.dir/progress.make' has modification time 0.81 s in the future
make[2]: Warning: File 'CMakeFiles/_tiago_controllers_generate_messages_check_deps_ArmTorsoPos.dir/progress.make' has modification time 0.78 s in the future
make[2]: warning:  Clock skew detected.  Your build may be incomplete.
make[2]: warning:  Clock skew detected.  Your build may be incomplete.
[  0%] Built target std_msgs_generate_messages_cpp
[  0%] Built target std_msgs_generate_messages_nodejs
make[2]: Warning: File 'CMakeFiles/std_msgs_generate_messages_py.dir/progress.make' has modification time 0.8 s in the future
make[2]: Warning: File 'CMakeFiles/std_msgs_generate_messages_lisp.dir/progress.make' has modification time 0.8 s in the future
[35m[1mScanning dependencies of target std_msgs_generate_messages_lisp[0m
[35m[1mScanning dependencies of target std_msgs_generate_messages_py[0m
make[2]: warning:  Clock skew detected.  Your build may be incomplete.
make[2]: warning:  Clock skew detected.  Your build may be incomplete.
make[2]: Warning: File 'CMakeFiles/std_msgs_generate_messages_py.dir/progress.make' has modification time 0.78 s in the future
make[2]: Warning: File 'CMakeFiles/std_msgs_generate_messages_lisp.dir/progress.make' has modification time 0.77 s in the future
make[2]: warning:  Clock skew detected.  Your build may be incomplete.
make[2]: warning:  Clock skew detected.  Your build may be incomplete.
[  0%] Built target std_msgs_generate_messages_py
[  0%] Built target std_msgs_generate_messages_lisp
make[2]: Warning: File 'CMakeFiles/std_msgs_generate_messages_eus.dir/progress.make' has modification time 0.75 s in the future
make[2]: warning:  Clock skew detected.  Your build may be incomplete.
[35m[1mScanning dependencies of target std_msgs_generate_messages_eus[0m
[  0%] Built target _tiago_controllers_generate_messages_check_deps_ArmTorsoPos
make[2]: Warning: File 'CMakeFiles/tiago_controllers_generate_messages_cpp.dir/progress.make' has modification time 0.75 s in the future
make[2]: Warning: File 'CMakeFiles/tiago_controllers_generate_messages_nodejs.dir/progress.make' has modification time 0.76 s in the future
make[2]: warning:  Clock skew detected.  Your build may be incomplete.
make[2]: Warning: File 'CMakeFiles/std_msgs_generate_messages_eus.dir/progress.make' has modification time 0.73 s in the future
make[2]: warning:  Clock skew detected.  Your build may be incomplete.
[35m[1mScanning dependencies of target tiago_controllers_generate_messages_nodejs[0m
[35m[1mScanning dependencies of target tiago_controllers_generate_messages_cpp[0m
[  0%] Built target std_msgs_generate_messages_eus
make[2]: Warning: File 'CMakeFiles/tiago_controllers_generate_messages_lisp.dir/progress.make' has modification time 0.74 s in the future
make[2]: warning:  Clock skew detected.  Your build may be incomplete.
make[2]: warning:  Clock skew detected.  Your build may be incomplete.
make[2]: Warning: File 'CMakeFiles/tiago_controllers_generate_messages_nodejs.dir/progress.make' has modification time 0.74 s in the future
make[2]: Warning: File 'CMakeFiles/tiago_controllers_generate_messages_cpp.dir/progress.make' has modification time 0.73 s in the future
[35m[1mScanning dependencies of target tiago_controllers_generate_messages_lisp[0m
[ 14%] [34m[1mGenerating Javascript code from tiago_controllers/ArmTorsoPos.srv[0m
[ 28%] [34m[1mGenerating C++ code from tiago_controllers/ArmTorsoPos.srv[0m
make[2]: warning:  Clock skew detected.  Your build may be incomplete.
make[2]: Warning: File 'CMakeFiles/tiago_controllers_generate_messages_lisp.dir/progress.make' has modification time 0.72 s in the future
[ 42%] [34m[1mGenerating Lisp code from tiago_controllers/ArmTorsoPos.srv[0m
make[2]: warning:  Clock skew detected.  Your build may be incomplete.
[ 42%] Built target tiago_controllers_generate_messages_nodejs
make[2]: Warning: File 'CMakeFiles/tiago_controllers_generate_messages_py.dir/progress.make' has modification time 0.64 s in the future
make[2]: warning:  Clock skew detected.  Your build may be incomplete.
[35m[1mScanning dependencies of target tiago_controllers_generate_messages_py[0m
make[2]: warning:  Clock skew detected.  Your build may be incomplete.
[ 42%] Built target tiago_controllers_generate_messages_lisp
make[2]: Warning: File 'CMakeFiles/tiago_controllers_generate_messages_py.dir/progress.make' has modification time 0.62 s in the future
make[2]: Warning: File 'CMakeFiles/tiago_controllers_generate_messages_eus.dir/progress.make' has modification time 0.61 s in the future
[ 57%] [34m[1mGenerating Python code from SRV tiago_controllers/ArmTorsoPos[0m
[35m[1mScanning dependencies of target tiago_controllers_generate_messages_eus[0m
make[2]: warning:  Clock skew detected.  Your build may be incomplete.
make[2]: Warning: File 'CMakeFiles/tiago_controllers_generate_messages_eus.dir/progress.make' has modification time 0.58 s in the future
[ 71%] [34m[1mGenerating EusLisp code from tiago_controllers/ArmTorsoPos.srv[0m
[ 85%] [34m[1mGenerating EusLisp manifest code for tiago_controllers[0m
make[2]: warning:  Clock skew detected.  Your build may be incomplete.
[100%] [34m[1mGenerating Python srv __init__.py for tiago_controllers[0m
[100%] Built target tiago_controllers_generate_messages_cpp
make[2]: warning:  Clock skew detected.  Your build may be incomplete.
[100%] Built target tiago_controllers_generate_messages_py
make[2]: warning:  Clock skew detected.  Your build may be incomplete.
[100%] Built target tiago_controllers_generate_messages_eus
[35m[1mScanning dependencies of target tiago_controllers_generate_messages[0m
[100%] Built target tiago_controllers_generate_messages
make[1]: warning:  Clock skew detected.  Your build may be incomplete.
make: warning:  Clock skew detected.  Your build may be incomplete.
