Linked: (/home/k21066336/tiago_public_ws/devel/.private/tiago_controllers/share/tiago_controllers/cmake/tiago_controllersConfig-version.cmake, /home/k21066336/tiago_public_ws/devel/share/tiago_controllers/cmake/tiago_controllersConfig-version.cmake)
Linked: (/home/k21066336/tiago_public_ws/devel/.private/tiago_controllers/share/tiago_controllers/cmake/tiago_controllers-msg-extras.cmake, /home/k21066336/tiago_public_ws/devel/share/tiago_controllers/cmake/tiago_controllers-msg-extras.cmake)
Linked: (/home/k21066336/tiago_public_ws/devel/.private/tiago_controllers/share/tiago_controllers/cmake/tiago_controllers-msg-paths.cmake, /home/k21066336/tiago_public_ws/devel/share/tiago_controllers/cmake/tiago_controllers-msg-paths.cmake)
Linked: (/home/k21066336/tiago_public_ws/devel/.private/tiago_controllers/share/tiago_controllers/cmake/tiago_controllersConfig.cmake, /home/k21066336/tiago_public_ws/devel/share/tiago_controllers/cmake/tiago_controllersConfig.cmake)
Linked: (/home/k21066336/tiago_public_ws/devel/.private/tiago_controllers/share/gennodejs/ros/tiago_controllers/_index.js, /home/k21066336/tiago_public_ws/devel/share/gennodejs/ros/tiago_controllers/_index.js)
Linked: (/home/k21066336/tiago_public_ws/devel/.private/tiago_controllers/share/gennodejs/ros/tiago_controllers/srv/_index.js, /home/k21066336/tiago_public_ws/devel/share/gennodejs/ros/tiago_controllers/srv/_index.js)
Linked: (/home/k21066336/tiago_public_ws/devel/.private/tiago_controllers/share/gennodejs/ros/tiago_controllers/srv/ArmTorsoPos.js, /home/k21066336/tiago_public_ws/devel/share/gennodejs/ros/tiago_controllers/srv/ArmTorsoPos.js)
Linked: (/home/k21066336/tiago_public_ws/devel/.private/tiago_controllers/share/common-lisp/ros/tiago_controllers/srv/ArmTorsoPos.lisp, /home/k21066336/tiago_public_ws/devel/share/common-lisp/ros/tiago_controllers/srv/ArmTorsoPos.lisp)
Linked: (/home/k21066336/tiago_public_ws/devel/.private/tiago_controllers/share/common-lisp/ros/tiago_controllers/srv/tiago_controllers-srv.asd, /home/k21066336/tiago_public_ws/devel/share/common-lisp/ros/tiago_controllers/srv/tiago_controllers-srv.asd)
Linked: (/home/k21066336/tiago_public_ws/devel/.private/tiago_controllers/share/common-lisp/ros/tiago_controllers/srv/_package.lisp, /home/k21066336/tiago_public_ws/devel/share/common-lisp/ros/tiago_controllers/srv/_package.lisp)
Linked: (/home/k21066336/tiago_public_ws/devel/.private/tiago_controllers/share/common-lisp/ros/tiago_controllers/srv/_package_ArmTorsoPos.lisp, /home/k21066336/tiago_public_ws/devel/share/common-lisp/ros/tiago_controllers/srv/_package_ArmTorsoPos.lisp)
Linked: (/home/k21066336/tiago_public_ws/devel/.private/tiago_controllers/share/roseus/ros/tiago_controllers/manifest.l, /home/k21066336/tiago_public_ws/devel/share/roseus/ros/tiago_controllers/manifest.l)
Linked: (/home/k21066336/tiago_public_ws/devel/.private/tiago_controllers/share/roseus/ros/tiago_controllers/srv/ArmTorsoPos.l, /home/k21066336/tiago_public_ws/devel/share/roseus/ros/tiago_controllers/srv/ArmTorsoPos.l)
Symlinking /home/k21066336/tiago_public_ws/devel/include/tiago_controllers/ArmTorsoPos.h
Symlinking /home/k21066336/tiago_public_ws/devel/include/tiago_controllers/ArmTorsoPosRequest.h
Symlinking /home/k21066336/tiago_public_ws/devel/include/tiago_controllers/ArmTorsoPosResponse.h
Symlinking /home/k21066336/tiago_public_ws/devel/lib/python3/dist-packages/tiago_controllers/__init__.py
Symlinking /home/k21066336/tiago_public_ws/devel/lib/python3/dist-packages/tiago_controllers/srv/_ArmTorsoPos.py
Symlinking /home/k21066336/tiago_public_ws/devel/lib/python3/dist-packages/tiago_controllers/srv/__init__.py
Symlinking /home/k21066336/tiago_public_ws/devel/lib/pkgconfig/tiago_controllers.pc
