[35m[1mScanning dependencies of target _lasr_shapely_generate_messages_check_deps_PointInPolygon2D[0m
[35m[1mScanning dependencies of target _lasr_shapely_generate_messages_check_deps_PointsInPolygon2D[0m
[35m[1mScanning dependencies of target lasr_shapely_generate_virtualenv[0m
[  5%] [34m[1mGenerate virtualenv in /home/k21066336/tiago_public_ws/build/lasr_shapely/venv[0m
[  5%] Built target _lasr_shapely_generate_messages_check_deps_PointInPolygon2D
[  5%] Built target _lasr_shapely_generate_messages_check_deps_PointsInPolygon2D
[35m[1mScanning dependencies of target lasr_shapely_generate_messages_lisp[0m
[35m[1mScanning dependencies of target lasr_shapely_generate_messages_cpp[0m
[35m[1mScanning dependencies of target lasr_shapely_generate_messages_py[0m
[35m[1mScanning dependencies of target lasr_shapely_generate_messages_eus[0m
[35m[1mScanning dependencies of target lasr_shapely_generate_messages_nodejs[0m
[ 35%] [34m[1mGenerating Python code from SRV lasr_shapely/PointsInPolygon2D[0m
[ 47%] [34m[1mGenerating Lisp code from lasr_shapely/PointInPolygon2D.srv[0m
[ 47%] [34m[1mGenerating EusLisp code from lasr_shapely/PointInPolygon2D.srv[0m
[ 70%] [34m[1mGenerating Javascript code from lasr_shapely/PointInPolygon2D.srv[0m
[ 70%] [34m[1mGenerating Javascript code from lasr_shapely/PointsInPolygon2D.srv[0m
[ 70%] [34m[1mGenerating EusLisp code from lasr_shapely/PointsInPolygon2D.srv[0m
[ 70%] [34m[1mGenerating EusLisp manifest code for lasr_shapely[0m
[ 70%] [34m[1mGenerating Lisp code from lasr_shapely/PointsInPolygon2D.srv[0m
[ 58%] [34m[1mGenerating C++ code from lasr_shapely/PointInPolygon2D.srv[0m
[ 58%] [34m[1mGenerating Python code from SRV lasr_shapely/PointInPolygon2D[0m
[ 70%] [34m[1mGenerating C++ code from lasr_shapely/PointsInPolygon2D.srv[0m
[ 70%] Built target lasr_shapely_generate_messages_nodejs
[ 70%] Built target lasr_shapely_generate_messages_lisp
[ 76%] [34m[1mGenerating Python srv __init__.py for lasr_shapely[0m
[ 76%] Built target lasr_shapely_generate_messages_cpp
[ 76%] Built target lasr_shapely_generate_messages_py
True
[ 76%] Built target lasr_shapely_generate_messages_eus
[35m[1mScanning dependencies of target lasr_shapely_generate_messages[0m
[ 76%] Built target lasr_shapely_generate_messages
[ 82%] [34m[1mInstall requirements to /home/k21066336/tiago_public_ws/build/lasr_shapely/venv[0m
/home/k21066336/tiago_public_ws/build/lasr_shapely/venv/lib/python3.10/site-packages/pip/_internal/locations/_distutils.py:9: DeprecationWarning: The distutils package is deprecated and slated for removal in Python 3.12. Use setuptools or check PEP 632 for potential alternatives
  from distutils.cmd import Command as DistutilsCommand
/usr/local/lib/python3.10/distutils/command/install.py:13: DeprecationWarning: The distutils.sysconfig module is deprecated, use sysconfig instead
  from distutils.sysconfig import get_config_vars
/home/k21066336/tiago_public_ws/build/lasr_shapely/venv/lib/python3.10/site-packages/pip/_internal/locations/_distutils.py:9: DeprecationWarning: The distutils package is deprecated and slated for removal in Python 3.12. Use setuptools or check PEP 632 for potential alternatives
  from distutils.cmd import Command as DistutilsCommand
/usr/local/lib/python3.10/distutils/command/install.py:13: DeprecationWarning: The distutils.sysconfig module is deprecated, use sysconfig instead
  from distutils.sysconfig import get_config_vars
[ 88%] [34m[1mPrepare relocated virtualenvs for develspace and installspace[0m
[ 94%] [34m[1mPer-package virtualenv target[0m
[100%] Built target lasr_shapely_generate_virtualenv
