make: Warning: File 'Makefile' has modification time 0.56 s in the future
make[1]: Warning: File 'CMakeFiles/Makefile2' has modification time 0.88 s in the future
make[2]: Warning: File 'CMakeFiles/lasr_shapely_generate_virtualenv.dir/progress.make' has modification time 0.81 s in the future
[35m[1mScanning dependencies of target lasr_shapely_generate_virtualenv[0m
make[2]: warning:  Clock skew detected.  Your build may be incomplete.
make[2]: Warning: File 'CMakeFiles/lasr_shapely_generate_virtualenv.dir/progress.make' has modification time 0.79 s in the future
[  5%] [34m[1mGenerate virtualenv in /home/k21066336/tiago_public_ws/build/lasr_shapely/venv[0m
True
[35m[1mScanning dependencies of target _lasr_shapely_generate_messages_check_deps_PointsInPolygon2D[0m
[  5%] Built target _lasr_shapely_generate_messages_check_deps_PointsInPolygon2D
[35m[1mScanning dependencies of target _lasr_shapely_generate_messages_check_deps_PointInPolygon2D[0m
[  5%] Built target _lasr_shapely_generate_messages_check_deps_PointInPolygon2D
[35m[1mScanning dependencies of target lasr_shapely_generate_messages_lisp[0m
[ 17%] Built target lasr_shapely_generate_messages_lisp
[35m[1mScanning dependencies of target lasr_shapely_generate_messages_cpp[0m
[ 29%] Built target lasr_shapely_generate_messages_cpp
[35m[1mScanning dependencies of target lasr_shapely_generate_messages_py[0m
[ 47%] Built target lasr_shapely_generate_messages_py
[35m[1mScanning dependencies of target lasr_shapely_generate_messages_nodejs[0m
[ 58%] Built target lasr_shapely_generate_messages_nodejs
[35m[1mScanning dependencies of target lasr_shapely_generate_messages_eus[0m
[ 76%] Built target lasr_shapely_generate_messages_eus
[35m[1mScanning dependencies of target lasr_shapely_generate_messages[0m
[ 76%] Built target lasr_shapely_generate_messages
[ 82%] [34m[1mInstall requirements to /home/k21066336/tiago_public_ws/build/lasr_shapely/venv[0m
/home/k21066336/tiago_public_ws/build/lasr_shapely/venv/lib/python3.10/site-packages/pip/_internal/locations/_distutils.py:9: DeprecationWarning: The distutils package is deprecated and slated for removal in Python 3.12. Use setuptools or check PEP 632 for potential alternatives
  from distutils.cmd import Command as DistutilsCommand
/usr/local/lib/python3.10/distutils/command/install.py:13: DeprecationWarning: The distutils.sysconfig module is deprecated, use sysconfig instead
  from distutils.sysconfig import get_config_vars
/home/k21066336/tiago_public_ws/build/lasr_shapely/venv/lib/python3.10/site-packages/pip/_internal/locations/_distutils.py:9: DeprecationWarning: The distutils package is deprecated and slated for removal in Python 3.12. Use setuptools or check PEP 632 for potential alternatives
  from distutils.cmd import Command as DistutilsCommand
/usr/local/lib/python3.10/distutils/command/install.py:13: DeprecationWarning: The distutils.sysconfig module is deprecated, use sysconfig instead
  from distutils.sysconfig import get_config_vars
[ 88%] [34m[1mPrepare relocated virtualenvs for develspace and installspace[0m
[ 94%] [34m[1mPer-package virtualenv target[0m
make[2]: warning:  Clock skew detected.  Your build may be incomplete.
[100%] Built target lasr_shapely_generate_virtualenv
make[1]: warning:  Clock skew detected.  Your build may be incomplete.
make: warning:  Clock skew detected.  Your build may be incomplete.
