Symlinking /home/k21066336/tiago_public_ws/devel/lib/pkgconfig/interaction_module.pc
Symlinking /home/k21066336/tiago_public_ws/devel/lib/python3/dist-packages/interaction_module/__init__.py
Symlinking /home/k21066336/tiago_public_ws/devel/lib/python3/dist-packages/interaction_module/srv/__init__.py
Symlinking /home/k21066336/tiago_public_ws/devel/lib/python3/dist-packages/interaction_module/srv/_AudioAndTextInteraction.py
Symlinking /home/k21066336/tiago_public_ws/devel/include/interaction_module/AudioAndTextInteractionRequest.h
Symlinking /home/k21066336/tiago_public_ws/devel/include/interaction_module/AudioAndTextInteraction.h
Symlinking /home/k21066336/tiago_public_ws/devel/include/interaction_module/AudioAndTextInteractionResponse.h
Symlinking /home/k21066336/tiago_public_ws/devel/share/roseus/ros/interaction_module/manifest.l
Symlinking /home/k21066336/tiago_public_ws/devel/share/roseus/ros/interaction_module/srv/AudioAndTextInteraction.l
Symlinking /home/k21066336/tiago_public_ws/devel/share/common-lisp/ros/interaction_module/srv/interaction_module-srv.asd
Symlinking /home/k21066336/tiago_public_ws/devel/share/common-lisp/ros/interaction_module/srv/_package.lisp
Symlinking /home/k21066336/tiago_public_ws/devel/share/common-lisp/ros/interaction_module/srv/AudioAndTextInteraction.lisp
Symlinking /home/k21066336/tiago_public_ws/devel/share/common-lisp/ros/interaction_module/srv/_package_AudioAndTextInteraction.lisp
Symlinking /home/k21066336/tiago_public_ws/devel/share/gennodejs/ros/interaction_module/_index.js
Symlinking /home/k21066336/tiago_public_ws/devel/share/gennodejs/ros/interaction_module/srv/_index.js
Symlinking /home/k21066336/tiago_public_ws/devel/share/gennodejs/ros/interaction_module/srv/AudioAndTextInteraction.js
Symlinking /home/k21066336/tiago_public_ws/devel/share/interaction_module/cmake/interaction_module-msg-extras.cmake
Symlinking /home/k21066336/tiago_public_ws/devel/share/interaction_module/cmake/interaction_moduleConfig.cmake
Symlinking /home/k21066336/tiago_public_ws/devel/share/interaction_module/cmake/interaction_moduleConfig-version.cmake
Symlinking /home/k21066336/tiago_public_ws/devel/share/interaction_module/cmake/interaction_module-msg-paths.cmake
