[35m[1mScanning dependencies of target _interaction_module_generate_messages_check_deps_AudioAndTextInteraction[0m
[  0%] Built target _interaction_module_generate_messages_check_deps_AudioAndTextInteraction
[35m[1mScanning dependencies of target std_msgs_generate_messages_cpp[0m
[  0%] Built target std_msgs_generate_messages_cpp
[35m[1mScanning dependencies of target std_msgs_generate_messages_py[0m
[  0%] Built target std_msgs_generate_messages_py
[35m[1mScanning dependencies of target std_msgs_generate_messages_nodejs[0m
[  0%] Built target std_msgs_generate_messages_nodejs
[35m[1mScanning dependencies of target std_msgs_generate_messages_lisp[0m
[  0%] Built target std_msgs_generate_messages_lisp
[35m[1mScanning dependencies of target std_msgs_generate_messages_eus[0m
[  0%] Built target std_msgs_generate_messages_eus
[35m[1mScanning dependencies of target interaction_module_generate_messages_cpp[0m
[ 14%] [34m[1mGenerating C++ code from interaction_module/AudioAndTextInteraction.srv[0m
[35m[1mScanning dependencies of target interaction_module_generate_messages_py[0m
[ 28%] [34m[1mGenerating Python code from SRV interaction_module/AudioAndTextInteraction[0m
[ 28%] Built target interaction_module_generate_messages_cpp
[35m[1mScanning dependencies of target interaction_module_generate_messages_nodejs[0m
[ 42%] [34m[1mGenerating Javascript code from interaction_module/AudioAndTextInteraction.srv[0m
[ 57%] [34m[1mGenerating Python srv __init__.py for interaction_module[0m
[ 57%] Built target interaction_module_generate_messages_nodejs
[35m[1mScanning dependencies of target interaction_module_generate_messages_lisp[0m
[ 71%] [34m[1mGenerating Lisp code from interaction_module/AudioAndTextInteraction.srv[0m
[ 71%] Built target interaction_module_generate_messages_py
[ 71%] Built target interaction_module_generate_messages_lisp
[35m[1mScanning dependencies of target interaction_module_generate_messages_eus[0m
[ 85%] [34m[1mGenerating EusLisp code from interaction_module/AudioAndTextInteraction.srv[0m
[100%] [34m[1mGenerating EusLisp manifest code for interaction_module[0m
[100%] Built target interaction_module_generate_messages_eus
[35m[1mScanning dependencies of target interaction_module_generate_messages[0m
[100%] Built target interaction_module_generate_messages
