make: Warning: File 'Makefile' has modification time 0.58 s in the future
make[1]: Warning: File 'CMakeFiles/Makefile2' has modification time 0.88 s in the future
make[2]: Warning: File 'CMakeFiles/_interaction_module_generate_messages_check_deps_AudioAndTextInteraction.dir/progress.make' has modification time 0.74 s in the future
[35m[1mScanning dependencies of target _interaction_module_generate_messages_check_deps_AudioAndTextInteraction[0m
make[2]: warning:  Clock skew detected.  Your build may be incomplete.
make[2]: Warning: File 'CMakeFiles/_interaction_module_generate_messages_check_deps_AudioAndTextInteraction.dir/progress.make' has modification time 0.71 s in the future
make[2]: warning:  Clock skew detected.  Your build may be incomplete.
[  0%] Built target _interaction_module_generate_messages_check_deps_AudioAndTextInteraction
make[2]: Warning: File 'CMakeFiles/std_msgs_generate_messages_cpp.dir/progress.make' has modification time 0.73 s in the future
[35m[1mScanning dependencies of target std_msgs_generate_messages_cpp[0m
make[2]: warning:  Clock skew detected.  Your build may be incomplete.
make[2]: Warning: File 'CMakeFiles/std_msgs_generate_messages_cpp.dir/progress.make' has modification time 0.71 s in the future
make[2]: warning:  Clock skew detected.  Your build may be incomplete.
[  0%] Built target std_msgs_generate_messages_cpp
make[2]: Warning: File 'CMakeFiles/std_msgs_generate_messages_py.dir/progress.make' has modification time 0.7 s in the future
[35m[1mScanning dependencies of target std_msgs_generate_messages_py[0m
make[2]: warning:  Clock skew detected.  Your build may be incomplete.
make[2]: Warning: File 'CMakeFiles/std_msgs_generate_messages_py.dir/progress.make' has modification time 0.67 s in the future
make[2]: warning:  Clock skew detected.  Your build may be incomplete.
[  0%] Built target std_msgs_generate_messages_py
make[2]: Warning: File 'CMakeFiles/std_msgs_generate_messages_nodejs.dir/progress.make' has modification time 0.65 s in the future
[35m[1mScanning dependencies of target std_msgs_generate_messages_nodejs[0m
make[2]: warning:  Clock skew detected.  Your build may be incomplete.
make[2]: Warning: File 'CMakeFiles/std_msgs_generate_messages_nodejs.dir/progress.make' has modification time 0.62 s in the future
make[2]: warning:  Clock skew detected.  Your build may be incomplete.
[  0%] Built target std_msgs_generate_messages_nodejs
make[2]: Warning: File 'CMakeFiles/std_msgs_generate_messages_lisp.dir/progress.make' has modification time 0.59 s in the future
[35m[1mScanning dependencies of target std_msgs_generate_messages_lisp[0m
make[2]: warning:  Clock skew detected.  Your build may be incomplete.
make[2]: Warning: File 'CMakeFiles/std_msgs_generate_messages_lisp.dir/progress.make' has modification time 0.57 s in the future
make[2]: warning:  Clock skew detected.  Your build may be incomplete.
make[2]: Warning: File 'CMakeFiles/std_msgs_generate_messages_eus.dir/progress.make' has modification time 0.56 s in the future
[  0%] Built target std_msgs_generate_messages_lisp
[35m[1mScanning dependencies of target std_msgs_generate_messages_eus[0m
make[2]: warning:  Clock skew detected.  Your build may be incomplete.
make[2]: Warning: File 'CMakeFiles/std_msgs_generate_messages_eus.dir/progress.make' has modification time 0.54 s in the future
make[2]: warning:  Clock skew detected.  Your build may be incomplete.
[  0%] Built target std_msgs_generate_messages_eus
make[2]: Warning: File 'CMakeFiles/interaction_module_generate_messages_cpp.dir/progress.make' has modification time 0.46 s in the future
[35m[1mScanning dependencies of target interaction_module_generate_messages_cpp[0m
make[2]: Warning: File 'CMakeFiles/interaction_module_generate_messages_py.dir/progress.make' has modification time 0.46 s in the future
make[2]: warning:  Clock skew detected.  Your build may be incomplete.
make[2]: Warning: File 'CMakeFiles/interaction_module_generate_messages_cpp.dir/progress.make' has modification time 0.44 s in the future
make[2]: warning:  Clock skew detected.  Your build may be incomplete.
[35m[1mScanning dependencies of target interaction_module_generate_messages_py[0m
[ 14%] Built target interaction_module_generate_messages_cpp
make[2]: warning:  Clock skew detected.  Your build may be incomplete.
make[2]: Warning: File 'CMakeFiles/interaction_module_generate_messages_py.dir/progress.make' has modification time 0.41 s in the future
make[2]: Warning: File 'CMakeFiles/interaction_module_generate_messages_nodejs.dir/progress.make' has modification time 0.4 s in the future
make[2]: warning:  Clock skew detected.  Your build may be incomplete.
[ 42%] Built target interaction_module_generate_messages_py
make[2]: Warning: File 'CMakeFiles/interaction_module_generate_messages_lisp.dir/progress.make' has modification time 0.35 s in the future
[35m[1mScanning dependencies of target interaction_module_generate_messages_nodejs[0m
make[2]: warning:  Clock skew detected.  Your build may be incomplete.
make[2]: Warning: File 'CMakeFiles/interaction_module_generate_messages_nodejs.dir/progress.make' has modification time 0.33 s in the future
make[2]: warning:  Clock skew detected.  Your build may be incomplete.
[35m[1mScanning dependencies of target interaction_module_generate_messages_lisp[0m
[ 57%] Built target interaction_module_generate_messages_nodejs
make[2]: warning:  Clock skew detected.  Your build may be incomplete.
make[2]: Warning: File 'CMakeFiles/interaction_module_generate_messages_eus.dir/progress.make' has modification time 0.3 s in the future
make[2]: Warning: File 'CMakeFiles/interaction_module_generate_messages_lisp.dir/progress.make' has modification time 0.31 s in the future
make[2]: warning:  Clock skew detected.  Your build may be incomplete.
[ 71%] Built target interaction_module_generate_messages_lisp
[35m[1mScanning dependencies of target interaction_module_generate_messages_eus[0m
make[2]: warning:  Clock skew detected.  Your build may be incomplete.
make[2]: Warning: File 'CMakeFiles/interaction_module_generate_messages_eus.dir/progress.make' has modification time 0.26 s in the future
make[2]: warning:  Clock skew detected.  Your build may be incomplete.
[100%] Built target interaction_module_generate_messages_eus
make[2]: Warning: File 'CMakeFiles/interaction_module_generate_messages.dir/progress.make' has modification time 0.23 s in the future
[35m[1mScanning dependencies of target interaction_module_generate_messages[0m
make[2]: warning:  Clock skew detected.  Your build may be incomplete.
make[2]: Warning: File 'CMakeFiles/interaction_module_generate_messages.dir/progress.make' has modification time 0.2 s in the future
make[2]: warning:  Clock skew detected.  Your build may be incomplete.
[100%] Built target interaction_module_generate_messages
make[1]: warning:  Clock skew detected.  Your build may be incomplete.
make: warning:  Clock skew detected.  Your build may be incomplete.
