[  0%] Built target std_msgs_generate_messages_nodejs
[  0%] Built target _tf_module_generate_messages_check_deps_ApplyTransform
[  0%] Built target _tf_module_generate_messages_check_deps_LatestTransform
[  0%] Built target _tf_module_generate_messages_check_deps_BaseTransform
[  0%] Built target _tf_module_generate_messages_check_deps_TfTransform
[  0%] Built target geometry_msgs_generate_messages_nodejs
[  0%] Built target sensor_msgs_generate_messages_nodejs
[  0%] Built target sensor_msgs_generate_messages_lisp
[  0%] Built target std_msgs_generate_messages_lisp
[  0%] Built target geometry_msgs_generate_messages_lisp
[  0%] Built target sensor_msgs_generate_messages_eus
[  0%] Built target geometry_msgs_generate_messages_eus
[  0%] Built target std_msgs_generate_messages_eus
[  0%] Built target sensor_msgs_generate_messages_cpp
[  0%] Built target std_msgs_generate_messages_cpp
[  0%] Built target geometry_msgs_generate_messages_cpp
[  0%] Built target sensor_msgs_generate_messages_py
[  0%] Built target geometry_msgs_generate_messages_py
[  0%] Built target std_msgs_generate_messages_py
[ 18%] Built target tf_module_generate_messages_lisp
[ 54%] Built target tf_module_generate_messages_cpp
[ 90%] Built target tf_module_generate_messages_py
[ 90%] Built target tf_module_generate_messages_eus
[100%] Built target tf_module_generate_messages_nodejs
[100%] Built target tf_module_generate_messages
