[35m[1mScanning dependencies of target std_msgs_generate_messages_nodejs[0m
[35m[1mScanning dependencies of target _tf_module_generate_messages_check_deps_ApplyTransform[0m
[35m[1mScanning dependencies of target std_msgs_generate_messages_lisp[0m
[35m[1mScanning dependencies of target _tf_module_generate_messages_check_deps_TfTransform[0m
[35m[1mScanning dependencies of target _tf_module_generate_messages_check_deps_BaseTransform[0m
[35m[1mScanning dependencies of target _tf_module_generate_messages_check_deps_LatestTransform[0m
[35m[1mScanning dependencies of target geometry_msgs_generate_messages_eus[0m
[35m[1mScanning dependencies of target sensor_msgs_generate_messages_nodejs[0m
[35m[1mScanning dependencies of target sensor_msgs_generate_messages_eus[0m
[35m[1mScanning dependencies of target sensor_msgs_generate_messages_lisp[0m
[35m[1mScanning dependencies of target std_msgs_generate_messages_cpp[0m
[35m[1mScanning dependencies of target geometry_msgs_generate_messages_cpp[0m
[35m[1mScanning dependencies of target std_msgs_generate_messages_eus[0m
[35m[1mScanning dependencies of target geometry_msgs_generate_messages_py[0m
[35m[1mScanning dependencies of target geometry_msgs_generate_messages_lisp[0m
[35m[1mScanning dependencies of target sensor_msgs_generate_messages_cpp[0m
[35m[1mScanning dependencies of target geometry_msgs_generate_messages_nodejs[0m
[35m[1mScanning dependencies of target sensor_msgs_generate_messages_py[0m
[35m[1mScanning dependencies of target std_msgs_generate_messages_py[0m
[  0%] Built target std_msgs_generate_messages_lisp
[  0%] Built target std_msgs_generate_messages_nodejs
[  0%] Built target geometry_msgs_generate_messages_eus
[  0%] Built target sensor_msgs_generate_messages_eus
[  0%] Built target sensor_msgs_generate_messages_lisp
[  0%] Built target geometry_msgs_generate_messages_py
[  0%] Built target geometry_msgs_generate_messages_cpp
[  0%] Built target geometry_msgs_generate_messages_nodejs
[  0%] Built target sensor_msgs_generate_messages_py
[  0%] Built target sensor_msgs_generate_messages_nodejs
[  0%] Built target std_msgs_generate_messages_cpp
[  0%] Built target sensor_msgs_generate_messages_cpp
[  0%] Built target geometry_msgs_generate_messages_lisp
[  0%] Built target std_msgs_generate_messages_py
[  0%] Built target std_msgs_generate_messages_eus
[  0%] Built target _tf_module_generate_messages_check_deps_LatestTransform
[  0%] Built target _tf_module_generate_messages_check_deps_BaseTransform
[  0%] Built target _tf_module_generate_messages_check_deps_ApplyTransform
[  0%] Built target _tf_module_generate_messages_check_deps_TfTransform
[35m[1mScanning dependencies of target tf_module_generate_messages_nodejs[0m
[  4%] [34m[1mGenerating Javascript code from tf_module/TfTransform.srv[0m
[  9%] [34m[1mGenerating Javascript code from tf_module/ApplyTransform.srv[0m
[ 13%] [34m[1mGenerating Javascript code from tf_module/BaseTransform.srv[0m
[ 18%] [34m[1mGenerating Javascript code from tf_module/LatestTransform.srv[0m
[35m[1mScanning dependencies of target tf_module_generate_messages_lisp[0m
[35m[1mScanning dependencies of target tf_module_generate_messages_eus[0m
[ 22%] [34m[1mGenerating Lisp code from tf_module/TfTransform.srv[0m
[ 31%] [34m[1mGenerating EusLisp code from tf_module/LatestTransform.srv[0m
[ 31%] [34m[1mGenerating EusLisp code from tf_module/TfTransform.srv[0m
[ 40%] [34m[1mGenerating EusLisp code from tf_module/BaseTransform.srv[0m
[ 40%] [34m[1mGenerating EusLisp code from tf_module/ApplyTransform.srv[0m
[ 45%] [34m[1mGenerating Lisp code from tf_module/BaseTransform.srv[0m
[35m[1mScanning dependencies of target tf_module_generate_messages_cpp[0m
[ 54%] [34m[1mGenerating EusLisp manifest code for tf_module[0m
[ 54%] [34m[1mGenerating Lisp code from tf_module/LatestTransform.srv[0m
[ 54%] Built target tf_module_generate_messages_nodejs
[35m[1mScanning dependencies of target tf_module_generate_messages_py[0m
[ 59%] [34m[1mGenerating Lisp code from tf_module/ApplyTransform.srv[0m
[ 63%] [34m[1mGenerating C++ code from tf_module/TfTransform.srv[0m
[ 68%] [34m[1mGenerating C++ code from tf_module/LatestTransform.srv[0m
[ 72%] [34m[1mGenerating C++ code from tf_module/BaseTransform.srv[0m
[ 77%] [34m[1mGenerating C++ code from tf_module/ApplyTransform.srv[0m
[ 90%] [34m[1mGenerating Python code from SRV tf_module/LatestTransform[0m
[ 90%] [34m[1mGenerating Python code from SRV tf_module/TfTransform[0m
[ 90%] [34m[1mGenerating Python code from SRV tf_module/ApplyTransform[0m
[ 95%] [34m[1mGenerating Python code from SRV tf_module/BaseTransform[0m
[ 95%] Built target tf_module_generate_messages_lisp
[100%] [34m[1mGenerating Python srv __init__.py for tf_module[0m
[100%] Built target tf_module_generate_messages_cpp
[100%] Built target tf_module_generate_messages_py
[100%] Built target tf_module_generate_messages_eus
[35m[1mScanning dependencies of target tf_module_generate_messages[0m
[100%] Built target tf_module_generate_messages
