Symlinking /home/k21066336/tiago_public_ws/devel/share/roseus/ros/tf_module/manifest.l
Symlinking /home/k21066336/tiago_public_ws/devel/share/roseus/ros/tf_module/srv/LatestTransform.l
Symlinking /home/k21066336/tiago_public_ws/devel/share/roseus/ros/tf_module/srv/BaseTransform.l
Symlinking /home/k21066336/tiago_public_ws/devel/share/roseus/ros/tf_module/srv/TfTransform.l
Symlinking /home/k21066336/tiago_public_ws/devel/share/roseus/ros/tf_module/srv/ApplyTransform.l
Symlinking /home/k21066336/tiago_public_ws/devel/share/gennodejs/ros/tf_module/_index.js
Symlinking /home/k21066336/tiago_public_ws/devel/share/gennodejs/ros/tf_module/srv/BaseTransform.js
Symlinking /home/k21066336/tiago_public_ws/devel/share/gennodejs/ros/tf_module/srv/TfTransform.js
Symlinking /home/k21066336/tiago_public_ws/devel/share/gennodejs/ros/tf_module/srv/ApplyTransform.js
Symlinking /home/k21066336/tiago_public_ws/devel/share/gennodejs/ros/tf_module/srv/LatestTransform.js
Symlinking /home/k21066336/tiago_public_ws/devel/share/gennodejs/ros/tf_module/srv/_index.js
Symlinking /home/k21066336/tiago_public_ws/devel/share/tf_module/cmake/tf_module-msg-extras.cmake
Symlinking /home/k21066336/tiago_public_ws/devel/share/tf_module/cmake/tf_module-msg-paths.cmake
Symlinking /home/k21066336/tiago_public_ws/devel/share/tf_module/cmake/tf_moduleConfig-version.cmake
Symlinking /home/k21066336/tiago_public_ws/devel/share/tf_module/cmake/tf_moduleConfig.cmake
Symlinking /home/k21066336/tiago_public_ws/devel/share/common-lisp/ros/tf_module/srv/_package_LatestTransform.lisp
Symlinking /home/k21066336/tiago_public_ws/devel/share/common-lisp/ros/tf_module/srv/LatestTransform.lisp
Symlinking /home/k21066336/tiago_public_ws/devel/share/common-lisp/ros/tf_module/srv/_package_BaseTransform.lisp
Symlinking /home/k21066336/tiago_public_ws/devel/share/common-lisp/ros/tf_module/srv/_package_TfTransform.lisp
Symlinking /home/k21066336/tiago_public_ws/devel/share/common-lisp/ros/tf_module/srv/BaseTransform.lisp
Symlinking /home/k21066336/tiago_public_ws/devel/share/common-lisp/ros/tf_module/srv/tf_module-srv.asd
Symlinking /home/k21066336/tiago_public_ws/devel/share/common-lisp/ros/tf_module/srv/ApplyTransform.lisp
Symlinking /home/k21066336/tiago_public_ws/devel/share/common-lisp/ros/tf_module/srv/_package.lisp
Symlinking /home/k21066336/tiago_public_ws/devel/share/common-lisp/ros/tf_module/srv/TfTransform.lisp
Symlinking /home/k21066336/tiago_public_ws/devel/share/common-lisp/ros/tf_module/srv/_package_ApplyTransform.lisp
Symlinking /home/k21066336/tiago_public_ws/devel/include/tf_module/LatestTransform.h
Symlinking /home/k21066336/tiago_public_ws/devel/include/tf_module/LatestTransformRequest.h
Symlinking /home/k21066336/tiago_public_ws/devel/include/tf_module/TfTransformRequest.h
Symlinking /home/k21066336/tiago_public_ws/devel/include/tf_module/ApplyTransformResponse.h
Symlinking /home/k21066336/tiago_public_ws/devel/include/tf_module/LatestTransformResponse.h
Symlinking /home/k21066336/tiago_public_ws/devel/include/tf_module/BaseTransformRequest.h
Symlinking /home/k21066336/tiago_public_ws/devel/include/tf_module/ApplyTransformRequest.h
Symlinking /home/k21066336/tiago_public_ws/devel/include/tf_module/TfTransform.h
Symlinking /home/k21066336/tiago_public_ws/devel/include/tf_module/BaseTransformResponse.h
Symlinking /home/k21066336/tiago_public_ws/devel/include/tf_module/BaseTransform.h
Symlinking /home/k21066336/tiago_public_ws/devel/include/tf_module/TfTransformResponse.h
Symlinking /home/k21066336/tiago_public_ws/devel/include/tf_module/ApplyTransform.h
Symlinking /home/k21066336/tiago_public_ws/devel/lib/python3/dist-packages/tf_module/__init__.py
Symlinking /home/k21066336/tiago_public_ws/devel/lib/python3/dist-packages/tf_module/srv/_BaseTransform.py
Symlinking /home/k21066336/tiago_public_ws/devel/lib/python3/dist-packages/tf_module/srv/_ApplyTransform.py
Symlinking /home/k21066336/tiago_public_ws/devel/lib/python3/dist-packages/tf_module/srv/__init__.py
Symlinking /home/k21066336/tiago_public_ws/devel/lib/python3/dist-packages/tf_module/srv/_TfTransform.py
Symlinking /home/k21066336/tiago_public_ws/devel/lib/python3/dist-packages/tf_module/srv/_LatestTransform.py
Symlinking /home/k21066336/tiago_public_ws/devel/lib/pkgconfig/tf_module.pc
