Symlinking /home/k21066336/tiago_public_ws/devel/lib/pkgconfig/tf_module.pc
Symlinking /home/k21066336/tiago_public_ws/devel/lib/python3/dist-packages/tf_module/__init__.py
Symlinking /home/k21066336/tiago_public_ws/devel/lib/python3/dist-packages/tf_module/srv/__init__.py
Symlinking /home/k21066336/tiago_public_ws/devel/lib/python3/dist-packages/tf_module/srv/_TfTransform.py
Symlinking /home/k21066336/tiago_public_ws/devel/lib/python3/dist-packages/tf_module/srv/_BaseTransform.py
Symlinking /home/k21066336/tiago_public_ws/devel/lib/python3/dist-packages/tf_module/srv/_LatestTransform.py
Symlinking /home/k21066336/tiago_public_ws/devel/lib/python3/dist-packages/tf_module/srv/_ApplyTransform.py
Symlinking /home/k21066336/tiago_public_ws/devel/include/tf_module/ApplyTransform.h
Symlinking /home/k21066336/tiago_public_ws/devel/include/tf_module/BaseTransformRequest.h
Symlinking /home/k21066336/tiago_public_ws/devel/include/tf_module/LatestTransform.h
Symlinking /home/k21066336/tiago_public_ws/devel/include/tf_module/BaseTransform.h
Symlinking /home/k21066336/tiago_public_ws/devel/include/tf_module/BaseTransformResponse.h
Symlinking /home/k21066336/tiago_public_ws/devel/include/tf_module/TfTransformRequest.h
Symlinking /home/k21066336/tiago_public_ws/devel/include/tf_module/ApplyTransformResponse.h
Symlinking /home/k21066336/tiago_public_ws/devel/include/tf_module/LatestTransformRequest.h
Symlinking /home/k21066336/tiago_public_ws/devel/include/tf_module/LatestTransformResponse.h
Symlinking /home/k21066336/tiago_public_ws/devel/include/tf_module/TfTransformResponse.h
Symlinking /home/k21066336/tiago_public_ws/devel/include/tf_module/ApplyTransformRequest.h
Symlinking /home/k21066336/tiago_public_ws/devel/include/tf_module/TfTransform.h
Linked: (/home/k21066336/tiago_public_ws/devel/.private/tf_module/share/roseus/ros/tf_module/manifest.l, /home/k21066336/tiago_public_ws/devel/share/roseus/ros/tf_module/manifest.l)
Linked: (/home/k21066336/tiago_public_ws/devel/.private/tf_module/share/roseus/ros/tf_module/srv/ApplyTransform.l, /home/k21066336/tiago_public_ws/devel/share/roseus/ros/tf_module/srv/ApplyTransform.l)
Linked: (/home/k21066336/tiago_public_ws/devel/.private/tf_module/share/roseus/ros/tf_module/srv/BaseTransform.l, /home/k21066336/tiago_public_ws/devel/share/roseus/ros/tf_module/srv/BaseTransform.l)
Linked: (/home/k21066336/tiago_public_ws/devel/.private/tf_module/share/roseus/ros/tf_module/srv/LatestTransform.l, /home/k21066336/tiago_public_ws/devel/share/roseus/ros/tf_module/srv/LatestTransform.l)
Linked: (/home/k21066336/tiago_public_ws/devel/.private/tf_module/share/roseus/ros/tf_module/srv/TfTransform.l, /home/k21066336/tiago_public_ws/devel/share/roseus/ros/tf_module/srv/TfTransform.l)
Linked: (/home/k21066336/tiago_public_ws/devel/.private/tf_module/share/gennodejs/ros/tf_module/_index.js, /home/k21066336/tiago_public_ws/devel/share/gennodejs/ros/tf_module/_index.js)
Linked: (/home/k21066336/tiago_public_ws/devel/.private/tf_module/share/gennodejs/ros/tf_module/srv/BaseTransform.js, /home/k21066336/tiago_public_ws/devel/share/gennodejs/ros/tf_module/srv/BaseTransform.js)
Linked: (/home/k21066336/tiago_public_ws/devel/.private/tf_module/share/gennodejs/ros/tf_module/srv/LatestTransform.js, /home/k21066336/tiago_public_ws/devel/share/gennodejs/ros/tf_module/srv/LatestTransform.js)
Linked: (/home/k21066336/tiago_public_ws/devel/.private/tf_module/share/gennodejs/ros/tf_module/srv/_index.js, /home/k21066336/tiago_public_ws/devel/share/gennodejs/ros/tf_module/srv/_index.js)
Linked: (/home/k21066336/tiago_public_ws/devel/.private/tf_module/share/gennodejs/ros/tf_module/srv/TfTransform.js, /home/k21066336/tiago_public_ws/devel/share/gennodejs/ros/tf_module/srv/TfTransform.js)
Linked: (/home/k21066336/tiago_public_ws/devel/.private/tf_module/share/gennodejs/ros/tf_module/srv/ApplyTransform.js, /home/k21066336/tiago_public_ws/devel/share/gennodejs/ros/tf_module/srv/ApplyTransform.js)
Linked: (/home/k21066336/tiago_public_ws/devel/.private/tf_module/share/tf_module/cmake/tf_module-msg-paths.cmake, /home/k21066336/tiago_public_ws/devel/share/tf_module/cmake/tf_module-msg-paths.cmake)
Linked: (/home/k21066336/tiago_public_ws/devel/.private/tf_module/share/tf_module/cmake/tf_moduleConfig.cmake, /home/k21066336/tiago_public_ws/devel/share/tf_module/cmake/tf_moduleConfig.cmake)
Linked: (/home/k21066336/tiago_public_ws/devel/.private/tf_module/share/tf_module/cmake/tf_moduleConfig-version.cmake, /home/k21066336/tiago_public_ws/devel/share/tf_module/cmake/tf_moduleConfig-version.cmake)
Linked: (/home/k21066336/tiago_public_ws/devel/.private/tf_module/share/tf_module/cmake/tf_module-msg-extras.cmake, /home/k21066336/tiago_public_ws/devel/share/tf_module/cmake/tf_module-msg-extras.cmake)
Linked: (/home/k21066336/tiago_public_ws/devel/.private/tf_module/share/common-lisp/ros/tf_module/srv/_package_LatestTransform.lisp, /home/k21066336/tiago_public_ws/devel/share/common-lisp/ros/tf_module/srv/_package_LatestTransform.lisp)
Linked: (/home/k21066336/tiago_public_ws/devel/.private/tf_module/share/common-lisp/ros/tf_module/srv/LatestTransform.lisp, /home/k21066336/tiago_public_ws/devel/share/common-lisp/ros/tf_module/srv/LatestTransform.lisp)
Linked: (/home/k21066336/tiago_public_ws/devel/.private/tf_module/share/common-lisp/ros/tf_module/srv/_package.lisp, /home/k21066336/tiago_public_ws/devel/share/common-lisp/ros/tf_module/srv/_package.lisp)
Linked: (/home/k21066336/tiago_public_ws/devel/.private/tf_module/share/common-lisp/ros/tf_module/srv/_package_TfTransform.lisp, /home/k21066336/tiago_public_ws/devel/share/common-lisp/ros/tf_module/srv/_package_TfTransform.lisp)
Linked: (/home/k21066336/tiago_public_ws/devel/.private/tf_module/share/common-lisp/ros/tf_module/srv/TfTransform.lisp, /home/k21066336/tiago_public_ws/devel/share/common-lisp/ros/tf_module/srv/TfTransform.lisp)
Linked: (/home/k21066336/tiago_public_ws/devel/.private/tf_module/share/common-lisp/ros/tf_module/srv/ApplyTransform.lisp, /home/k21066336/tiago_public_ws/devel/share/common-lisp/ros/tf_module/srv/ApplyTransform.lisp)
Linked: (/home/k21066336/tiago_public_ws/devel/.private/tf_module/share/common-lisp/ros/tf_module/srv/BaseTransform.lisp, /home/k21066336/tiago_public_ws/devel/share/common-lisp/ros/tf_module/srv/BaseTransform.lisp)
Linked: (/home/k21066336/tiago_public_ws/devel/.private/tf_module/share/common-lisp/ros/tf_module/srv/_package_BaseTransform.lisp, /home/k21066336/tiago_public_ws/devel/share/common-lisp/ros/tf_module/srv/_package_BaseTransform.lisp)
Linked: (/home/k21066336/tiago_public_ws/devel/.private/tf_module/share/common-lisp/ros/tf_module/srv/tf_module-srv.asd, /home/k21066336/tiago_public_ws/devel/share/common-lisp/ros/tf_module/srv/tf_module-srv.asd)
Linked: (/home/k21066336/tiago_public_ws/devel/.private/tf_module/share/common-lisp/ros/tf_module/srv/_package_ApplyTransform.lisp, /home/k21066336/tiago_public_ws/devel/share/common-lisp/ros/tf_module/srv/_package_ApplyTransform.lisp)
