Linked: (/home/k21066336/tiago_public_ws/devel/.private/object_interest_tracking/include/object_interest_tracking/Tdr.h, /home/k21066336/tiago_public_ws/devel/include/object_interest_tracking/Tdr.h)
Linked: (/home/k21066336/tiago_public_ws/devel/.private/object_interest_tracking/include/object_interest_tracking/TdrRequest.h, /home/k21066336/tiago_public_ws/devel/include/object_interest_tracking/TdrRequest.h)
Linked: (/home/k21066336/tiago_public_ws/devel/.private/object_interest_tracking/include/object_interest_tracking/TdrResponse.h, /home/k21066336/tiago_public_ws/devel/include/object_interest_tracking/TdrResponse.h)
Linked: (/home/k21066336/tiago_public_ws/devel/.private/object_interest_tracking/share/roseus/ros/object_interest_tracking/manifest.l, /home/k21066336/tiago_public_ws/devel/share/roseus/ros/object_interest_tracking/manifest.l)
Linked: (/home/k21066336/tiago_public_ws/devel/.private/object_interest_tracking/share/roseus/ros/object_interest_tracking/srv/Tdr.l, /home/k21066336/tiago_public_ws/devel/share/roseus/ros/object_interest_tracking/srv/Tdr.l)
Linked: (/home/k21066336/tiago_public_ws/devel/.private/object_interest_tracking/share/common-lisp/ros/object_interest_tracking/srv/_package.lisp, /home/k21066336/tiago_public_ws/devel/share/common-lisp/ros/object_interest_tracking/srv/_package.lisp)
Linked: (/home/k21066336/tiago_public_ws/devel/.private/object_interest_tracking/share/common-lisp/ros/object_interest_tracking/srv/_package_Tdr.lisp, /home/k21066336/tiago_public_ws/devel/share/common-lisp/ros/object_interest_tracking/srv/_package_Tdr.lisp)
Linked: (/home/k21066336/tiago_public_ws/devel/.private/object_interest_tracking/share/common-lisp/ros/object_interest_tracking/srv/Tdr.lisp, /home/k21066336/tiago_public_ws/devel/share/common-lisp/ros/object_interest_tracking/srv/Tdr.lisp)
Linked: (/home/k21066336/tiago_public_ws/devel/.private/object_interest_tracking/share/common-lisp/ros/object_interest_tracking/srv/object_interest_tracking-srv.asd, /home/k21066336/tiago_public_ws/devel/share/common-lisp/ros/object_interest_tracking/srv/object_interest_tracking-srv.asd)
Linked: (/home/k21066336/tiago_public_ws/devel/.private/object_interest_tracking/share/object_interest_tracking/cmake/object_interest_tracking-msg-paths.cmake, /home/k21066336/tiago_public_ws/devel/share/object_interest_tracking/cmake/object_interest_tracking-msg-paths.cmake)
Linked: (/home/k21066336/tiago_public_ws/devel/.private/object_interest_tracking/share/object_interest_tracking/cmake/object_interest_trackingConfig.cmake, /home/k21066336/tiago_public_ws/devel/share/object_interest_tracking/cmake/object_interest_trackingConfig.cmake)
Linked: (/home/k21066336/tiago_public_ws/devel/.private/object_interest_tracking/share/object_interest_tracking/cmake/object_interest_tracking-msg-extras.cmake, /home/k21066336/tiago_public_ws/devel/share/object_interest_tracking/cmake/object_interest_tracking-msg-extras.cmake)
Linked: (/home/k21066336/tiago_public_ws/devel/.private/object_interest_tracking/share/object_interest_tracking/cmake/object_interest_trackingConfig-version.cmake, /home/k21066336/tiago_public_ws/devel/share/object_interest_tracking/cmake/object_interest_trackingConfig-version.cmake)
Linked: (/home/k21066336/tiago_public_ws/devel/.private/object_interest_tracking/share/gennodejs/ros/object_interest_tracking/_index.js, /home/k21066336/tiago_public_ws/devel/share/gennodejs/ros/object_interest_tracking/_index.js)
Linked: (/home/k21066336/tiago_public_ws/devel/.private/object_interest_tracking/share/gennodejs/ros/object_interest_tracking/srv/Tdr.js, /home/k21066336/tiago_public_ws/devel/share/gennodejs/ros/object_interest_tracking/srv/Tdr.js)
Linked: (/home/k21066336/tiago_public_ws/devel/.private/object_interest_tracking/share/gennodejs/ros/object_interest_tracking/srv/_index.js, /home/k21066336/tiago_public_ws/devel/share/gennodejs/ros/object_interest_tracking/srv/_index.js)
Linked: (/home/k21066336/tiago_public_ws/devel/.private/object_interest_tracking/lib/pkgconfig/object_interest_tracking.pc, /home/k21066336/tiago_public_ws/devel/lib/pkgconfig/object_interest_tracking.pc)
Linked: (/home/k21066336/tiago_public_ws/devel/.private/object_interest_tracking/lib/python3/dist-packages/object_interest_tracking/__init__.py, /home/k21066336/tiago_public_ws/devel/lib/python3/dist-packages/object_interest_tracking/__init__.py)
Linked: (/home/k21066336/tiago_public_ws/devel/.private/object_interest_tracking/lib/python3/dist-packages/object_interest_tracking/srv/__init__.py, /home/k21066336/tiago_public_ws/devel/lib/python3/dist-packages/object_interest_tracking/srv/__init__.py)
Linked: (/home/k21066336/tiago_public_ws/devel/.private/object_interest_tracking/lib/python3/dist-packages/object_interest_tracking/srv/_Tdr.py, /home/k21066336/tiago_public_ws/devel/lib/python3/dist-packages/object_interest_tracking/srv/_Tdr.py)
