Symlinking /home/k21066336/tiago_public_ws/devel/lib/python3/dist-packages/object_interest_tracking/__init__.py
Symlinking /home/k21066336/tiago_public_ws/devel/lib/python3/dist-packages/object_interest_tracking/srv/__init__.py
Symlinking /home/k21066336/tiago_public_ws/devel/lib/python3/dist-packages/object_interest_tracking/srv/_Tdr.py
Symlinking /home/k21066336/tiago_public_ws/devel/lib/pkgconfig/object_interest_tracking.pc
Symlinking /home/k21066336/tiago_public_ws/devel/share/common-lisp/ros/object_interest_tracking/srv/Tdr.lisp
Symlinking /home/k21066336/tiago_public_ws/devel/share/common-lisp/ros/object_interest_tracking/srv/_package_Tdr.lisp
Symlinking /home/k21066336/tiago_public_ws/devel/share/common-lisp/ros/object_interest_tracking/srv/object_interest_tracking-srv.asd
Symlinking /home/k21066336/tiago_public_ws/devel/share/common-lisp/ros/object_interest_tracking/srv/_package.lisp
Symlinking /home/k21066336/tiago_public_ws/devel/share/object_interest_tracking/cmake/object_interest_trackingConfig.cmake
Symlinking /home/k21066336/tiago_public_ws/devel/share/object_interest_tracking/cmake/object_interest_trackingConfig-version.cmake
Symlinking /home/k21066336/tiago_public_ws/devel/share/object_interest_tracking/cmake/object_interest_tracking-msg-extras.cmake
Symlinking /home/k21066336/tiago_public_ws/devel/share/object_interest_tracking/cmake/object_interest_tracking-msg-paths.cmake
Symlinking /home/k21066336/tiago_public_ws/devel/share/roseus/ros/object_interest_tracking/manifest.l
Symlinking /home/k21066336/tiago_public_ws/devel/share/roseus/ros/object_interest_tracking/srv/Tdr.l
Symlinking /home/k21066336/tiago_public_ws/devel/share/gennodejs/ros/object_interest_tracking/_index.js
Symlinking /home/k21066336/tiago_public_ws/devel/share/gennodejs/ros/object_interest_tracking/srv/Tdr.js
Symlinking /home/k21066336/tiago_public_ws/devel/share/gennodejs/ros/object_interest_tracking/srv/_index.js
Symlinking /home/k21066336/tiago_public_ws/devel/include/object_interest_tracking/TdrRequest.h
Symlinking /home/k21066336/tiago_public_ws/devel/include/object_interest_tracking/Tdr.h
Symlinking /home/k21066336/tiago_public_ws/devel/include/object_interest_tracking/TdrResponse.h
