[  0%] Built target sensor_msgs_generate_messages_eus
[  0%] Built target std_msgs_generate_messages_eus
[  0%] Built target geometry_msgs_generate_messages_eus
[  0%] Built target _object_interest_tracking_generate_messages_check_deps_Tdr
[  0%] Built target std_msgs_generate_messages_py
[  0%] Built target sensor_msgs_generate_messages_py
[  0%] Built target geometry_msgs_generate_messages_py
[  0%] Built target sensor_msgs_generate_messages_lisp
[  0%] Built target std_msgs_generate_messages_lisp
[  0%] Built target geometry_msgs_generate_messages_lisp
[  0%] Built target sensor_msgs_generate_messages_cpp
[  0%] Built target std_msgs_generate_messages_cpp
[  0%] Built target geometry_msgs_generate_messages_cpp
[  0%] Built target std_msgs_generate_messages_nodejs
[  0%] Built target geometry_msgs_generate_messages_nodejs
[  0%] Built target sensor_msgs_generate_messages_nodejs
[ 28%] Built target object_interest_tracking_generate_messages_eus
[ 57%] Built target object_interest_tracking_generate_messages_py
[ 71%] Built target object_interest_tracking_generate_messages_lisp
[ 85%] Built target object_interest_tracking_generate_messages_cpp
[100%] Built target object_interest_tracking_generate_messages_nodejs
[100%] Built target object_interest_tracking_generate_messages
