[35m[1mScanning dependencies of target sensor_msgs_generate_messages_eus[0m
[35m[1mScanning dependencies of target std_msgs_generate_messages_eus[0m
[35m[1mScanning dependencies of target _object_interest_tracking_generate_messages_check_deps_Tdr[0m
[35m[1mScanning dependencies of target geometry_msgs_generate_messages_eus[0m
[35m[1mScanning dependencies of target sensor_msgs_generate_messages_py[0m
[35m[1mScanning dependencies of target geometry_msgs_generate_messages_py[0m
[  0%] Built target sensor_msgs_generate_messages_eus
[  0%] Built target std_msgs_generate_messages_eus
[35m[1mScanning dependencies of target std_msgs_generate_messages_py[0m
[  0%] Built target sensor_msgs_generate_messages_py
[  0%] Built target geometry_msgs_generate_messages_eus
[  0%] Built target geometry_msgs_generate_messages_py
[35m[1mScanning dependencies of target sensor_msgs_generate_messages_lisp[0m
[35m[1mScanning dependencies of target geometry_msgs_generate_messages_lisp[0m
[35m[1mScanning dependencies of target std_msgs_generate_messages_lisp[0m
[35m[1mScanning dependencies of target sensor_msgs_generate_messages_nodejs[0m
[35m[1mScanning dependencies of target std_msgs_generate_messages_cpp[0m
[  0%] Built target std_msgs_generate_messages_py
[35m[1mScanning dependencies of target std_msgs_generate_messages_nodejs[0m
[35m[1mScanning dependencies of target sensor_msgs_generate_messages_cpp[0m
[  0%] Built target sensor_msgs_generate_messages_lisp
[35m[1mScanning dependencies of target geometry_msgs_generate_messages_cpp[0m
[35m[1mScanning dependencies of target geometry_msgs_generate_messages_nodejs[0m
[  0%] Built target geometry_msgs_generate_messages_lisp
[  0%] Built target sensor_msgs_generate_messages_nodejs
[  0%] Built target std_msgs_generate_messages_lisp
[  0%] Built target std_msgs_generate_messages_cpp
[  0%] Built target sensor_msgs_generate_messages_cpp
[  0%] Built target std_msgs_generate_messages_nodejs
[  0%] Built target geometry_msgs_generate_messages_cpp
[  0%] Built target geometry_msgs_generate_messages_nodejs
[  0%] Built target _object_interest_tracking_generate_messages_check_deps_Tdr
[35m[1mScanning dependencies of target object_interest_tracking_generate_messages_lisp[0m
[35m[1mScanning dependencies of target object_interest_tracking_generate_messages_py[0m
[35m[1mScanning dependencies of target object_interest_tracking_generate_messages_eus[0m
[35m[1mScanning dependencies of target object_interest_tracking_generate_messages_cpp[0m
[35m[1mScanning dependencies of target object_interest_tracking_generate_messages_nodejs[0m
[ 14%] [34m[1mGenerating EusLisp code from object_interest_tracking/Tdr.srv[0m
[ 28%] [34m[1mGenerating Python code from SRV object_interest_tracking/Tdr[0m
[ 42%] [34m[1mGenerating Javascript code from object_interest_tracking/Tdr.srv[0m
[ 71%] [34m[1mGenerating EusLisp manifest code for object_interest_tracking[0m
[ 85%] [34m[1mGenerating Lisp code from object_interest_tracking/Tdr.srv[0m
[ 85%] [34m[1mGenerating C++ code from object_interest_tracking/Tdr.srv[0m
[ 85%] Built target object_interest_tracking_generate_messages_lisp
[ 85%] Built target object_interest_tracking_generate_messages_nodejs
[100%] [34m[1mGenerating Python srv __init__.py for object_interest_tracking[0m
[100%] Built target object_interest_tracking_generate_messages_cpp
[100%] Built target object_interest_tracking_generate_messages_py
[100%] Built target object_interest_tracking_generate_messages_eus
[35m[1mScanning dependencies of target object_interest_tracking_generate_messages[0m
[100%] Built target object_interest_tracking_generate_messages
