Symlinking /home/k21066336/tiago_public_ws/devel/share/roseus/ros/aruco_service/manifest.l
Symlinking /home/k21066336/tiago_public_ws/devel/share/roseus/ros/aruco_service/srv/GenerateTableCuboid.l
Symlinking /home/k21066336/tiago_public_ws/devel/share/roseus/ros/aruco_service/srv/PublishTablePoints.l
Symlinking /home/k21066336/tiago_public_ws/devel/share/roseus/ros/aruco_service/srv/SaveNavigationPoint.l
Symlinking /home/k21066336/tiago_public_ws/devel/share/aruco_service/cmake/aruco_serviceConfig.cmake
Symlinking /home/k21066336/tiago_public_ws/devel/share/aruco_service/cmake/aruco_service-msg-extras.cmake
Symlinking /home/k21066336/tiago_public_ws/devel/share/aruco_service/cmake/aruco_service-msg-paths.cmake
Symlinking /home/k21066336/tiago_public_ws/devel/share/aruco_service/cmake/aruco_serviceConfig-version.cmake
Symlinking /home/k21066336/tiago_public_ws/devel/share/common-lisp/ros/aruco_service/srv/aruco_service-srv.asd
Symlinking /home/k21066336/tiago_public_ws/devel/share/common-lisp/ros/aruco_service/srv/_package.lisp
Symlinking /home/k21066336/tiago_public_ws/devel/share/common-lisp/ros/aruco_service/srv/SaveNavigationPoint.lisp
Symlinking /home/k21066336/tiago_public_ws/devel/share/common-lisp/ros/aruco_service/srv/GenerateTableCuboid.lisp
Symlinking /home/k21066336/tiago_public_ws/devel/share/common-lisp/ros/aruco_service/srv/PublishTablePoints.lisp
Symlinking /home/k21066336/tiago_public_ws/devel/share/common-lisp/ros/aruco_service/srv/_package_PublishTablePoints.lisp
Symlinking /home/k21066336/tiago_public_ws/devel/share/common-lisp/ros/aruco_service/srv/_package_SaveNavigationPoint.lisp
Symlinking /home/k21066336/tiago_public_ws/devel/share/common-lisp/ros/aruco_service/srv/_package_GenerateTableCuboid.lisp
Symlinking /home/k21066336/tiago_public_ws/devel/share/gennodejs/ros/aruco_service/_index.js
Symlinking /home/k21066336/tiago_public_ws/devel/share/gennodejs/ros/aruco_service/srv/GenerateTableCuboid.js
Symlinking /home/k21066336/tiago_public_ws/devel/share/gennodejs/ros/aruco_service/srv/SaveNavigationPoint.js
Symlinking /home/k21066336/tiago_public_ws/devel/share/gennodejs/ros/aruco_service/srv/PublishTablePoints.js
Symlinking /home/k21066336/tiago_public_ws/devel/share/gennodejs/ros/aruco_service/srv/_index.js
Symlinking /home/k21066336/tiago_public_ws/devel/lib/pkgconfig/aruco_service.pc
Symlinking /home/k21066336/tiago_public_ws/devel/lib/python3/dist-packages/aruco_service/__init__.py
Symlinking /home/k21066336/tiago_public_ws/devel/lib/python3/dist-packages/aruco_service/srv/_GenerateTableCuboid.py
Symlinking /home/k21066336/tiago_public_ws/devel/lib/python3/dist-packages/aruco_service/srv/_PublishTablePoints.py
Symlinking /home/k21066336/tiago_public_ws/devel/lib/python3/dist-packages/aruco_service/srv/_SaveNavigationPoint.py
Symlinking /home/k21066336/tiago_public_ws/devel/lib/python3/dist-packages/aruco_service/srv/__init__.py
Symlinking /home/k21066336/tiago_public_ws/devel/include/aruco_service/SaveNavigationPointResponse.h
Symlinking /home/k21066336/tiago_public_ws/devel/include/aruco_service/GenerateTableCuboid.h
Symlinking /home/k21066336/tiago_public_ws/devel/include/aruco_service/PublishTablePoints.h
Symlinking /home/k21066336/tiago_public_ws/devel/include/aruco_service/PublishTablePointsRequest.h
Symlinking /home/k21066336/tiago_public_ws/devel/include/aruco_service/GenerateTableCuboidRequest.h
Symlinking /home/k21066336/tiago_public_ws/devel/include/aruco_service/SaveNavigationPoint.h
Symlinking /home/k21066336/tiago_public_ws/devel/include/aruco_service/GenerateTableCuboidResponse.h
Symlinking /home/k21066336/tiago_public_ws/devel/include/aruco_service/PublishTablePointsResponse.h
Symlinking /home/k21066336/tiago_public_ws/devel/include/aruco_service/SaveNavigationPointRequest.h
