[  0%] Built target std_msgs_generate_messages_cpp
[  0%] Built target geometry_msgs_generate_messages_py
[  0%] Built target std_msgs_generate_messages_py
[  0%] Built target geometry_msgs_generate_messages_nodejs
[  0%] Built target aruco_msgs_generate_messages_cpp
[  0%] Built target geometry_msgs_generate_messages_cpp
[  0%] Built target aruco_msgs_generate_messages_py
[  0%] Built target std_msgs_generate_messages_nodejs
[  0%] Built target aruco_msgs_generate_messages_nodejs
[  0%] Built target aruco_msgs_generate_messages_lisp
[  0%] Built target std_msgs_generate_messages_lisp
[  0%] Built target aruco_msgs_generate_messages_eus
[  0%] Built target geometry_msgs_generate_messages_lisp
[  0%] Built target std_msgs_generate_messages_eus
[  0%] Built target geometry_msgs_generate_messages_eus
[  0%] Built target _aruco_service_generate_messages_check_deps_SaveNavigationPoint
[  0%] Built target _aruco_service_generate_messages_check_deps_GenerateTableCuboid
[  0%] Built target _aruco_service_generate_messages_check_deps_PublishTablePoints
[ 82%] Built target aruco_service_generate_messages_nodejs
[ 94%] Built target aruco_service_generate_messages_lisp
[ 94%] Built target aruco_service_generate_messages_cpp
[ 94%] Built target aruco_service_generate_messages_eus
[100%] Built target aruco_service_generate_messages_py
[100%] Built target aruco_service_generate_messages
