make: Warning: File 'Makefile' has modification time 0.052 s in the future
make[1]: Warning: File 'CMakeFiles/Makefile2' has modification time 0.74 s in the future
make[2]: Warning: File 'CMakeFiles/_aruco_service_generate_messages_check_deps_GenerateTableCuboid.dir/progress.make' has modification time 0.41 s in the future
make[2]: Warning: File 'CMakeFiles/std_msgs_generate_messages_cpp.dir/progress.make' has modification time 0.65 s in the future
make[2]: Warning: File 'CMakeFiles/_aruco_service_generate_messages_check_deps_SaveNavigationPoint.dir/progress.make' has modification time 0.42 s in the future
make[2]: Warning: File 'CMakeFiles/_aruco_service_generate_messages_check_deps_PublishTablePoints.dir/progress.make' has modification time 0.41 s in the future
make[2]: Warning: File 'CMakeFiles/geometry_msgs_generate_messages_cpp.dir/progress.make' has modification time 0.53 s in the future
make[2]: Warning: File 'CMakeFiles/aruco_msgs_generate_messages_cpp.dir/progress.make' has modification time 0.42 s in the future
make[2]: Warning: File 'CMakeFiles/aruco_msgs_generate_messages_py.dir/progress.make' has modification time 0.44 s in the future
make[2]: Warning: File 'CMakeFiles/std_msgs_generate_messages_py.dir/progress.make' has modification time 0.65 s in the future
[35m[1mScanning dependencies of target _aruco_service_generate_messages_check_deps_PublishTablePoints[0m
[35m[1mScanning dependencies of target std_msgs_generate_messages_py[0m
[35m[1mScanning dependencies of target std_msgs_generate_messages_cpp[0m
[35m[1mScanning dependencies of target aruco_msgs_generate_messages_py[0m
[35m[1mScanning dependencies of target _aruco_service_generate_messages_check_deps_GenerateTableCuboid[0m
[35m[1mScanning dependencies of target geometry_msgs_generate_messages_cpp[0m
make[2]: warning:  Clock skew detected.  Your build may be incomplete.
make[2]: warning:  Clock skew detected.  Your build may be incomplete.
make[2]: Warning: File 'CMakeFiles/std_msgs_generate_messages_py.dir/progress.make' has modification time 0.58 s in the future
make[2]: Warning: File 'CMakeFiles/_aruco_service_generate_messages_check_deps_PublishTablePoints.dir/progress.make' has modification time 0.33 s in the future
make[2]: warning:  Clock skew detected.  Your build may be incomplete.
make[2]: warning:  Clock skew detected.  Your build may be incomplete.
make[2]: warning:  Clock skew detected.  Your build may be incomplete.
[35m[1mScanning dependencies of target _aruco_service_generate_messages_check_deps_SaveNavigationPoint[0m
make[2]: warning:  Clock skew detected.  Your build may be incomplete.
make[2]: warning:  Clock skew detected.  Your build may be incomplete.
make[2]: Warning: File 'CMakeFiles/std_msgs_generate_messages_cpp.dir/progress.make' has modification time 0.55 s in the future
make[2]: Warning: File 'CMakeFiles/geometry_msgs_generate_messages_cpp.dir/progress.make' has modification time 0.43 s in the future
[35m[1mScanning dependencies of target aruco_msgs_generate_messages_cpp[0m
make[2]: Warning: File 'CMakeFiles/_aruco_service_generate_messages_check_deps_GenerateTableCuboid.dir/progress.make' has modification time 0.3 s in the future
make[2]: warning:  Clock skew detected.  Your build may be incomplete.
make[2]: Warning: File 'CMakeFiles/aruco_msgs_generate_messages_py.dir/progress.make' has modification time 0.35 s in the future
make[2]: warning:  Clock skew detected.  Your build may be incomplete.
make[2]: warning:  Clock skew detected.  Your build may be incomplete.
make[2]: warning:  Clock skew detected.  Your build may be incomplete.
make[2]: warning:  Clock skew detected.  Your build may be incomplete.
[  0%] Built target std_msgs_generate_messages_py
make[2]: Warning: File 'CMakeFiles/_aruco_service_generate_messages_check_deps_SaveNavigationPoint.dir/progress.make' has modification time 0.27 s in the future
[  0%] Built target geometry_msgs_generate_messages_cpp
[  0%] Built target aruco_msgs_generate_messages_py
make[2]: Warning: File 'CMakeFiles/aruco_msgs_generate_messages_cpp.dir/progress.make' has modification time 0.23 s in the future
make[2]: warning:  Clock skew detected.  Your build may be incomplete.
make[2]: warning:  Clock skew detected.  Your build may be incomplete.
make[2]: Warning: File 'CMakeFiles/geometry_msgs_generate_messages_py.dir/progress.make' has modification time 0.34 s in the future
make[2]: Warning: File 'CMakeFiles/geometry_msgs_generate_messages_nodejs.dir/progress.make' has modification time 0.33 s in the future
make[2]: Warning: File 'CMakeFiles/std_msgs_generate_messages_nodejs.dir/progress.make' has modification time 0.44 s in the future
make[2]: warning:  Clock skew detected.  Your build may be incomplete.
[  0%] Built target _aruco_service_generate_messages_check_deps_PublishTablePoints
[  0%] Built target std_msgs_generate_messages_cpp
make[2]: Warning: File 'CMakeFiles/aruco_msgs_generate_messages_nodejs.dir/progress.make' has modification time 0.19 s in the future
[  0%] Built target _aruco_service_generate_messages_check_deps_GenerateTableCuboid
make[2]: Warning: File 'CMakeFiles/aruco_msgs_generate_messages_lisp.dir/progress.make' has modification time 0.15 s in the future
[35m[1mScanning dependencies of target aruco_msgs_generate_messages_nodejs[0m
make[2]: Warning: File 'CMakeFiles/std_msgs_generate_messages_lisp.dir/progress.make' has modification time 0.36 s in the future
[35m[1mScanning dependencies of target std_msgs_generate_messages_nodejs[0m
[  0%] Built target aruco_msgs_generate_messages_cpp
make[2]: warning:  Clock skew detected.  Your build may be incomplete.
[35m[1mScanning dependencies of target geometry_msgs_generate_messages_py[0m
[35m[1mScanning dependencies of target geometry_msgs_generate_messages_nodejs[0m
[35m[1mScanning dependencies of target aruco_msgs_generate_messages_lisp[0m
make[2]: warning:  Clock skew detected.  Your build may be incomplete.
make[2]: warning:  Clock skew detected.  Your build may be incomplete.
make[2]: warning:  Clock skew detected.  Your build may be incomplete.
make[2]: Warning: File 'CMakeFiles/geometry_msgs_generate_messages_lisp.dir/progress.make' has modification time 0.22 s in the future
make[2]: warning:  Clock skew detected.  Your build may be incomplete.
make[2]: warning:  Clock skew detected.  Your build may be incomplete.
make[2]: Warning: File 'CMakeFiles/aruco_msgs_generate_messages_nodejs.dir/progress.make' has modification time 0.1 s in the future
make[2]: warning:  Clock skew detected.  Your build may be incomplete.
make[2]: Warning: File 'CMakeFiles/geometry_msgs_generate_messages_py.dir/progress.make' has modification time 0.2 s in the future
make[2]: warning:  Clock skew detected.  Your build may be incomplete.
[35m[1mScanning dependencies of target std_msgs_generate_messages_lisp[0m
[  0%] Built target _aruco_service_generate_messages_check_deps_SaveNavigationPoint
make[2]: Warning: File 'CMakeFiles/std_msgs_generate_messages_nodejs.dir/progress.make' has modification time 0.28 s in the future
make[2]: warning:  Clock skew detected.  Your build may be incomplete.
make[2]: Warning: File 'CMakeFiles/geometry_msgs_generate_messages_nodejs.dir/progress.make' has modification time 0.17 s in the future
make[2]: warning:  Clock skew detected.  Your build may be incomplete.
make[2]: Warning: File 'CMakeFiles/aruco_msgs_generate_messages_lisp.dir/progress.make' has modification time 0.048 s in the future
make[2]: warning:  Clock skew detected.  Your build may be incomplete.
make[2]: warning:  Clock skew detected.  Your build may be incomplete.
make[2]: Warning: File 'CMakeFiles/std_msgs_generate_messages_lisp.dir/progress.make' has modification time 0.25 s in the future
make[2]: warning:  Clock skew detected.  Your build may be incomplete.
[  0%] Built target geometry_msgs_generate_messages_py
[  0%] Built target aruco_msgs_generate_messages_nodejs
make[2]: Warning: File 'CMakeFiles/geometry_msgs_generate_messages_eus.dir/progress.make' has modification time 0.087 s in the future
[35m[1mScanning dependencies of target geometry_msgs_generate_messages_lisp[0m
make[2]: Warning: File 'CMakeFiles/std_msgs_generate_messages_eus.dir/progress.make' has modification time 0.19 s in the future
[  0%] Built target aruco_msgs_generate_messages_lisp
[  0%] Built target geometry_msgs_generate_messages_nodejs
make[2]: warning:  Clock skew detected.  Your build may be incomplete.
make[2]: Warning: File 'CMakeFiles/geometry_msgs_generate_messages_lisp.dir/progress.make' has modification time 0.052 s in the future
[  0%] Built target std_msgs_generate_messages_lisp
make[2]: warning:  Clock skew detected.  Your build may be incomplete.
[35m[1mScanning dependencies of target std_msgs_generate_messages_eus[0m
make[2]: warning:  Clock skew detected.  Your build may be incomplete.
[35m[1mScanning dependencies of target geometry_msgs_generate_messages_eus[0m
[35m[1mScanning dependencies of target aruco_msgs_generate_messages_eus[0m
make[2]: Warning: File 'CMakeFiles/std_msgs_generate_messages_eus.dir/progress.make' has modification time 0.11 s in the future
make[2]: warning:  Clock skew detected.  Your build may be incomplete.
[  0%] Built target std_msgs_generate_messages_nodejs
make[2]: warning:  Clock skew detected.  Your build may be incomplete.
[  0%] Built target geometry_msgs_generate_messages_lisp
[35m[1mScanning dependencies of target aruco_service_generate_messages_cpp[0m
[35m[1mScanning dependencies of target aruco_service_generate_messages_py[0m
[  0%] Built target aruco_msgs_generate_messages_eus
[  0%] Built target std_msgs_generate_messages_eus
[  0%] Built target geometry_msgs_generate_messages_eus
[  5%] [34m[1mGenerating C++ code from aruco_service/PublishTablePoints.srv[0m
[35m[1mScanning dependencies of target aruco_service_generate_messages_nodejs[0m
[35m[1mScanning dependencies of target aruco_service_generate_messages_lisp[0m
[ 11%] [34m[1mGenerating Python code from SRV aruco_service/GenerateTableCuboid[0m
[ 23%] [34m[1mGenerating C++ code from aruco_service/SaveNavigationPoint.srv[0m
[ 23%] [34m[1mGenerating C++ code from aruco_service/GenerateTableCuboid.srv[0m
[35m[1mScanning dependencies of target aruco_service_generate_messages_eus[0m
[ 29%] [34m[1mGenerating Python code from SRV aruco_service/PublishTablePoints[0m
[ 35%] [34m[1mGenerating Lisp code from aruco_service/GenerateTableCuboid.srv[0m
[ 41%] [34m[1mGenerating Javascript code from aruco_service/GenerateTableCuboid.srv[0m
[ 47%] [34m[1mGenerating EusLisp code from aruco_service/GenerateTableCuboid.srv[0m
[ 52%] [34m[1mGenerating Javascript code from aruco_service/PublishTablePoints.srv[0m
[ 58%] [34m[1mGenerating EusLisp code from aruco_service/PublishTablePoints.srv[0m
[ 64%] [34m[1mGenerating Lisp code from aruco_service/PublishTablePoints.srv[0m
[ 70%] [34m[1mGenerating Javascript code from aruco_service/SaveNavigationPoint.srv[0m
[ 76%] [34m[1mGenerating Python code from SRV aruco_service/SaveNavigationPoint[0m
[ 82%] [34m[1mGenerating EusLisp code from aruco_service/SaveNavigationPoint.srv[0m
[ 88%] [34m[1mGenerating Lisp code from aruco_service/SaveNavigationPoint.srv[0m
[ 94%] [34m[1mGenerating EusLisp manifest code for aruco_service[0m
[ 94%] Built target aruco_service_generate_messages_cpp
[ 94%] Built target aruco_service_generate_messages_nodejs
[ 94%] Built target aruco_service_generate_messages_lisp
[100%] [34m[1mGenerating Python srv __init__.py for aruco_service[0m
[100%] Built target aruco_service_generate_messages_py
[100%] Built target aruco_service_generate_messages_eus
[35m[1mScanning dependencies of target aruco_service_generate_messages[0m
[100%] Built target aruco_service_generate_messages
make[1]: warning:  Clock skew detected.  Your build may be incomplete.
make: warning:  Clock skew detected.  Your build may be incomplete.
