[  0%] Built target std_msgs_generate_messages_cpp
[  0%] Built target aruco_msgs_generate_messages_py
[  0%] Built target aruco_msgs_generate_messages_cpp
[  0%] Built target geometry_msgs_generate_messages_cpp
[  0%] Built target std_msgs_generate_messages_py
[  0%] Built target geometry_msgs_generate_messages_nodejs
[  0%] Built target geometry_msgs_generate_messages_py
[  0%] Built target _aruco_service_generate_messages_check_deps_GenerateTableCuboid
[  0%] Built target aruco_msgs_generate_messages_lisp
[  0%] Built target aruco_msgs_generate_messages_nodejs
[  0%] Built target _aruco_service_generate_messages_check_deps_SaveNavigationPoint
[  0%] Built target _aruco_service_generate_messages_check_deps_PublishTablePoints
[  0%] Built target std_msgs_generate_messages_nodejs
[  0%] Built target std_msgs_generate_messages_lisp
[  0%] Built target aruco_msgs_generate_messages_eus
[  0%] Built target std_msgs_generate_messages_eus
[  0%] Built target geometry_msgs_generate_messages_lisp
[  0%] Built target geometry_msgs_generate_messages_eus
[ 17%] Built target aruco_service_generate_messages_nodejs
[ 41%] Built target aruco_service_generate_messages_py
[ 64%] Built target aruco_service_generate_messages_cpp
[ 76%] Built target aruco_service_generate_messages_lisp
[100%] Built target aruco_service_generate_messages_eus
[100%] Built target aruco_service_generate_messages
