Linked: (/home/k21066336/tiago_public_ws/devel/.private/aruco_service/include/aruco_service/SaveNavigationPointRequest.h, /home/k21066336/tiago_public_ws/devel/include/aruco_service/SaveNavigationPointRequest.h)
Linked: (/home/k21066336/tiago_public_ws/devel/.private/aruco_service/include/aruco_service/PublishTablePointsResponse.h, /home/k21066336/tiago_public_ws/devel/include/aruco_service/PublishTablePointsResponse.h)
Linked: (/home/k21066336/tiago_public_ws/devel/.private/aruco_service/include/aruco_service/SaveNavigationPoint.h, /home/k21066336/tiago_public_ws/devel/include/aruco_service/SaveNavigationPoint.h)
Linked: (/home/k21066336/tiago_public_ws/devel/.private/aruco_service/include/aruco_service/GenerateTableCuboidRequest.h, /home/k21066336/tiago_public_ws/devel/include/aruco_service/GenerateTableCuboidRequest.h)
Linked: (/home/k21066336/tiago_public_ws/devel/.private/aruco_service/include/aruco_service/GenerateTableCuboidResponse.h, /home/k21066336/tiago_public_ws/devel/include/aruco_service/GenerateTableCuboidResponse.h)
Linked: (/home/k21066336/tiago_public_ws/devel/.private/aruco_service/include/aruco_service/SaveNavigationPointResponse.h, /home/k21066336/tiago_public_ws/devel/include/aruco_service/SaveNavigationPointResponse.h)
Linked: (/home/k21066336/tiago_public_ws/devel/.private/aruco_service/include/aruco_service/PublishTablePointsRequest.h, /home/k21066336/tiago_public_ws/devel/include/aruco_service/PublishTablePointsRequest.h)
Linked: (/home/k21066336/tiago_public_ws/devel/.private/aruco_service/include/aruco_service/PublishTablePoints.h, /home/k21066336/tiago_public_ws/devel/include/aruco_service/PublishTablePoints.h)
Linked: (/home/k21066336/tiago_public_ws/devel/.private/aruco_service/include/aruco_service/GenerateTableCuboid.h, /home/k21066336/tiago_public_ws/devel/include/aruco_service/GenerateTableCuboid.h)
Linked: (/home/k21066336/tiago_public_ws/devel/.private/aruco_service/lib/python3/dist-packages/aruco_service/__init__.py, /home/k21066336/tiago_public_ws/devel/lib/python3/dist-packages/aruco_service/__init__.py)
Linked: (/home/k21066336/tiago_public_ws/devel/.private/aruco_service/lib/python3/dist-packages/aruco_service/srv/_GenerateTableCuboid.py, /home/k21066336/tiago_public_ws/devel/lib/python3/dist-packages/aruco_service/srv/_GenerateTableCuboid.py)
Linked: (/home/k21066336/tiago_public_ws/devel/.private/aruco_service/lib/python3/dist-packages/aruco_service/srv/__init__.py, /home/k21066336/tiago_public_ws/devel/lib/python3/dist-packages/aruco_service/srv/__init__.py)
Linked: (/home/k21066336/tiago_public_ws/devel/.private/aruco_service/lib/python3/dist-packages/aruco_service/srv/_PublishTablePoints.py, /home/k21066336/tiago_public_ws/devel/lib/python3/dist-packages/aruco_service/srv/_PublishTablePoints.py)
Linked: (/home/k21066336/tiago_public_ws/devel/.private/aruco_service/lib/python3/dist-packages/aruco_service/srv/_SaveNavigationPoint.py, /home/k21066336/tiago_public_ws/devel/lib/python3/dist-packages/aruco_service/srv/_SaveNavigationPoint.py)
Linked: (/home/k21066336/tiago_public_ws/devel/.private/aruco_service/lib/pkgconfig/aruco_service.pc, /home/k21066336/tiago_public_ws/devel/lib/pkgconfig/aruco_service.pc)
Linked: (/home/k21066336/tiago_public_ws/devel/.private/aruco_service/share/roseus/ros/aruco_service/manifest.l, /home/k21066336/tiago_public_ws/devel/share/roseus/ros/aruco_service/manifest.l)
Linked: (/home/k21066336/tiago_public_ws/devel/.private/aruco_service/share/roseus/ros/aruco_service/srv/SaveNavigationPoint.l, /home/k21066336/tiago_public_ws/devel/share/roseus/ros/aruco_service/srv/SaveNavigationPoint.l)
Linked: (/home/k21066336/tiago_public_ws/devel/.private/aruco_service/share/roseus/ros/aruco_service/srv/PublishTablePoints.l, /home/k21066336/tiago_public_ws/devel/share/roseus/ros/aruco_service/srv/PublishTablePoints.l)
Linked: (/home/k21066336/tiago_public_ws/devel/.private/aruco_service/share/roseus/ros/aruco_service/srv/GenerateTableCuboid.l, /home/k21066336/tiago_public_ws/devel/share/roseus/ros/aruco_service/srv/GenerateTableCuboid.l)
Linked: (/home/k21066336/tiago_public_ws/devel/.private/aruco_service/share/aruco_service/cmake/aruco_serviceConfig.cmake, /home/k21066336/tiago_public_ws/devel/share/aruco_service/cmake/aruco_serviceConfig.cmake)
Linked: (/home/k21066336/tiago_public_ws/devel/.private/aruco_service/share/aruco_service/cmake/aruco_serviceConfig-version.cmake, /home/k21066336/tiago_public_ws/devel/share/aruco_service/cmake/aruco_serviceConfig-version.cmake)
Linked: (/home/k21066336/tiago_public_ws/devel/.private/aruco_service/share/aruco_service/cmake/aruco_service-msg-extras.cmake, /home/k21066336/tiago_public_ws/devel/share/aruco_service/cmake/aruco_service-msg-extras.cmake)
Linked: (/home/k21066336/tiago_public_ws/devel/.private/aruco_service/share/aruco_service/cmake/aruco_service-msg-paths.cmake, /home/k21066336/tiago_public_ws/devel/share/aruco_service/cmake/aruco_service-msg-paths.cmake)
Linked: (/home/k21066336/tiago_public_ws/devel/.private/aruco_service/share/common-lisp/ros/aruco_service/srv/_package_GenerateTableCuboid.lisp, /home/k21066336/tiago_public_ws/devel/share/common-lisp/ros/aruco_service/srv/_package_GenerateTableCuboid.lisp)
Linked: (/home/k21066336/tiago_public_ws/devel/.private/aruco_service/share/common-lisp/ros/aruco_service/srv/_package_SaveNavigationPoint.lisp, /home/k21066336/tiago_public_ws/devel/share/common-lisp/ros/aruco_service/srv/_package_SaveNavigationPoint.lisp)
Linked: (/home/k21066336/tiago_public_ws/devel/.private/aruco_service/share/common-lisp/ros/aruco_service/srv/aruco_service-srv.asd, /home/k21066336/tiago_public_ws/devel/share/common-lisp/ros/aruco_service/srv/aruco_service-srv.asd)
Linked: (/home/k21066336/tiago_public_ws/devel/.private/aruco_service/share/common-lisp/ros/aruco_service/srv/_package.lisp, /home/k21066336/tiago_public_ws/devel/share/common-lisp/ros/aruco_service/srv/_package.lisp)
Linked: (/home/k21066336/tiago_public_ws/devel/.private/aruco_service/share/common-lisp/ros/aruco_service/srv/GenerateTableCuboid.lisp, /home/k21066336/tiago_public_ws/devel/share/common-lisp/ros/aruco_service/srv/GenerateTableCuboid.lisp)
Linked: (/home/k21066336/tiago_public_ws/devel/.private/aruco_service/share/common-lisp/ros/aruco_service/srv/SaveNavigationPoint.lisp, /home/k21066336/tiago_public_ws/devel/share/common-lisp/ros/aruco_service/srv/SaveNavigationPoint.lisp)
Linked: (/home/k21066336/tiago_public_ws/devel/.private/aruco_service/share/common-lisp/ros/aruco_service/srv/_package_PublishTablePoints.lisp, /home/k21066336/tiago_public_ws/devel/share/common-lisp/ros/aruco_service/srv/_package_PublishTablePoints.lisp)
Linked: (/home/k21066336/tiago_public_ws/devel/.private/aruco_service/share/common-lisp/ros/aruco_service/srv/PublishTablePoints.lisp, /home/k21066336/tiago_public_ws/devel/share/common-lisp/ros/aruco_service/srv/PublishTablePoints.lisp)
Linked: (/home/k21066336/tiago_public_ws/devel/.private/aruco_service/share/gennodejs/ros/aruco_service/_index.js, /home/k21066336/tiago_public_ws/devel/share/gennodejs/ros/aruco_service/_index.js)
Linked: (/home/k21066336/tiago_public_ws/devel/.private/aruco_service/share/gennodejs/ros/aruco_service/srv/_index.js, /home/k21066336/tiago_public_ws/devel/share/gennodejs/ros/aruco_service/srv/_index.js)
Linked: (/home/k21066336/tiago_public_ws/devel/.private/aruco_service/share/gennodejs/ros/aruco_service/srv/GenerateTableCuboid.js, /home/k21066336/tiago_public_ws/devel/share/gennodejs/ros/aruco_service/srv/GenerateTableCuboid.js)
Linked: (/home/k21066336/tiago_public_ws/devel/.private/aruco_service/share/gennodejs/ros/aruco_service/srv/SaveNavigationPoint.js, /home/k21066336/tiago_public_ws/devel/share/gennodejs/ros/aruco_service/srv/SaveNavigationPoint.js)
Linked: (/home/k21066336/tiago_public_ws/devel/.private/aruco_service/share/gennodejs/ros/aruco_service/srv/PublishTablePoints.js, /home/k21066336/tiago_public_ws/devel/share/gennodejs/ros/aruco_service/srv/PublishTablePoints.js)
