Symlinking /home/k21066336/tiago_public_ws/devel/./cmake.lock
Linked: (/home/k21066336/tiago_public_ws/devel/.private/aruco_service/share/aruco_service/cmake/aruco_service-msg-paths.cmake, /home/k21066336/tiago_public_ws/devel/share/aruco_service/cmake/aruco_service-msg-paths.cmake)
Linked: (/home/k21066336/tiago_public_ws/devel/.private/aruco_service/share/aruco_service/cmake/aruco_serviceConfig-version.cmake, /home/k21066336/tiago_public_ws/devel/share/aruco_service/cmake/aruco_serviceConfig-version.cmake)
Linked: (/home/k21066336/tiago_public_ws/devel/.private/aruco_service/share/aruco_service/cmake/aruco_service-msg-extras.cmake, /home/k21066336/tiago_public_ws/devel/share/aruco_service/cmake/aruco_service-msg-extras.cmake)
Linked: (/home/k21066336/tiago_public_ws/devel/.private/aruco_service/share/aruco_service/cmake/aruco_serviceConfig.cmake, /home/k21066336/tiago_public_ws/devel/share/aruco_service/cmake/aruco_serviceConfig.cmake)
Linked: (/home/k21066336/tiago_public_ws/devel/.private/aruco_service/share/common-lisp/ros/aruco_service/srv/PublishTablePoints.lisp, /home/k21066336/tiago_public_ws/devel/share/common-lisp/ros/aruco_service/srv/PublishTablePoints.lisp)
Linked: (/home/k21066336/tiago_public_ws/devel/.private/aruco_service/share/common-lisp/ros/aruco_service/srv/_package_GenerateTableCuboid.lisp, /home/k21066336/tiago_public_ws/devel/share/common-lisp/ros/aruco_service/srv/_package_GenerateTableCuboid.lisp)
Linked: (/home/k21066336/tiago_public_ws/devel/.private/aruco_service/share/common-lisp/ros/aruco_service/srv/_package_SaveNavigationPoint.lisp, /home/k21066336/tiago_public_ws/devel/share/common-lisp/ros/aruco_service/srv/_package_SaveNavigationPoint.lisp)
Linked: (/home/k21066336/tiago_public_ws/devel/.private/aruco_service/share/common-lisp/ros/aruco_service/srv/_package_PublishTablePoints.lisp, /home/k21066336/tiago_public_ws/devel/share/common-lisp/ros/aruco_service/srv/_package_PublishTablePoints.lisp)
Linked: (/home/k21066336/tiago_public_ws/devel/.private/aruco_service/share/common-lisp/ros/aruco_service/srv/GenerateTableCuboid.lisp, /home/k21066336/tiago_public_ws/devel/share/common-lisp/ros/aruco_service/srv/GenerateTableCuboid.lisp)
Linked: (/home/k21066336/tiago_public_ws/devel/.private/aruco_service/share/common-lisp/ros/aruco_service/srv/SaveNavigationPoint.lisp, /home/k21066336/tiago_public_ws/devel/share/common-lisp/ros/aruco_service/srv/SaveNavigationPoint.lisp)
Linked: (/home/k21066336/tiago_public_ws/devel/.private/aruco_service/share/common-lisp/ros/aruco_service/srv/aruco_service-srv.asd, /home/k21066336/tiago_public_ws/devel/share/common-lisp/ros/aruco_service/srv/aruco_service-srv.asd)
Linked: (/home/k21066336/tiago_public_ws/devel/.private/aruco_service/share/common-lisp/ros/aruco_service/srv/_package.lisp, /home/k21066336/tiago_public_ws/devel/share/common-lisp/ros/aruco_service/srv/_package.lisp)
Linked: (/home/k21066336/tiago_public_ws/devel/.private/aruco_service/share/gennodejs/ros/aruco_service/_index.js, /home/k21066336/tiago_public_ws/devel/share/gennodejs/ros/aruco_service/_index.js)
Linked: (/home/k21066336/tiago_public_ws/devel/.private/aruco_service/share/gennodejs/ros/aruco_service/srv/PublishTablePoints.js, /home/k21066336/tiago_public_ws/devel/share/gennodejs/ros/aruco_service/srv/PublishTablePoints.js)
Linked: (/home/k21066336/tiago_public_ws/devel/.private/aruco_service/share/gennodejs/ros/aruco_service/srv/_index.js, /home/k21066336/tiago_public_ws/devel/share/gennodejs/ros/aruco_service/srv/_index.js)
Linked: (/home/k21066336/tiago_public_ws/devel/.private/aruco_service/share/gennodejs/ros/aruco_service/srv/SaveNavigationPoint.js, /home/k21066336/tiago_public_ws/devel/share/gennodejs/ros/aruco_service/srv/SaveNavigationPoint.js)
Linked: (/home/k21066336/tiago_public_ws/devel/.private/aruco_service/share/gennodejs/ros/aruco_service/srv/GenerateTableCuboid.js, /home/k21066336/tiago_public_ws/devel/share/gennodejs/ros/aruco_service/srv/GenerateTableCuboid.js)
Linked: (/home/k21066336/tiago_public_ws/devel/.private/aruco_service/share/roseus/ros/aruco_service/manifest.l, /home/k21066336/tiago_public_ws/devel/share/roseus/ros/aruco_service/manifest.l)
Linked: (/home/k21066336/tiago_public_ws/devel/.private/aruco_service/share/roseus/ros/aruco_service/srv/SaveNavigationPoint.l, /home/k21066336/tiago_public_ws/devel/share/roseus/ros/aruco_service/srv/SaveNavigationPoint.l)
Linked: (/home/k21066336/tiago_public_ws/devel/.private/aruco_service/share/roseus/ros/aruco_service/srv/PublishTablePoints.l, /home/k21066336/tiago_public_ws/devel/share/roseus/ros/aruco_service/srv/PublishTablePoints.l)
Linked: (/home/k21066336/tiago_public_ws/devel/.private/aruco_service/share/roseus/ros/aruco_service/srv/GenerateTableCuboid.l, /home/k21066336/tiago_public_ws/devel/share/roseus/ros/aruco_service/srv/GenerateTableCuboid.l)
Symlinking /home/k21066336/tiago_public_ws/devel/lib/python3/dist-packages/aruco_service/__init__.py
Symlinking /home/k21066336/tiago_public_ws/devel/lib/python3/dist-packages/aruco_service/srv/_GenerateTableCuboid.py
Symlinking /home/k21066336/tiago_public_ws/devel/lib/python3/dist-packages/aruco_service/srv/__init__.py
Symlinking /home/k21066336/tiago_public_ws/devel/lib/python3/dist-packages/aruco_service/srv/_SaveNavigationPoint.py
Symlinking /home/k21066336/tiago_public_ws/devel/lib/python3/dist-packages/aruco_service/srv/_PublishTablePoints.py
Symlinking /home/k21066336/tiago_public_ws/devel/lib/pkgconfig/aruco_service.pc
Symlinking /home/k21066336/tiago_public_ws/devel/include/aruco_service/PublishTablePoints.h
Symlinking /home/k21066336/tiago_public_ws/devel/include/aruco_service/PublishTablePointsResponse.h
Symlinking /home/k21066336/tiago_public_ws/devel/include/aruco_service/SaveNavigationPointRequest.h
Symlinking /home/k21066336/tiago_public_ws/devel/include/aruco_service/SaveNavigationPoint.h
Symlinking /home/k21066336/tiago_public_ws/devel/include/aruco_service/GenerateTableCuboidRequest.h
Symlinking /home/k21066336/tiago_public_ws/devel/include/aruco_service/GenerateTableCuboidResponse.h
Symlinking /home/k21066336/tiago_public_ws/devel/include/aruco_service/SaveNavigationPointResponse.h
Symlinking /home/k21066336/tiago_public_ws/devel/include/aruco_service/GenerateTableCuboid.h
Symlinking /home/k21066336/tiago_public_ws/devel/include/aruco_service/PublishTablePointsRequest.h
