Symlinking /home/k21066336/tiago_public_ws/devel/include/face_detection/FaceDetectionRequest.h
Symlinking /home/k21066336/tiago_public_ws/devel/include/face_detection/FaceDetection.h
Symlinking /home/k21066336/tiago_public_ws/devel/include/face_detection/FaceDetectionResponse.h
Symlinking /home/k21066336/tiago_public_ws/devel/lib/python3/dist-packages/face_detection/__init__.py
Symlinking /home/k21066336/tiago_public_ws/devel/lib/python3/dist-packages/face_detection/srv/__init__.py
Symlinking /home/k21066336/tiago_public_ws/devel/lib/python3/dist-packages/face_detection/srv/_FaceDetection.py
Symlinking /home/k21066336/tiago_public_ws/devel/lib/pkgconfig/face_detection.pc
Linked: (/home/k21066336/tiago_public_ws/devel/.private/face_detection/share/gennodejs/ros/face_detection/_index.js, /home/k21066336/tiago_public_ws/devel/share/gennodejs/ros/face_detection/_index.js)
Linked: (/home/k21066336/tiago_public_ws/devel/.private/face_detection/share/gennodejs/ros/face_detection/srv/FaceDetection.js, /home/k21066336/tiago_public_ws/devel/share/gennodejs/ros/face_detection/srv/FaceDetection.js)
Linked: (/home/k21066336/tiago_public_ws/devel/.private/face_detection/share/gennodejs/ros/face_detection/srv/_index.js, /home/k21066336/tiago_public_ws/devel/share/gennodejs/ros/face_detection/srv/_index.js)
Linked: (/home/k21066336/tiago_public_ws/devel/.private/face_detection/share/face_detection/cmake/face_detection-msg-paths.cmake, /home/k21066336/tiago_public_ws/devel/share/face_detection/cmake/face_detection-msg-paths.cmake)
Linked: (/home/k21066336/tiago_public_ws/devel/.private/face_detection/share/face_detection/cmake/face_detectionConfig.cmake, /home/k21066336/tiago_public_ws/devel/share/face_detection/cmake/face_detectionConfig.cmake)
Linked: (/home/k21066336/tiago_public_ws/devel/.private/face_detection/share/face_detection/cmake/face_detectionConfig-version.cmake, /home/k21066336/tiago_public_ws/devel/share/face_detection/cmake/face_detectionConfig-version.cmake)
Linked: (/home/k21066336/tiago_public_ws/devel/.private/face_detection/share/face_detection/cmake/face_detection-msg-extras.cmake, /home/k21066336/tiago_public_ws/devel/share/face_detection/cmake/face_detection-msg-extras.cmake)
Linked: (/home/k21066336/tiago_public_ws/devel/.private/face_detection/share/roseus/ros/face_detection/manifest.l, /home/k21066336/tiago_public_ws/devel/share/roseus/ros/face_detection/manifest.l)
Linked: (/home/k21066336/tiago_public_ws/devel/.private/face_detection/share/roseus/ros/face_detection/srv/FaceDetection.l, /home/k21066336/tiago_public_ws/devel/share/roseus/ros/face_detection/srv/FaceDetection.l)
Linked: (/home/k21066336/tiago_public_ws/devel/.private/face_detection/share/common-lisp/ros/face_detection/srv/_package.lisp, /home/k21066336/tiago_public_ws/devel/share/common-lisp/ros/face_detection/srv/_package.lisp)
Linked: (/home/k21066336/tiago_public_ws/devel/.private/face_detection/share/common-lisp/ros/face_detection/srv/_package_FaceDetection.lisp, /home/k21066336/tiago_public_ws/devel/share/common-lisp/ros/face_detection/srv/_package_FaceDetection.lisp)
Linked: (/home/k21066336/tiago_public_ws/devel/.private/face_detection/share/common-lisp/ros/face_detection/srv/face_detection-srv.asd, /home/k21066336/tiago_public_ws/devel/share/common-lisp/ros/face_detection/srv/face_detection-srv.asd)
Linked: (/home/k21066336/tiago_public_ws/devel/.private/face_detection/share/common-lisp/ros/face_detection/srv/FaceDetection.lisp, /home/k21066336/tiago_public_ws/devel/share/common-lisp/ros/face_detection/srv/FaceDetection.lisp)
