make: Warning: File 'Makefile' has modification time 0.59 s in the future
make[1]: Warning: File 'CMakeFiles/Makefile2' has modification time 0.89 s in the future
make[2]: Warning: File 'CMakeFiles/lasr_vision_msgs_generate_messages_cpp.dir/progress.make' has modification time 0.82 s in the future
[35m[1mScanning dependencies of target lasr_vision_msgs_generate_messages_cpp[0m
make[2]: warning:  Clock skew detected.  Your build may be incomplete.
make[2]: Warning: File 'CMakeFiles/lasr_vision_msgs_generate_messages_cpp.dir/progress.make' has modification time 0.78 s in the future
make[2]: warning:  Clock skew detected.  Your build may be incomplete.
[  0%] Built target lasr_vision_msgs_generate_messages_cpp
make[2]: Warning: File 'CMakeFiles/sensor_msgs_generate_messages_cpp.dir/progress.make' has modification time 0.75 s in the future
[35m[1mScanning dependencies of target sensor_msgs_generate_messages_cpp[0m
make[2]: warning:  Clock skew detected.  Your build may be incomplete.
make[2]: Warning: File 'CMakeFiles/sensor_msgs_generate_messages_cpp.dir/progress.make' has modification time 0.72 s in the future
make[2]: warning:  Clock skew detected.  Your build may be incomplete.
[  0%] Built target sensor_msgs_generate_messages_cpp
make[2]: Warning: File 'CMakeFiles/std_msgs_generate_messages_cpp.dir/progress.make' has modification time 0.71 s in the future
[35m[1mScanning dependencies of target std_msgs_generate_messages_cpp[0m
make[2]: warning:  Clock skew detected.  Your build may be incomplete.
make[2]: Warning: File 'CMakeFiles/std_msgs_generate_messages_cpp.dir/progress.make' has modification time 0.67 s in the future
make[2]: warning:  Clock skew detected.  Your build may be incomplete.
[  0%] Built target std_msgs_generate_messages_cpp
make[2]: Warning: File 'CMakeFiles/_face_detection_generate_messages_check_deps_FaceDetection.dir/progress.make' has modification time 0.51 s in the future
[35m[1mScanning dependencies of target _face_detection_generate_messages_check_deps_FaceDetection[0m
make[2]: warning:  Clock skew detected.  Your build may be incomplete.
make[2]: Warning: File 'CMakeFiles/_face_detection_generate_messages_check_deps_FaceDetection.dir/progress.make' has modification time 0.47 s in the future
make[2]: warning:  Clock skew detected.  Your build may be incomplete.
[  0%] Built target _face_detection_generate_messages_check_deps_FaceDetection
make[2]: Warning: File 'CMakeFiles/lasr_vision_msgs_generate_messages_py.dir/progress.make' has modification time 0.43 s in the future
[35m[1mScanning dependencies of target lasr_vision_msgs_generate_messages_py[0m
make[2]: warning:  Clock skew detected.  Your build may be incomplete.
make[2]: Warning: File 'CMakeFiles/lasr_vision_msgs_generate_messages_py.dir/progress.make' has modification time 0.41 s in the future
make[2]: warning:  Clock skew detected.  Your build may be incomplete.
[  0%] Built target lasr_vision_msgs_generate_messages_py
make[2]: Warning: File 'CMakeFiles/std_msgs_generate_messages_py.dir/progress.make' has modification time 0.42 s in the future
[35m[1mScanning dependencies of target std_msgs_generate_messages_py[0m
make[2]: warning:  Clock skew detected.  Your build may be incomplete.
make[2]: Warning: File 'CMakeFiles/std_msgs_generate_messages_py.dir/progress.make' has modification time 0.4 s in the future
make[2]: warning:  Clock skew detected.  Your build may be incomplete.
[  0%] Built target std_msgs_generate_messages_py
make[2]: Warning: File 'CMakeFiles/sensor_msgs_generate_messages_py.dir/progress.make' has modification time 0.37 s in the future
[35m[1mScanning dependencies of target sensor_msgs_generate_messages_py[0m
make[2]: warning:  Clock skew detected.  Your build may be incomplete.
make[2]: Warning: File 'CMakeFiles/sensor_msgs_generate_messages_py.dir/progress.make' has modification time 0.35 s in the future
make[2]: warning:  Clock skew detected.  Your build may be incomplete.
[  0%] Built target sensor_msgs_generate_messages_py
make[2]: Warning: File 'CMakeFiles/lasr_vision_msgs_generate_messages_nodejs.dir/progress.make' has modification time 0.32 s in the future
[35m[1mScanning dependencies of target lasr_vision_msgs_generate_messages_nodejs[0m
make[2]: warning:  Clock skew detected.  Your build may be incomplete.
make[2]: Warning: File 'CMakeFiles/lasr_vision_msgs_generate_messages_nodejs.dir/progress.make' has modification time 0.29 s in the future
make[2]: warning:  Clock skew detected.  Your build may be incomplete.
[  0%] Built target lasr_vision_msgs_generate_messages_nodejs
make[2]: Warning: File 'CMakeFiles/sensor_msgs_generate_messages_nodejs.dir/progress.make' has modification time 0.29 s in the future
[35m[1mScanning dependencies of target sensor_msgs_generate_messages_nodejs[0m
make[2]: warning:  Clock skew detected.  Your build may be incomplete.
make[2]: Warning: File 'CMakeFiles/sensor_msgs_generate_messages_nodejs.dir/progress.make' has modification time 0.26 s in the future
make[2]: warning:  Clock skew detected.  Your build may be incomplete.
[  0%] Built target sensor_msgs_generate_messages_nodejs
make[2]: Warning: File 'CMakeFiles/std_msgs_generate_messages_nodejs.dir/progress.make' has modification time 0.26 s in the future
[35m[1mScanning dependencies of target std_msgs_generate_messages_nodejs[0m
make[2]: warning:  Clock skew detected.  Your build may be incomplete.
make[2]: Warning: File 'CMakeFiles/std_msgs_generate_messages_nodejs.dir/progress.make' has modification time 0.24 s in the future
make[2]: warning:  Clock skew detected.  Your build may be incomplete.
[  0%] Built target std_msgs_generate_messages_nodejs
make[2]: Warning: File 'CMakeFiles/lasr_vision_msgs_generate_messages_eus.dir/progress.make' has modification time 0.18 s in the future
[35m[1mScanning dependencies of target lasr_vision_msgs_generate_messages_eus[0m
make[2]: warning:  Clock skew detected.  Your build may be incomplete.
make[2]: Warning: File 'CMakeFiles/lasr_vision_msgs_generate_messages_eus.dir/progress.make' has modification time 0.16 s in the future
make[2]: warning:  Clock skew detected.  Your build may be incomplete.
[  0%] Built target lasr_vision_msgs_generate_messages_eus
make[2]: Warning: File 'CMakeFiles/sensor_msgs_generate_messages_eus.dir/progress.make' has modification time 0.15 s in the future
[35m[1mScanning dependencies of target sensor_msgs_generate_messages_eus[0m
make[2]: warning:  Clock skew detected.  Your build may be incomplete.
make[2]: Warning: File 'CMakeFiles/sensor_msgs_generate_messages_eus.dir/progress.make' has modification time 0.13 s in the future
make[2]: warning:  Clock skew detected.  Your build may be incomplete.
[  0%] Built target sensor_msgs_generate_messages_eus
make[2]: Warning: File 'CMakeFiles/std_msgs_generate_messages_eus.dir/progress.make' has modification time 0.13 s in the future
make[2]: Warning: File 'CMakeFiles/lasr_vision_msgs_generate_messages_lisp.dir/progress.make' has modification time 0.092 s in the future
[35m[1mScanning dependencies of target std_msgs_generate_messages_eus[0m
[35m[1mScanning dependencies of target lasr_vision_msgs_generate_messages_lisp[0m
make[2]: warning:  Clock skew detected.  Your build may be incomplete.
make[2]: Warning: File 'CMakeFiles/std_msgs_generate_messages_eus.dir/progress.make' has modification time 0.1 s in the future
make[2]: warning:  Clock skew detected.  Your build may be incomplete.
make[2]: warning:  Clock skew detected.  Your build may be incomplete.
make[2]: Warning: File 'CMakeFiles/lasr_vision_msgs_generate_messages_lisp.dir/progress.make' has modification time 0.069 s in the future
make[2]: warning:  Clock skew detected.  Your build may be incomplete.
[  0%] Built target std_msgs_generate_messages_eus
make[2]: Warning: File 'CMakeFiles/std_msgs_generate_messages_lisp.dir/progress.make' has modification time 0.087 s in the future
[  0%] Built target lasr_vision_msgs_generate_messages_lisp
[35m[1mScanning dependencies of target std_msgs_generate_messages_lisp[0m
make[2]: warning:  Clock skew detected.  Your build may be incomplete.
make[2]: Warning: File 'CMakeFiles/std_msgs_generate_messages_lisp.dir/progress.make' has modification time 0.062 s in the future
make[2]: warning:  Clock skew detected.  Your build may be incomplete.
[  0%] Built target std_msgs_generate_messages_lisp
make[2]: Warning: File 'CMakeFiles/sensor_msgs_generate_messages_lisp.dir/progress.make' has modification time 0.032 s in the future
[35m[1mScanning dependencies of target sensor_msgs_generate_messages_lisp[0m
make[2]: warning:  Clock skew detected.  Your build may be incomplete.
make[2]: Warning: File 'CMakeFiles/sensor_msgs_generate_messages_lisp.dir/progress.make' has modification time 0.0056 s in the future
make[2]: warning:  Clock skew detected.  Your build may be incomplete.
[  0%] Built target sensor_msgs_generate_messages_lisp
[35m[1mScanning dependencies of target face_detection_generate_messages_cpp[0m
[ 14%] Built target face_detection_generate_messages_cpp
[35m[1mScanning dependencies of target face_detection_generate_messages_py[0m
[ 42%] Built target face_detection_generate_messages_py
[35m[1mScanning dependencies of target face_detection_generate_messages_nodejs[0m
[ 57%] Built target face_detection_generate_messages_nodejs
[35m[1mScanning dependencies of target face_detection_generate_messages_eus[0m
[ 85%] Built target face_detection_generate_messages_eus
[35m[1mScanning dependencies of target face_detection_generate_messages_lisp[0m
[100%] Built target face_detection_generate_messages_lisp
[35m[1mScanning dependencies of target face_detection_generate_messages[0m
[100%] Built target face_detection_generate_messages
make[1]: warning:  Clock skew detected.  Your build may be incomplete.
make: warning:  Clock skew detected.  Your build may be incomplete.
