Symlinking /home/k21066336/tiago_public_ws/devel/include/face_detection/FaceDetectionResponse.h
Symlinking /home/k21066336/tiago_public_ws/devel/include/face_detection/FaceDetectionRequest.h
Symlinking /home/k21066336/tiago_public_ws/devel/include/face_detection/FaceDetection.h
Symlinking /home/k21066336/tiago_public_ws/devel/lib/python3/dist-packages/face_detection/__init__.py
Symlinking /home/k21066336/tiago_public_ws/devel/lib/python3/dist-packages/face_detection/srv/__init__.py
Symlinking /home/k21066336/tiago_public_ws/devel/lib/python3/dist-packages/face_detection/srv/_FaceDetection.py
Symlinking /home/k21066336/tiago_public_ws/devel/lib/pkgconfig/face_detection.pc
Symlinking /home/k21066336/tiago_public_ws/devel/share/gennodejs/ros/face_detection/_index.js
Symlinking /home/k21066336/tiago_public_ws/devel/share/gennodejs/ros/face_detection/srv/_index.js
Symlinking /home/k21066336/tiago_public_ws/devel/share/gennodejs/ros/face_detection/srv/FaceDetection.js
Symlinking /home/k21066336/tiago_public_ws/devel/share/roseus/ros/face_detection/manifest.l
Symlinking /home/k21066336/tiago_public_ws/devel/share/roseus/ros/face_detection/srv/FaceDetection.l
Symlinking /home/k21066336/tiago_public_ws/devel/share/common-lisp/ros/face_detection/srv/_package_FaceDetection.lisp
Symlinking /home/k21066336/tiago_public_ws/devel/share/common-lisp/ros/face_detection/srv/_package.lisp
Symlinking /home/k21066336/tiago_public_ws/devel/share/common-lisp/ros/face_detection/srv/face_detection-srv.asd
Symlinking /home/k21066336/tiago_public_ws/devel/share/common-lisp/ros/face_detection/srv/FaceDetection.lisp
Symlinking /home/k21066336/tiago_public_ws/devel/share/face_detection/cmake/face_detectionConfig.cmake
Symlinking /home/k21066336/tiago_public_ws/devel/share/face_detection/cmake/face_detection-msg-paths.cmake
Symlinking /home/k21066336/tiago_public_ws/devel/share/face_detection/cmake/face_detectionConfig-version.cmake
Symlinking /home/k21066336/tiago_public_ws/devel/share/face_detection/cmake/face_detection-msg-extras.cmake
