[  0%] Built target lasr_vision_msgs_generate_messages_cpp
[  0%] Built target sensor_msgs_generate_messages_cpp
[  0%] Built target std_msgs_generate_messages_cpp
[  0%] Built target lasr_vision_msgs_generate_messages_py
[  0%] Built target std_msgs_generate_messages_py
[  0%] Built target _face_detection_generate_messages_check_deps_FaceDetection
[  0%] Built target sensor_msgs_generate_messages_py
[  0%] Built target lasr_vision_msgs_generate_messages_nodejs
[  0%] Built target sensor_msgs_generate_messages_nodejs
[  0%] Built target std_msgs_generate_messages_nodejs
[  0%] Built target sensor_msgs_generate_messages_eus
[  0%] Built target lasr_vision_msgs_generate_messages_eus
[  0%] Built target std_msgs_generate_messages_eus
[  0%] Built target lasr_vision_msgs_generate_messages_lisp
[  0%] Built target std_msgs_generate_messages_lisp
[  0%] Built target sensor_msgs_generate_messages_lisp
[ 14%] Built target face_detection_generate_messages_cpp
[ 42%] Built target face_detection_generate_messages_py
[ 57%] Built target face_detection_generate_messages_nodejs
[100%] Built target face_detection_generate_messages_lisp
[100%] Built target face_detection_generate_messages_eus
[100%] Built target face_detection_generate_messages
