Symlinking /home/k21066336/tiago_public_ws/devel/share/roseus/ros/common_math/manifest.l
Symlinking /home/k21066336/tiago_public_ws/devel/share/roseus/ros/common_math/srv/TfTransform.l
Symlinking /home/k21066336/tiago_public_ws/devel/share/gennodejs/ros/common_math/_index.js
Symlinking /home/k21066336/tiago_public_ws/devel/share/gennodejs/ros/common_math/srv/_index.js
Symlinking /home/k21066336/tiago_public_ws/devel/share/gennodejs/ros/common_math/srv/TfTransform.js
Symlinking /home/k21066336/tiago_public_ws/devel/share/common_math/cmake/common_math-msg-extras.cmake
Symlinking /home/k21066336/tiago_public_ws/devel/share/common_math/cmake/common_mathConfig-version.cmake
Symlinking /home/k21066336/tiago_public_ws/devel/share/common_math/cmake/common_mathConfig.cmake
Symlinking /home/k21066336/tiago_public_ws/devel/share/common_math/cmake/common_math-msg-paths.cmake
Symlinking /home/k21066336/tiago_public_ws/devel/share/common-lisp/ros/common_math/srv/TfTransform.lisp
Symlinking /home/k21066336/tiago_public_ws/devel/share/common-lisp/ros/common_math/srv/common_math-srv.asd
Symlinking /home/k21066336/tiago_public_ws/devel/share/common-lisp/ros/common_math/srv/_package_TfTransform.lisp
Symlinking /home/k21066336/tiago_public_ws/devel/share/common-lisp/ros/common_math/srv/_package.lisp
Symlinking /home/k21066336/tiago_public_ws/devel/lib/python3/dist-packages/common_math/__init__.py
Symlinking /home/k21066336/tiago_public_ws/devel/lib/python3/dist-packages/common_math/srv/_TfTransform.py
Symlinking /home/k21066336/tiago_public_ws/devel/lib/python3/dist-packages/common_math/srv/__init__.py
Symlinking /home/k21066336/tiago_public_ws/devel/lib/pkgconfig/common_math.pc
Symlinking /home/k21066336/tiago_public_ws/devel/include/common_math/TfTransform.h
Symlinking /home/k21066336/tiago_public_ws/devel/include/common_math/TfTransformRequest.h
Symlinking /home/k21066336/tiago_public_ws/devel/include/common_math/TfTransformResponse.h
