[35m[1mScanning dependencies of target geometry_msgs_generate_messages_eus[0m
[35m[1mScanning dependencies of target sensor_msgs_generate_messages_eus[0m
[35m[1mScanning dependencies of target _common_math_generate_messages_check_deps_TfTransform[0m
[35m[1mScanning dependencies of target actionlib_msgs_generate_messages_eus[0m
[35m[1mScanning dependencies of target sensor_msgs_generate_messages_lisp[0m
[35m[1mScanning dependencies of target geometry_msgs_generate_messages_lisp[0m
[35m[1mScanning dependencies of target std_msgs_generate_messages_lisp[0m
[35m[1mScanning dependencies of target std_msgs_generate_messages_eus[0m
[35m[1mScanning dependencies of target geometry_msgs_generate_messages_cpp[0m
[35m[1mScanning dependencies of target geometry_msgs_generate_messages_py[0m
[35m[1mScanning dependencies of target actionlib_msgs_generate_messages_nodejs[0m
[35m[1mScanning dependencies of target actionlib_msgs_generate_messages_cpp[0m
[35m[1mScanning dependencies of target actionlib_msgs_generate_messages_py[0m
[35m[1mScanning dependencies of target std_msgs_generate_messages_py[0m
[35m[1mScanning dependencies of target actionlib_msgs_generate_messages_lisp[0m
[35m[1mScanning dependencies of target std_msgs_generate_messages_nodejs[0m
[35m[1mScanning dependencies of target sensor_msgs_generate_messages_nodejs[0m
[35m[1mScanning dependencies of target sensor_msgs_generate_messages_py[0m
[35m[1mScanning dependencies of target sensor_msgs_generate_messages_cpp[0m
[35m[1mScanning dependencies of target geometry_msgs_generate_messages_nodejs[0m
[35m[1mScanning dependencies of target std_msgs_generate_messages_cpp[0m
[  0%] Built target sensor_msgs_generate_messages_eus
[  0%] Built target std_msgs_generate_messages_lisp
[  0%] Built target actionlib_msgs_generate_messages_eus
[  0%] Built target geometry_msgs_generate_messages_cpp
[  0%] Built target sensor_msgs_generate_messages_lisp
[  0%] Built target geometry_msgs_generate_messages_eus
[  0%] Built target actionlib_msgs_generate_messages_py
[  0%] Built target geometry_msgs_generate_messages_lisp
[  0%] Built target std_msgs_generate_messages_eus
[  0%] Built target geometry_msgs_generate_messages_py
[  0%] Built target actionlib_msgs_generate_messages_nodejs
[  0%] Built target std_msgs_generate_messages_cpp
[  0%] Built target std_msgs_generate_messages_py
[  0%] Built target std_msgs_generate_messages_nodejs
[  0%] Built target actionlib_msgs_generate_messages_cpp
[  0%] Built target sensor_msgs_generate_messages_py
[  0%] Built target actionlib_msgs_generate_messages_lisp
[  0%] Built target geometry_msgs_generate_messages_nodejs
[  0%] Built target sensor_msgs_generate_messages_nodejs
[  0%] Built target sensor_msgs_generate_messages_cpp
[  0%] Built target _common_math_generate_messages_check_deps_TfTransform
[35m[1mScanning dependencies of target common_math_generate_messages_cpp[0m
[35m[1mScanning dependencies of target common_math_generate_messages_eus[0m
[35m[1mScanning dependencies of target common_math_generate_messages_nodejs[0m
[35m[1mScanning dependencies of target common_math_generate_messages_lisp[0m
[35m[1mScanning dependencies of target common_math_generate_messages_py[0m
[ 85%] [34m[1mGenerating Javascript code from common_math/TfTransform.srv[0m
[ 85%] [34m[1mGenerating C++ code from common_math/TfTransform.srv[0m
[ 85%] [34m[1mGenerating Python code from SRV common_math/TfTransform[0m
[ 85%] [34m[1mGenerating Lisp code from common_math/TfTransform.srv[0m
[ 85%] [34m[1mGenerating EusLisp manifest code for common_math[0m
[ 85%] [34m[1mGenerating EusLisp code from common_math/TfTransform.srv[0m
[ 85%] Built target common_math_generate_messages_nodejs
[ 85%] Built target common_math_generate_messages_lisp
[100%] [34m[1mGenerating Python srv __init__.py for common_math[0m
[100%] Built target common_math_generate_messages_cpp
[100%] Built target common_math_generate_messages_py
[100%] Built target common_math_generate_messages_eus
[35m[1mScanning dependencies of target common_math_generate_messages[0m
[100%] Built target common_math_generate_messages
