Linked: (/home/k21066336/tiago_public_ws/devel/.private/common_math/share/common_math/cmake/common_mathConfig-version.cmake, /home/k21066336/tiago_public_ws/devel/share/common_math/cmake/common_mathConfig-version.cmake)
Linked: (/home/k21066336/tiago_public_ws/devel/.private/common_math/share/common_math/cmake/common_math-msg-paths.cmake, /home/k21066336/tiago_public_ws/devel/share/common_math/cmake/common_math-msg-paths.cmake)
Linked: (/home/k21066336/tiago_public_ws/devel/.private/common_math/share/common_math/cmake/common_mathConfig.cmake, /home/k21066336/tiago_public_ws/devel/share/common_math/cmake/common_mathConfig.cmake)
Linked: (/home/k21066336/tiago_public_ws/devel/.private/common_math/share/common_math/cmake/common_math-msg-extras.cmake, /home/k21066336/tiago_public_ws/devel/share/common_math/cmake/common_math-msg-extras.cmake)
Linked: (/home/k21066336/tiago_public_ws/devel/.private/common_math/share/common-lisp/ros/common_math/srv/_package_TfTransform.lisp, /home/k21066336/tiago_public_ws/devel/share/common-lisp/ros/common_math/srv/_package_TfTransform.lisp)
Linked: (/home/k21066336/tiago_public_ws/devel/.private/common_math/share/common-lisp/ros/common_math/srv/TfTransform.lisp, /home/k21066336/tiago_public_ws/devel/share/common-lisp/ros/common_math/srv/TfTransform.lisp)
Linked: (/home/k21066336/tiago_public_ws/devel/.private/common_math/share/common-lisp/ros/common_math/srv/_package.lisp, /home/k21066336/tiago_public_ws/devel/share/common-lisp/ros/common_math/srv/_package.lisp)
Linked: (/home/k21066336/tiago_public_ws/devel/.private/common_math/share/common-lisp/ros/common_math/srv/common_math-srv.asd, /home/k21066336/tiago_public_ws/devel/share/common-lisp/ros/common_math/srv/common_math-srv.asd)
Linked: (/home/k21066336/tiago_public_ws/devel/.private/common_math/share/gennodejs/ros/common_math/_index.js, /home/k21066336/tiago_public_ws/devel/share/gennodejs/ros/common_math/_index.js)
Linked: (/home/k21066336/tiago_public_ws/devel/.private/common_math/share/gennodejs/ros/common_math/srv/_index.js, /home/k21066336/tiago_public_ws/devel/share/gennodejs/ros/common_math/srv/_index.js)
Linked: (/home/k21066336/tiago_public_ws/devel/.private/common_math/share/gennodejs/ros/common_math/srv/TfTransform.js, /home/k21066336/tiago_public_ws/devel/share/gennodejs/ros/common_math/srv/TfTransform.js)
Linked: (/home/k21066336/tiago_public_ws/devel/.private/common_math/share/roseus/ros/common_math/manifest.l, /home/k21066336/tiago_public_ws/devel/share/roseus/ros/common_math/manifest.l)
Linked: (/home/k21066336/tiago_public_ws/devel/.private/common_math/share/roseus/ros/common_math/srv/TfTransform.l, /home/k21066336/tiago_public_ws/devel/share/roseus/ros/common_math/srv/TfTransform.l)
Linked: (/home/k21066336/tiago_public_ws/devel/.private/common_math/lib/pkgconfig/common_math.pc, /home/k21066336/tiago_public_ws/devel/lib/pkgconfig/common_math.pc)
Linked: (/home/k21066336/tiago_public_ws/devel/.private/common_math/lib/python3/dist-packages/common_math/__init__.py, /home/k21066336/tiago_public_ws/devel/lib/python3/dist-packages/common_math/__init__.py)
Linked: (/home/k21066336/tiago_public_ws/devel/.private/common_math/lib/python3/dist-packages/common_math/srv/__init__.py, /home/k21066336/tiago_public_ws/devel/lib/python3/dist-packages/common_math/srv/__init__.py)
Linked: (/home/k21066336/tiago_public_ws/devel/.private/common_math/lib/python3/dist-packages/common_math/srv/_TfTransform.py, /home/k21066336/tiago_public_ws/devel/lib/python3/dist-packages/common_math/srv/_TfTransform.py)
Linked: (/home/k21066336/tiago_public_ws/devel/.private/common_math/include/common_math/TfTransformResponse.h, /home/k21066336/tiago_public_ws/devel/include/common_math/TfTransformResponse.h)
Linked: (/home/k21066336/tiago_public_ws/devel/.private/common_math/include/common_math/TfTransform.h, /home/k21066336/tiago_public_ws/devel/include/common_math/TfTransform.h)
Linked: (/home/k21066336/tiago_public_ws/devel/.private/common_math/include/common_math/TfTransformRequest.h, /home/k21066336/tiago_public_ws/devel/include/common_math/TfTransformRequest.h)
